------------------------------------------------------------------------------------------------------------------------

[2025-05-05 13:35:50 #1 store] 
Database 'C:\Users\saeze\eclipse-workspace\kirol4ALL\src\main\resources\rides.temp' is opened by 12232@LAPTOP-VVQ3CHDH

[2025-05-05 13:35:50 #2 type.registry] 
New type domain.Driver

[2025-05-05 13:35:50 #3 type] 
Type domain.Driver is not enhanced.

[2025-05-05 13:35:50 #4 type.registry] 
New type domain.Ride

[2025-05-05 13:35:50 #5 type] 
Type domain.Ride is not enhanced.

[2025-05-05 13:35:50 #6 type.registry] 
New type java.util.Vector<java.lang.Object>

[2025-05-05 13:35:50 #7 type.registry] 
New type java.util.Vector<domain.Ride>

------------------------------------------------------------------------------------------------------------------------

[2025-05-05 16:16:00 #1 store] 
Database 'C:\Users\saeze\eclipse-workspace\kirol4ALL\src\main\resources\rides.temp' is opened by 10100@LAPTOP-VVQ3CHDH

[2025-05-05 16:16:00 #2 type.registry] 
New type domain.Driver

[2025-05-05 16:16:00 #3 type] 
Type domain.Driver is not enhanced.

[2025-05-05 16:16:00 #4 type.registry] 
New type domain.Ride

[2025-05-05 16:16:00 #5 type] 
Type domain.Ride is not enhanced.

[2025-05-05 16:16:00 #6 type.registry] 
New type java.util.Vector<java.lang.Object>

[2025-05-05 16:16:00 #7 type.registry] 
New type java.util.Vector<domain.Ride>

------------------------------------------------------------------------------------------------------------------------

[2025-05-05 16:16:53 #1 store] 
Database 'C:\Users\saeze\eclipse-workspace\kirol4ALL\src\main\resources\rides.temp' is opened by 14332@LAPTOP-VVQ3CHDH

[2025-05-05 16:16:53 #2 type.registry] 
New type domain.Driver

[2025-05-05 16:16:53 #3 type] 
Type domain.Driver is not enhanced.

[2025-05-05 16:16:53 #4 type.registry] 
New type domain.Ride

[2025-05-05 16:16:53 #5 type] 
Type domain.Ride is not enhanced.

[2025-05-05 16:16:53 #6 type.registry] 
New type java.util.Vector<java.lang.Object>

[2025-05-05 16:16:53 #7 type.registry] 
New type java.util.Vector<domain.Ride>

------------------------------------------------------------------------------------------------------------------------

[2025-05-05 16:20:02 #1 store] 
Database 'C:\Users\saeze\eclipse-workspace\kirol4ALL\src\main\resources\rides.temp' is opened by 8860@LAPTOP-VVQ3CHDH

[2025-05-05 16:20:02 #2 type.registry] 
New type domain.Driver

[2025-05-05 16:20:03 #3 type] 
Type domain.Driver is not enhanced.

[2025-05-05 16:20:03 #4 type.registry] 
New type domain.Ride

[2025-05-05 16:20:03 #5 type] 
Type domain.Ride is not enhanced.

[2025-05-05 16:20:03 #6 type.registry] 
New type java.util.Vector<java.lang.Object>

[2025-05-05 16:20:03 #7 type.registry] 
New type java.util.Vector<domain.Ride>

