------------------------------------------------------------------------------------------------------------------------

[2025-05-08 00:00:20 #1 store] 
Database 'C:\Users\saeze\eclipse-workspace\kirol4ALL\src\main\resources\rides.temp' is opened by 15832@LAPTOP-VVQ3CHDH

[2025-05-08 00:00:20 #2 type.registry] 
New type domain.User

[2025-05-08 00:00:20 #3 type.registry] 
New type domain.Member

[2025-05-08 00:00:20 #4 type] 
Type domain.User is not enhanced.

[2025-05-08 00:00:20 #5 type] 
Type domain.Member is not enhanced.

[2025-05-08 00:00:20 #6 type.registry] 
New type domain.Manager

[2025-05-08 00:00:20 #7 type] 
Type domain.Manager is not enhanced.

------------------------------------------------------------------------------------------------------------------------

[2025-05-08 00:02:04 #1 store] 
Database 'C:\Users\saeze\eclipse-workspace\kirol4ALL\src\main\resources\rides.temp' is opened by 8436@LAPTOP-VVQ3CHDH

[2025-05-08 00:02:04 #2 type.registry] 
New type domain.User

[2025-05-08 00:02:04 #3 type.registry] 
New type domain.Member

[2025-05-08 00:02:04 #4 type] 
Type domain.User is not enhanced.

[2025-05-08 00:02:04 #5 type] 
Type domain.Member is not enhanced.

[2025-05-08 00:02:04 #6 type.registry] 
New type domain.Manager

[2025-05-08 00:02:04 #7 type] 
Type domain.Manager is not enhanced.

------------------------------------------------------------------------------------------------------------------------

[2025-05-08 00:09:32 #1 store] 
Database 'C:\Users\saeze\eclipse-workspace\kirol4ALL\src\main\resources\rides.temp' is opened by 25592@LAPTOP-VVQ3CHDH

[2025-05-08 00:09:32 #2 type.registry] 
New type domain.User

[2025-05-08 00:09:32 #3 type.registry] 
New type domain.Member

[2025-05-08 00:09:32 #4 type] 
Type domain.User is not enhanced.

[2025-05-08 00:09:32 #5 type] 
Type domain.Member is not enhanced.

[2025-05-08 00:09:32 #6 type.registry] 
New type domain.Manager

[2025-05-08 00:09:32 #7 type] 
Type domain.Manager is not enhanced.

------------------------------------------------------------------------------------------------------------------------

[2025-05-08 00:10:19 #1 store] 
Database 'C:\Users\saeze\eclipse-workspace\kirol4ALL\src\main\resources\rides.temp' is opened by 23308@LAPTOP-VVQ3CHDH

[2025-05-08 00:10:19 #2 type.registry] 
New type domain.User

[2025-05-08 00:10:19 #3 type.registry] 
New type domain.Member

[2025-05-08 00:10:19 #4 type] 
Type domain.User is not enhanced.

[2025-05-08 00:10:19 #5 type] 
Type domain.Member is not enhanced.

[2025-05-08 00:10:19 #6 type.registry] 
New type domain.Manager

[2025-05-08 00:10:19 #7 type] 
Type domain.Manager is not enhanced.

------------------------------------------------------------------------------------------------------------------------

[2025-05-08 00:11:36 #1 store] 
Database 'C:\Users\saeze\eclipse-workspace\kirol4ALL\src\main\resources\rides.temp' is opened by 17412@LAPTOP-VVQ3CHDH

[2025-05-08 00:11:36 #2 type.registry] 
New type domain.User

[2025-05-08 00:11:36 #3 type.registry] 
New type domain.Member

[2025-05-08 00:11:36 #4 type] 
Type domain.User is not enhanced.

[2025-05-08 00:11:36 #5 type] 
Type domain.Member is not enhanced.

[2025-05-08 00:11:36 #6 type.registry] 
New type domain.Manager

[2025-05-08 00:11:36 #7 type] 
Type domain.Manager is not enhanced.

------------------------------------------------------------------------------------------------------------------------

[2025-05-08 00:14:20 #1 store] 
Database 'C:\Users\saeze\eclipse-workspace\kirol4ALL\src\main\resources\rides.temp' is opened by 25852@LAPTOP-VVQ3CHDH

[2025-05-08 00:14:20 #2 type.registry] 
New type domain.User

[2025-05-08 00:14:20 #3 type.registry] 
New type domain.Member

[2025-05-08 00:14:20 #4 type] 
Type domain.User is not enhanced.

[2025-05-08 00:14:20 #5 type] 
Type domain.Member is not enhanced.

[2025-05-08 00:14:20 #6 type.registry] 
New type domain.Manager

[2025-05-08 00:14:20 #7 type] 
Type domain.Manager is not enhanced.

------------------------------------------------------------------------------------------------------------------------

[2025-05-08 00:14:55 #1 store] 
Database 'C:\Users\saeze\eclipse-workspace\kirol4ALL\src\main\resources\rides.temp' is opened by 23408@LAPTOP-VVQ3CHDH

[2025-05-08 00:14:55 #2 type.registry] 
New type domain.User

[2025-05-08 00:14:55 #3 type.registry] 
New type domain.Member

[2025-05-08 00:14:55 #4 type] 
Type domain.User is not enhanced.

[2025-05-08 00:14:55 #5 type] 
Type domain.Member is not enhanced.

[2025-05-08 00:14:55 #6 type.registry] 
New type domain.Manager

[2025-05-08 00:14:55 #7 type] 
Type domain.Manager is not enhanced.

------------------------------------------------------------------------------------------------------------------------

[2025-05-08 00:17:28 #1 store] 
Database 'C:\Users\saeze\eclipse-workspace\kirol4ALL\src\main\resources\rides.temp' is opened by 26424@LAPTOP-VVQ3CHDH

[2025-05-08 00:17:28 #2 type.registry] 
New type domain.User

[2025-05-08 00:17:28 #3 type.registry] 
New type domain.Member

[2025-05-08 00:17:29 #4 type] 
Type domain.User is not enhanced.

[2025-05-08 00:17:29 #5 type] 
Type domain.Member is not enhanced.

[2025-05-08 00:17:29 #6 type.registry] 
New type domain.Manager

[2025-05-08 00:17:29 #7 type] 
Type domain.Manager is not enhanced.

------------------------------------------------------------------------------------------------------------------------

[2025-05-08 10:35:57 #1 store] 
Database 'C:\Users\saeze\eclipse-workspace\kirol4ALL\src\main\resources\rides.temp' is opened by 23484@LAPTOP-VVQ3CHDH

[2025-05-08 10:35:57 #2 type.registry] 
New type domain.User

[2025-05-08 10:35:57 #3 type.registry] 
New type domain.Member

[2025-05-08 10:35:57 #4 type] 
Type domain.User is not enhanced.

[2025-05-08 10:35:57 #5 type] 
Type domain.Member is not enhanced.

[2025-05-08 10:35:57 #6 type.registry] 
New type domain.Manager

[2025-05-08 10:35:57 #7 type] 
Type domain.Manager is not enhanced.

[2025-05-08 10:35:57 #8 type.registry] 
New type domain.Activity

[2025-05-08 10:35:58 #9 type.registry] 
New type domain.Session

------------------------------------------------------------------------------------------------------------------------

[2025-05-08 10:43:00 #1 store] 
Database 'C:\Users\saeze\eclipse-workspace\kirol4ALL\src\main\resources\rides.temp' is opened by 27500@LAPTOP-VVQ3CHDH

[2025-05-08 10:43:00 #2 type.registry] 
New type domain.User

[2025-05-08 10:43:00 #3 type.registry] 
New type domain.Member

[2025-05-08 10:43:00 #4 type] 
Type domain.User is not enhanced.

[2025-05-08 10:43:00 #5 type] 
Type domain.Member is not enhanced.

[2025-05-08 10:43:00 #6 type.registry] 
New type domain.Manager

[2025-05-08 10:43:00 #7 type] 
Type domain.Manager is not enhanced.

[2025-05-08 10:43:00 #8 type.registry] 
New type domain.Activity

[2025-05-08 10:43:00 #9 type] 
Type domain.Activity is not enhanced.

[2025-05-08 10:43:01 #10 type.registry] 
New type domain.Session

------------------------------------------------------------------------------------------------------------------------

[2025-05-08 10:49:10 #1 store] 
Database 'C:\Users\saeze\eclipse-workspace\kirol4ALL\src\main\resources\rides.temp' is opened by 25400@LAPTOP-VVQ3CHDH

[2025-05-08 10:49:10 #2 type.registry] 
New type domain.User

[2025-05-08 10:49:10 #3 type.registry] 
New type domain.Member

[2025-05-08 10:49:10 #4 type] 
Type domain.User is not enhanced.

[2025-05-08 10:49:10 #5 type] 
Type domain.Member is not enhanced.

[2025-05-08 10:49:10 #6 type.registry] 
New type domain.Manager

[2025-05-08 10:49:10 #7 type] 
Type domain.Manager is not enhanced.

[2025-05-08 10:49:10 #8 type.registry] 
New type domain.Activity

[2025-05-08 10:49:10 #9 type] 
Type domain.Activity is not enhanced.

[2025-05-08 10:49:11 #10 type.registry] 
New type domain.Session

------------------------------------------------------------------------------------------------------------------------

[2025-05-08 10:55:42 #1 store] 
Database 'C:\Users\saeze\eclipse-workspace\kirol4ALL\src\main\resources\rides.temp' is opened by 2864@LAPTOP-VVQ3CHDH

[2025-05-08 10:55:43 #2 type.registry] 
New type domain.User

[2025-05-08 10:55:43 #3 type.registry] 
New type domain.Member

[2025-05-08 10:55:43 #4 type] 
Type domain.User is not enhanced.

[2025-05-08 10:55:43 #5 type] 
Type domain.Member is not enhanced.

[2025-05-08 10:55:43 #6 type.registry] 
New type domain.Manager

[2025-05-08 10:55:43 #7 type] 
Type domain.Manager is not enhanced.

[2025-05-08 10:55:43 #8 type.registry] 
New type domain.Activity

[2025-05-08 10:55:43 #9 type] 
Type domain.Activity is not enhanced.

[2025-05-08 10:55:43 #10 type.registry] 
New type domain.Session

[2025-05-08 10:55:43 #11 type] 
Type domain.Session is not enhanced.

[2025-05-08 10:55:43 #12 type.registry] 
New type domain.Reservation

------------------------------------------------------------------------------------------------------------------------

[2025-05-08 11:00:43 #1 store] 
Database 'C:\Users\saeze\eclipse-workspace\kirol4ALL\src\main\resources\rides.temp' is opened by 3932@LAPTOP-VVQ3CHDH

[2025-05-08 11:00:43 #2 type.registry] 
New type domain.User

[2025-05-08 11:00:43 #3 type.registry] 
New type domain.Member

[2025-05-08 11:00:43 #4 type] 
Type domain.User is not enhanced.

[2025-05-08 11:00:43 #5 type] 
Type domain.Member is not enhanced.

[2025-05-08 11:00:43 #6 type.registry] 
New type domain.Manager

[2025-05-08 11:00:43 #7 type] 
Type domain.Manager is not enhanced.

[2025-05-08 11:00:43 #8 type.registry] 
New type domain.Activity

[2025-05-08 11:00:43 #9 type] 
Type domain.Activity is not enhanced.

[2025-05-08 11:00:44 #10 type.registry] 
New type domain.Session

[2025-05-08 11:00:44 #11 type] 
Type domain.Session is not enhanced.

[2025-05-08 11:00:44 #12 type.registry] 
New type domain.Reservation

------------------------------------------------------------------------------------------------------------------------

[2025-05-08 11:03:21 #1 store] 
Database 'C:\Users\saeze\eclipse-workspace\kirol4ALL\src\main\resources\rides.temp' is opened by 24840@LAPTOP-VVQ3CHDH

[2025-05-08 11:03:21 #2 type.registry] 
New type domain.User

[2025-05-08 11:03:21 #3 type.registry] 
New type domain.Member

[2025-05-08 11:03:21 #4 type] 
Type domain.User is not enhanced.

[2025-05-08 11:03:21 #5 type] 
Type domain.Member is not enhanced.

[2025-05-08 11:03:21 #6 type.registry] 
New type domain.Manager

[2025-05-08 11:03:21 #7 type] 
Type domain.Manager is not enhanced.

[2025-05-08 11:03:21 #8 type.registry] 
New type domain.Activity

[2025-05-08 11:03:21 #9 type] 
Type domain.Activity is not enhanced.

[2025-05-08 11:03:21 #10 type.registry] 
New type domain.Session

[2025-05-08 11:03:21 #11 type] 
Type domain.Session is not enhanced.

[2025-05-08 11:03:21 #12 type.registry] 
New type domain.Reservation

------------------------------------------------------------------------------------------------------------------------

[2025-05-08 11:03:55 #1 store] 
Database 'C:\Users\saeze\eclipse-workspace\kirol4ALL\src\main\resources\rides.temp' is opened by 27360@LAPTOP-VVQ3CHDH

[2025-05-08 11:03:55 #2 type.registry] 
New type domain.User

[2025-05-08 11:03:55 #3 type.registry] 
New type domain.Member

[2025-05-08 11:03:55 #4 type] 
Type domain.User is not enhanced.

[2025-05-08 11:03:55 #5 type] 
Type domain.Member is not enhanced.

[2025-05-08 11:03:55 #6 type.registry] 
New type domain.Manager

[2025-05-08 11:03:55 #7 type] 
Type domain.Manager is not enhanced.

[2025-05-08 11:03:55 #8 type.registry] 
New type domain.Activity

[2025-05-08 11:03:55 #9 type] 
Type domain.Activity is not enhanced.

[2025-05-08 11:03:55 #10 type.registry] 
New type domain.Session

[2025-05-08 11:03:55 #11 type] 
Type domain.Session is not enhanced.

[2025-05-08 11:03:55 #12 type.registry] 
New type domain.Reservation

------------------------------------------------------------------------------------------------------------------------

[2025-05-08 11:04:15 #1 store] 
Database 'C:\Users\saeze\eclipse-workspace\kirol4ALL\src\main\resources\rides.temp' is opened by 24856@LAPTOP-VVQ3CHDH

[2025-05-08 11:04:16 #2 type.registry] 
New type domain.User

[2025-05-08 11:04:16 #3 type.registry] 
New type domain.Member

[2025-05-08 11:04:16 #4 type] 
Type domain.User is not enhanced.

[2025-05-08 11:04:16 #5 type] 
Type domain.Member is not enhanced.

[2025-05-08 11:04:16 #6 type.registry] 
New type domain.Manager

[2025-05-08 11:04:16 #7 type] 
Type domain.Manager is not enhanced.

[2025-05-08 11:04:16 #8 type.registry] 
New type domain.Activity

[2025-05-08 11:04:16 #9 type] 
Type domain.Activity is not enhanced.

[2025-05-08 11:04:16 #10 type.registry] 
New type domain.Session

[2025-05-08 11:04:16 #11 type] 
Type domain.Session is not enhanced.

[2025-05-08 11:04:16 #12 type.registry] 
New type domain.Reservation

[2025-05-08 11:04:16 #13 type.registry] 
New type java.util.ArrayList<java.lang.Object>

[2025-05-08 11:04:16 #14 type.registry] 
New type java.util.ArrayList<domain.Reservation>

------------------------------------------------------------------------------------------------------------------------

[2025-05-08 12:03:03 #1 store] 
Database 'C:\Users\saeze\eclipse-workspace\kirol4ALL\src\main\resources\rides.temp' is opened by 24972@LAPTOP-VVQ3CHDH

[2025-05-08 12:03:03 #2 type.registry] 
New type domain.User

[2025-05-08 12:03:03 #3 type.registry] 
New type domain.Member

[2025-05-08 12:03:03 #4 type] 
Type domain.User is not enhanced.

[2025-05-08 12:03:03 #5 type] 
Type domain.Member is not enhanced.

[2025-05-08 12:03:03 #6 type.registry] 
New type domain.Manager

[2025-05-08 12:03:03 #7 type] 
Type domain.Manager is not enhanced.

[2025-05-08 12:03:03 #8 type.registry] 
New type domain.Activity

[2025-05-08 12:03:03 #9 type] 
Type domain.Activity is not enhanced.

[2025-05-08 12:03:03 #10 type.registry] 
New type domain.Session

[2025-05-08 12:03:03 #11 type] 
Type domain.Session is not enhanced.

[2025-05-08 12:03:03 #12 type.registry] 
New type domain.Reservation

[2025-05-08 12:03:03 #13 type.registry] 
New type java.util.ArrayList<java.lang.Object>

[2025-05-08 12:03:03 #14 type.registry] 
New type java.util.ArrayList<domain.Reservation>

------------------------------------------------------------------------------------------------------------------------

[2025-05-08 12:04:54 #1 store] 
Database 'C:\Users\saeze\eclipse-workspace\kirol4ALL\src\main\resources\rides.temp' is opened by 10584@LAPTOP-VVQ3CHDH

[2025-05-08 12:04:54 #2 type.registry] 
New type domain.User

[2025-05-08 12:04:54 #3 type.registry] 
New type domain.Member

[2025-05-08 12:04:54 #4 type] 
Type domain.User is not enhanced.

[2025-05-08 12:04:54 #5 type] 
Type domain.Member is not enhanced.

[2025-05-08 12:04:54 #6 type.registry] 
New type domain.Manager

[2025-05-08 12:04:54 #7 type] 
Type domain.Manager is not enhanced.

[2025-05-08 12:04:54 #8 type.registry] 
New type domain.Activity

[2025-05-08 12:04:54 #9 type] 
Type domain.Activity is not enhanced.

[2025-05-08 12:04:54 #10 type.registry] 
New type domain.Session

[2025-05-08 12:04:54 #11 type] 
Type domain.Session is not enhanced.

[2025-05-08 12:04:54 #12 type.registry] 
New type domain.Reservation

[2025-05-08 12:04:54 #13 type.registry] 
New type java.util.ArrayList<java.lang.Object>

[2025-05-08 12:04:54 #14 type.registry] 
New type java.util.ArrayList<domain.Reservation>

------------------------------------------------------------------------------------------------------------------------

[2025-05-08 12:09:56 #1 store] 
Database 'C:\Users\saeze\eclipse-workspace\kirol4ALL\src\main\resources\rides.temp' is opened by 2200@LAPTOP-VVQ3CHDH

[2025-05-08 12:09:56 #2 type.registry] 
New type domain.User

[2025-05-08 12:09:56 #3 type.registry] 
New type domain.Member

[2025-05-08 12:09:56 #4 type] 
Type domain.User is not enhanced.

[2025-05-08 12:09:56 #5 type] 
Type domain.Member is not enhanced.

[2025-05-08 12:09:56 #6 type.registry] 
New type domain.Manager

[2025-05-08 12:09:56 #7 type] 
Type domain.Manager is not enhanced.

[2025-05-08 12:09:56 #8 type.registry] 
New type domain.Activity

[2025-05-08 12:09:56 #9 type] 
Type domain.Activity is not enhanced.

[2025-05-08 12:09:56 #10 type.registry] 
New type domain.Session

[2025-05-08 12:09:56 #11 type] 
Type domain.Session is not enhanced.

[2025-05-08 12:09:56 #12 type.registry] 
New type domain.Reservation

[2025-05-08 12:09:56 #13 type.registry] 
New type java.util.ArrayList<java.lang.Object>

[2025-05-08 12:09:56 #14 type.registry] 
New type java.util.ArrayList<domain.Reservation>

------------------------------------------------------------------------------------------------------------------------

[2025-05-08 12:10:24 #1 store] 
Database 'C:\Users\saeze\eclipse-workspace\kirol4ALL\src\main\resources\rides.temp' is opened by 9736@LAPTOP-VVQ3CHDH

[2025-05-08 12:10:24 #2 type.registry] 
New type domain.User

[2025-05-08 12:10:24 #3 type.registry] 
New type domain.Member

[2025-05-08 12:10:24 #4 type] 
Type domain.User is not enhanced.

[2025-05-08 12:10:24 #5 type] 
Type domain.Member is not enhanced.

[2025-05-08 12:10:24 #6 type.registry] 
New type domain.Manager

[2025-05-08 12:10:24 #7 type] 
Type domain.Manager is not enhanced.

[2025-05-08 12:10:24 #8 type.registry] 
New type domain.Activity

[2025-05-08 12:10:24 #9 type] 
Type domain.Activity is not enhanced.

[2025-05-08 12:10:24 #10 type.registry] 
New type domain.Session

[2025-05-08 12:10:24 #11 type] 
Type domain.Session is not enhanced.

[2025-05-08 12:10:24 #12 type.registry] 
New type domain.Reservation

[2025-05-08 12:10:24 #13 type.registry] 
New type java.util.ArrayList<java.lang.Object>

[2025-05-08 12:10:24 #14 type.registry] 
New type java.util.ArrayList<domain.Reservation>

------------------------------------------------------------------------------------------------------------------------

[2025-05-08 12:14:37 #1 store] 
Database 'C:\Users\saeze\eclipse-workspace\kirol4ALL\src\main\resources\rides.temp' is opened by 25816@LAPTOP-VVQ3CHDH

[2025-05-08 12:14:38 #2 type.registry] 
New type domain.User

[2025-05-08 12:14:38 #3 type.registry] 
New type domain.Member

[2025-05-08 12:14:38 #4 type] 
Type domain.User is not enhanced.

[2025-05-08 12:14:38 #5 type] 
Type domain.Member is not enhanced.

[2025-05-08 12:14:38 #6 type.registry] 
New type domain.Manager

[2025-05-08 12:14:38 #7 type] 
Type domain.Manager is not enhanced.

[2025-05-08 12:14:38 #8 type.registry] 
New type domain.Activity

[2025-05-08 12:14:38 #9 type] 
Type domain.Activity is not enhanced.

[2025-05-08 12:14:38 #10 type.registry] 
New type domain.Session

[2025-05-08 12:14:38 #11 type] 
Type domain.Session is not enhanced.

[2025-05-08 12:14:38 #12 type.registry] 
New type domain.Reservation

[2025-05-08 12:14:38 #13 type.registry] 
New type java.util.ArrayList<java.lang.Object>

[2025-05-08 12:14:38 #14 type.registry] 
New type java.util.ArrayList<domain.Reservation>

------------------------------------------------------------------------------------------------------------------------

[2025-05-08 12:20:23 #1 store] 
Database 'C:\Users\saeze\eclipse-workspace\kirol4ALL\src\main\resources\rides.temp' is opened by 9436@LAPTOP-VVQ3CHDH

[2025-05-08 12:20:24 #2 type.registry] 
New type domain.User

[2025-05-08 12:20:24 #3 type.registry] 
New type domain.Member

[2025-05-08 12:20:24 #4 type] 
Type domain.User is not enhanced.

[2025-05-08 12:20:24 #5 type] 
Type domain.Member is not enhanced.

[2025-05-08 12:20:24 #6 type.registry] 
New type domain.Manager

[2025-05-08 12:20:24 #7 type] 
Type domain.Manager is not enhanced.

[2025-05-08 12:20:24 #8 type.registry] 
New type domain.Activity

[2025-05-08 12:20:24 #9 type] 
Type domain.Activity is not enhanced.

[2025-05-08 12:20:24 #10 type.registry] 
New type domain.Session

[2025-05-08 12:20:24 #11 type] 
Type domain.Session is not enhanced.

[2025-05-08 12:20:24 #12 type.registry] 
New type domain.Reservation

[2025-05-08 12:20:24 #13 type.registry] 
New type java.util.ArrayList<java.lang.Object>

[2025-05-08 12:20:24 #14 type.registry] 
New type java.util.ArrayList<domain.Reservation>

------------------------------------------------------------------------------------------------------------------------

[2025-05-08 13:10:50 #1 store] 
Database 'C:\Users\saeze\eclipse-workspace\kirol4ALL\src\main\resources\rides.temp' is opened by 27824@LAPTOP-VVQ3CHDH

[2025-05-08 13:10:50 #2 type.registry] 
New type domain.User

[2025-05-08 13:10:50 #3 type.registry] 
New type domain.Member

[2025-05-08 13:10:50 #4 type] 
Type domain.User is not enhanced.

[2025-05-08 13:10:50 #5 type] 
Type domain.Member is not enhanced.

[2025-05-08 13:10:50 #6 type.registry] 
New type domain.Manager

[2025-05-08 13:10:50 #7 type] 
Type domain.Manager is not enhanced.

[2025-05-08 13:10:50 #8 type.registry] 
New type domain.Activity

[2025-05-08 13:10:50 #9 type] 
Type domain.Activity is not enhanced.

[2025-05-08 13:10:50 #10 type.registry] 
New type domain.Session

[2025-05-08 13:10:50 #11 type] 
Type domain.Session is not enhanced.

[2025-05-08 13:10:50 #12 type.registry] 
New type domain.Reservation

[2025-05-08 13:10:50 #13 type.registry] 
New type java.util.ArrayList<java.lang.Object>

[2025-05-08 13:10:50 #14 type.registry] 
New type java.util.ArrayList<domain.Reservation>

------------------------------------------------------------------------------------------------------------------------

[2025-05-08 13:19:56 #1 store] 
Database 'C:\Users\saeze\eclipse-workspace\kirol4ALL\src\main\resources\rides.temp' is opened by 10320@LAPTOP-VVQ3CHDH

[2025-05-08 13:19:56 #2 type.registry] 
New type domain.User

[2025-05-08 13:19:56 #3 type.registry] 
New type domain.Member

[2025-05-08 13:19:56 #4 type] 
Type domain.User is not enhanced.

[2025-05-08 13:19:56 #5 type] 
Type domain.Member is not enhanced.

[2025-05-08 13:19:56 #6 type.registry] 
New type domain.Manager

[2025-05-08 13:19:56 #7 type] 
Type domain.Manager is not enhanced.

[2025-05-08 13:19:56 #8 type.registry] 
New type domain.Activity

[2025-05-08 13:19:56 #9 type] 
Type domain.Activity is not enhanced.

[2025-05-08 13:19:56 #10 type.registry] 
New type domain.Session

[2025-05-08 13:19:56 #11 type] 
Type domain.Session is not enhanced.

[2025-05-08 13:19:56 #12 type.registry] 
New type domain.Reservation

[2025-05-08 13:19:56 #13 type.registry] 
New type java.util.ArrayList<java.lang.Object>

[2025-05-08 13:19:56 #14 type.registry] 
New type java.util.ArrayList<domain.Reservation>

------------------------------------------------------------------------------------------------------------------------

[2025-05-08 13:28:47 #1 store] 
Database 'C:\Users\saeze\eclipse-workspace\kirol4ALL\src\main\resources\rides.temp' is opened by 28608@LAPTOP-VVQ3CHDH

[2025-05-08 13:28:48 #2 type.registry] 
New type domain.User

[2025-05-08 13:28:48 #3 type.registry] 
New type domain.Member

[2025-05-08 13:28:48 #4 type] 
Type domain.User is not enhanced.

[2025-05-08 13:28:48 #5 type] 
Type domain.Member is not enhanced.

[2025-05-08 13:28:48 #6 type.registry] 
New type domain.Manager

[2025-05-08 13:28:48 #7 type] 
Type domain.Manager is not enhanced.

[2025-05-08 13:28:48 #8 type.registry] 
New type domain.Activity

[2025-05-08 13:28:48 #9 type] 
Type domain.Activity is not enhanced.

[2025-05-08 13:28:48 #10 type.registry] 
New type domain.Session

[2025-05-08 13:28:48 #11 type] 
Type domain.Session is not enhanced.

[2025-05-08 13:28:48 #12 type.registry] 
New type domain.Reservation

[2025-05-08 13:28:48 #13 type.registry] 
New type java.util.ArrayList<java.lang.Object>

[2025-05-08 13:28:48 #14 type.registry] 
New type java.util.ArrayList<domain.Reservation>

------------------------------------------------------------------------------------------------------------------------

[2025-05-08 13:32:50 #1 store] 
Database 'C:\Users\saeze\eclipse-workspace\kirol4ALL\src\main\resources\rides.temp' is opened by 27840@LAPTOP-VVQ3CHDH

[2025-05-08 13:32:50 #2 type.registry] 
New type domain.User

[2025-05-08 13:32:50 #3 type.registry] 
New type domain.Member

[2025-05-08 13:32:50 #4 type] 
Type domain.User is not enhanced.

[2025-05-08 13:32:50 #5 type] 
Type domain.Member is not enhanced.

[2025-05-08 13:32:50 #6 type.registry] 
New type domain.Manager

[2025-05-08 13:32:50 #7 type] 
Type domain.Manager is not enhanced.

[2025-05-08 13:32:50 #8 type.registry] 
New type domain.Activity

[2025-05-08 13:32:50 #9 type] 
Type domain.Activity is not enhanced.

[2025-05-08 13:32:50 #10 type.registry] 
New type domain.Session

[2025-05-08 13:32:50 #11 type] 
Type domain.Session is not enhanced.

[2025-05-08 13:32:50 #12 type.registry] 
New type domain.Reservation

[2025-05-08 13:32:50 #13 type.registry] 
New type java.util.ArrayList<java.lang.Object>

[2025-05-08 13:32:50 #14 type.registry] 
New type java.util.ArrayList<domain.Reservation>

------------------------------------------------------------------------------------------------------------------------

[2025-05-08 13:36:23 #1 store] 
Database 'C:\Users\saeze\eclipse-workspace\kirol4ALL\src\main\resources\rides.temp' is opened by 18744@LAPTOP-VVQ3CHDH

[2025-05-08 13:36:23 #2 type.registry] 
New type domain.User

[2025-05-08 13:36:23 #3 type.registry] 
New type domain.Member

[2025-05-08 13:36:23 #4 type] 
Type domain.User is not enhanced.

[2025-05-08 13:36:23 #5 type] 
Type domain.Member is not enhanced.

[2025-05-08 13:36:23 #6 type.registry] 
New type domain.Manager

[2025-05-08 13:36:23 #7 type] 
Type domain.Manager is not enhanced.

[2025-05-08 13:36:23 #8 type.registry] 
New type domain.Activity

[2025-05-08 13:36:23 #9 type] 
Type domain.Activity is not enhanced.

[2025-05-08 13:36:23 #10 type.registry] 
New type domain.Session

[2025-05-08 13:36:23 #11 type] 
Type domain.Session is not enhanced.

[2025-05-08 13:36:23 #12 type.registry] 
New type domain.Reservation

[2025-05-08 13:36:23 #13 type.registry] 
New type java.util.ArrayList<java.lang.Object>

[2025-05-08 13:36:23 #14 type.registry] 
New type java.util.ArrayList<domain.Reservation>

------------------------------------------------------------------------------------------------------------------------

[2025-05-08 13:47:15 #1 store] 
Database 'C:\Users\saeze\eclipse-workspace\kirol4ALL\src\main\resources\rides.temp' is opened by 26860@LAPTOP-VVQ3CHDH

[2025-05-08 13:47:15 #2 type.registry] 
New type domain.User

[2025-05-08 13:47:15 #3 type.registry] 
New type domain.Member

[2025-05-08 13:47:15 #4 type] 
Type domain.User is not enhanced.

[2025-05-08 13:47:15 #5 type] 
Type domain.Member is not enhanced.

[2025-05-08 13:47:15 #6 type.registry] 
New type domain.Manager

[2025-05-08 13:47:15 #7 type] 
Type domain.Manager is not enhanced.

[2025-05-08 13:47:15 #8 type.registry] 
New type domain.Activity

[2025-05-08 13:47:15 #9 type] 
Type domain.Activity is not enhanced.

[2025-05-08 13:47:15 #10 type.registry] 
New type domain.Session

[2025-05-08 13:47:15 #11 type] 
Type domain.Session is not enhanced.

[2025-05-08 13:47:15 #12 type.registry] 
New type domain.Reservation

[2025-05-08 13:47:16 #13 type.registry] 
New type java.util.ArrayList<java.lang.Object>

[2025-05-08 13:47:16 #14 type.registry] 
New type java.util.ArrayList<domain.Reservation>

------------------------------------------------------------------------------------------------------------------------

[2025-05-08 13:47:27 #1 store] 
Database 'C:\Users\saeze\eclipse-workspace\kirol4ALL\src\main\resources\rides.temp' is opened by 24432@LAPTOP-VVQ3CHDH

[2025-05-08 13:47:27 #2 type.registry] 
New type domain.User

[2025-05-08 13:47:27 #3 type.registry] 
New type domain.Member

[2025-05-08 13:47:27 #4 type] 
Type domain.User is not enhanced.

[2025-05-08 13:47:27 #5 type] 
Type domain.Member is not enhanced.

[2025-05-08 13:47:27 #6 type.registry] 
New type domain.Manager

[2025-05-08 13:47:27 #7 type] 
Type domain.Manager is not enhanced.

[2025-05-08 13:47:27 #8 type.registry] 
New type domain.Activity

[2025-05-08 13:47:27 #9 type] 
Type domain.Activity is not enhanced.

[2025-05-08 13:47:27 #10 type.registry] 
New type domain.Session

[2025-05-08 13:47:27 #11 type] 
Type domain.Session is not enhanced.

[2025-05-08 13:47:27 #12 type.registry] 
New type domain.Reservation

[2025-05-08 13:47:27 #13 type.registry] 
New type java.util.ArrayList<java.lang.Object>

[2025-05-08 13:47:27 #14 type.registry] 
New type java.util.ArrayList<domain.Reservation>

------------------------------------------------------------------------------------------------------------------------

[2025-05-08 13:47:54 #1 store] 
Database 'C:\Users\saeze\eclipse-workspace\kirol4ALL\src\main\resources\rides.temp' is opened by 20332@LAPTOP-VVQ3CHDH

[2025-05-08 13:47:54 #2 type.registry] 
New type domain.User

[2025-05-08 13:47:54 #3 type.registry] 
New type domain.Member

[2025-05-08 13:47:54 #4 type] 
Type domain.User is not enhanced.

[2025-05-08 13:47:54 #5 type] 
Type domain.Member is not enhanced.

[2025-05-08 13:47:54 #6 type.registry] 
New type domain.Manager

[2025-05-08 13:47:54 #7 type] 
Type domain.Manager is not enhanced.

[2025-05-08 13:47:54 #8 type.registry] 
New type domain.Activity

[2025-05-08 13:47:54 #9 type] 
Type domain.Activity is not enhanced.

[2025-05-08 13:47:54 #10 type.registry] 
New type domain.Session

[2025-05-08 13:47:54 #11 type] 
Type domain.Session is not enhanced.

[2025-05-08 13:47:54 #12 type.registry] 
New type domain.Reservation

[2025-05-08 13:47:54 #13 type.registry] 
New type java.util.ArrayList<java.lang.Object>

[2025-05-08 13:47:54 #14 type.registry] 
New type java.util.ArrayList<domain.Reservation>

------------------------------------------------------------------------------------------------------------------------

[2025-05-08 14:32:02 #1 store] 
Database 'C:\Users\saeze\eclipse-workspace\kirol4ALL\src\main\resources\rides.temp' is opened by 25572@LAPTOP-VVQ3CHDH

[2025-05-08 14:32:02 #2 type.registry] 
New type domain.User

[2025-05-08 14:32:02 #3 type.registry] 
New type domain.Member

[2025-05-08 14:32:02 #4 type] 
Type domain.User is not enhanced.

[2025-05-08 14:32:02 #5 type] 
Type domain.Member is not enhanced.

[2025-05-08 14:32:02 #6 type.registry] 
New type domain.Manager

[2025-05-08 14:32:02 #7 type] 
Type domain.Manager is not enhanced.

[2025-05-08 14:32:02 #8 type.registry] 
New type domain.Activity

[2025-05-08 14:32:02 #9 type] 
Type domain.Activity is not enhanced.

[2025-05-08 14:32:02 #10 type.registry] 
New type domain.Session

[2025-05-08 14:32:02 #11 type] 
Type domain.Session is not enhanced.

[2025-05-08 14:32:02 #12 type.registry] 
New type domain.Reservation

[2025-05-08 14:32:02 #13 type.registry] 
New type java.util.ArrayList<java.lang.Object>

[2025-05-08 14:32:02 #14 type.registry] 
New type java.util.ArrayList<domain.Reservation>

------------------------------------------------------------------------------------------------------------------------

[2025-05-08 14:32:49 #1 store] 
Database 'C:\Users\saeze\eclipse-workspace\kirol4ALL\src\main\resources\rides.temp' is opened by 18276@LAPTOP-VVQ3CHDH

[2025-05-08 14:32:49 #2 type.registry] 
New type domain.User

[2025-05-08 14:32:49 #3 type.registry] 
New type domain.Member

[2025-05-08 14:32:49 #4 type] 
Type domain.User is not enhanced.

[2025-05-08 14:32:49 #5 type] 
Type domain.Member is not enhanced.

[2025-05-08 14:32:49 #6 type.registry] 
New type domain.Manager

[2025-05-08 14:32:49 #7 type] 
Type domain.Manager is not enhanced.

[2025-05-08 14:32:49 #8 type.registry] 
New type domain.Activity

[2025-05-08 14:32:49 #9 type] 
Type domain.Activity is not enhanced.

[2025-05-08 14:32:49 #10 type.registry] 
New type domain.Session

[2025-05-08 14:32:49 #11 type] 
Type domain.Session is not enhanced.

[2025-05-08 14:32:49 #12 type.registry] 
New type domain.Reservation

[2025-05-08 14:32:49 #13 type.registry] 
New type java.util.ArrayList<java.lang.Object>

[2025-05-08 14:32:49 #14 type.registry] 
New type java.util.ArrayList<domain.Reservation>

