------------------------------------------------------------------------------------------------------------------------

[2025-05-14 00:17:46 #1 store] 
Database 'C:\Users\saeze\eclipse-workspace\kirol4ALL\src\main\resources\rides.temp' is opened by 52252@LAPTOP-VVQ3CHDH

[2025-05-14 00:17:46 #2 type.registry] 
New type domain.Room

[2025-05-14 00:17:46 #3 type] 
Type domain.Room is not enhanced.

[2025-05-14 00:17:46 #4 type.registry] 
New type domain.User

[2025-05-14 00:17:46 #5 type.registry] 
New type domain.Member

[2025-05-14 00:17:46 #6 type] 
Type domain.User is not enhanced.

[2025-05-14 00:17:46 #7 type] 
Type domain.Member is not enhanced.

[2025-05-14 00:17:46 #8 type.registry] 
New type domain.Manager

[2025-05-14 00:17:46 #9 type] 
Type domain.Manager is not enhanced.

[2025-05-14 00:17:46 #10 type.registry] 
New type domain.Activity

[2025-05-14 00:17:46 #11 type] 
Type domain.Activity is not enhanced.

[2025-05-14 00:17:46 #12 type.registry] 
New type domain.Session

[2025-05-14 00:17:46 #13 type] 
Type domain.Session is not enhanced.

[2025-05-14 00:17:46 #14 type.registry] 
New type domain.Reservation

[2025-05-14 00:17:46 #15 type] 
Type domain.Reservation is not enhanced.

[2025-05-14 00:17:46 #16 type.registry] 
New type java.util.ArrayList<java.lang.Object>

[2025-05-14 00:17:46 #17 type.registry] 
New type java.util.ArrayList<domain.Reservation>

------------------------------------------------------------------------------------------------------------------------

[2025-05-14 00:19:12 #1 store] 
Database 'C:\Users\saeze\eclipse-workspace\kirol4ALL\src\main\resources\rides.temp' is opened by 62992@LAPTOP-VVQ3CHDH

[2025-05-14 00:19:12 #2 type.registry] 
New type domain.Room

[2025-05-14 00:19:12 #3 type] 
Type domain.Room is not enhanced.

[2025-05-14 00:19:12 #4 type.registry] 
New type domain.User

[2025-05-14 00:19:12 #5 type.registry] 
New type domain.Member

[2025-05-14 00:19:12 #6 type] 
Type domain.User is not enhanced.

[2025-05-14 00:19:12 #7 type] 
Type domain.Member is not enhanced.

[2025-05-14 00:19:12 #8 type.registry] 
New type domain.Manager

[2025-05-14 00:19:12 #9 type] 
Type domain.Manager is not enhanced.

[2025-05-14 00:19:12 #10 type.registry] 
New type domain.Activity

[2025-05-14 00:19:12 #11 type] 
Type domain.Activity is not enhanced.

[2025-05-14 00:19:13 #12 type.registry] 
New type domain.Session

[2025-05-14 00:19:13 #13 type] 
Type domain.Session is not enhanced.

[2025-05-14 00:19:13 #14 type.registry] 
New type domain.Reservation

[2025-05-14 00:19:13 #15 type] 
Type domain.Reservation is not enhanced.

[2025-05-14 00:19:13 #16 type.registry] 
New type java.util.ArrayList<java.lang.Object>

[2025-05-14 00:19:13 #17 type.registry] 
New type java.util.ArrayList<domain.Reservation>

------------------------------------------------------------------------------------------------------------------------

[2025-05-14 00:23:15 #1 store] 
Database 'C:\Users\saeze\eclipse-workspace\kirol4ALL\src\main\resources\rides.temp' is opened by 57064@LAPTOP-VVQ3CHDH

[2025-05-14 00:23:15 #2 type.registry] 
New type domain.Room

[2025-05-14 00:23:15 #3 type] 
Type domain.Room is not enhanced.

[2025-05-14 00:23:15 #4 type.registry] 
New type domain.User

[2025-05-14 00:23:15 #5 type.registry] 
New type domain.Member

[2025-05-14 00:23:15 #6 type] 
Type domain.User is not enhanced.

[2025-05-14 00:23:15 #7 type] 
Type domain.Member is not enhanced.

[2025-05-14 00:23:15 #8 type.registry] 
New type domain.Manager

[2025-05-14 00:23:15 #9 type] 
Type domain.Manager is not enhanced.

[2025-05-14 00:23:15 #10 type.registry] 
New type domain.Activity

[2025-05-14 00:23:15 #11 type] 
Type domain.Activity is not enhanced.

[2025-05-14 00:23:15 #12 type.registry] 
New type domain.Session

[2025-05-14 00:23:15 #13 type] 
Type domain.Session is not enhanced.

[2025-05-14 00:23:15 #14 type.registry] 
New type domain.Reservation

[2025-05-14 00:23:15 #15 type] 
Type domain.Reservation is not enhanced.

[2025-05-14 00:23:15 #16 type.registry] 
New type java.util.ArrayList<java.lang.Object>

[2025-05-14 00:23:15 #17 type.registry] 
New type java.util.ArrayList<domain.Reservation>

------------------------------------------------------------------------------------------------------------------------

[2025-05-14 00:29:35 #1 store] 
Database 'C:\Users\saeze\eclipse-workspace\kirol4ALL\src\main\resources\rides.temp' is opened by 65288@LAPTOP-VVQ3CHDH

[2025-05-14 00:29:35 #2 type.registry] 
New type domain.Room

[2025-05-14 00:29:35 #3 type] 
Type domain.Room is not enhanced.

[2025-05-14 00:29:36 #4 type.registry] 
New type domain.User

[2025-05-14 00:29:36 #5 type.registry] 
New type domain.Member

[2025-05-14 00:29:36 #6 type] 
Type domain.User is not enhanced.

[2025-05-14 00:29:36 #7 type] 
Type domain.Member is not enhanced.

[2025-05-14 00:29:36 #8 type.registry] 
New type domain.Manager

[2025-05-14 00:29:36 #9 type] 
Type domain.Manager is not enhanced.

[2025-05-14 00:29:36 #10 type.registry] 
New type domain.Activity

[2025-05-14 00:29:36 #11 type] 
Type domain.Activity is not enhanced.

[2025-05-14 00:29:36 #12 type.registry] 
New type domain.Session

[2025-05-14 00:29:36 #13 type] 
Type domain.Session is not enhanced.

[2025-05-14 00:29:36 #14 type.registry] 
New type domain.Reservation

[2025-05-14 00:29:36 #15 type] 
Type domain.Reservation is not enhanced.

[2025-05-14 00:29:36 #16 type.registry] 
New type java.util.ArrayList<java.lang.Object>

[2025-05-14 00:29:36 #17 type.registry] 
New type java.util.ArrayList<domain.Reservation>

------------------------------------------------------------------------------------------------------------------------

[2025-05-14 00:33:20 #1 store] 
Database 'C:\Users\saeze\eclipse-workspace\kirol4ALL\src\main\resources\rides.temp' is opened by 64096@LAPTOP-VVQ3CHDH

[2025-05-14 00:33:20 #2 type.registry] 
New type domain.Room

[2025-05-14 00:33:20 #3 type] 
Type domain.Room is not enhanced.

[2025-05-14 00:33:20 #4 type.registry] 
New type domain.User

[2025-05-14 00:33:20 #5 type.registry] 
New type domain.Member

[2025-05-14 00:33:20 #6 type] 
Type domain.User is not enhanced.

[2025-05-14 00:33:20 #7 type] 
Type domain.Member is not enhanced.

[2025-05-14 00:33:20 #8 type.registry] 
New type domain.Manager

[2025-05-14 00:33:20 #9 type] 
Type domain.Manager is not enhanced.

[2025-05-14 00:33:20 #10 type.registry] 
New type domain.Activity

[2025-05-14 00:33:20 #11 type] 
Type domain.Activity is not enhanced.

[2025-05-14 00:33:20 #12 type.registry] 
New type domain.Session

[2025-05-14 00:33:20 #13 type] 
Type domain.Session is not enhanced.

[2025-05-14 00:33:20 #14 type.registry] 
New type domain.Reservation

[2025-05-14 00:33:20 #15 type] 
Type domain.Reservation is not enhanced.

[2025-05-14 00:33:20 #16 type.registry] 
New type java.util.ArrayList<java.lang.Object>

[2025-05-14 00:33:20 #17 type.registry] 
New type java.util.ArrayList<domain.Reservation>

------------------------------------------------------------------------------------------------------------------------

[2025-05-14 00:34:28 #1 store] 
Database 'C:\Users\saeze\eclipse-workspace\kirol4ALL\src\main\resources\rides.temp' is opened by 61816@LAPTOP-VVQ3CHDH

[2025-05-14 00:34:28 #2 type.registry] 
New type domain.Room

[2025-05-14 00:34:28 #3 type] 
Type domain.Room is not enhanced.

[2025-05-14 00:34:28 #4 type.registry] 
New type domain.User

[2025-05-14 00:34:28 #5 type.registry] 
New type domain.Member

[2025-05-14 00:34:28 #6 type] 
Type domain.User is not enhanced.

[2025-05-14 00:34:28 #7 type] 
Type domain.Member is not enhanced.

[2025-05-14 00:34:28 #8 type.registry] 
New type domain.Manager

[2025-05-14 00:34:28 #9 type] 
Type domain.Manager is not enhanced.

[2025-05-14 00:34:28 #10 type.registry] 
New type domain.Activity

[2025-05-14 00:34:28 #11 type] 
Type domain.Activity is not enhanced.

[2025-05-14 00:34:28 #12 type.registry] 
New type domain.Session

[2025-05-14 00:34:28 #13 type] 
Type domain.Session is not enhanced.

[2025-05-14 00:34:28 #14 type.registry] 
New type domain.Reservation

[2025-05-14 00:34:28 #15 type] 
Type domain.Reservation is not enhanced.

[2025-05-14 00:34:28 #16 type.registry] 
New type java.util.ArrayList<java.lang.Object>

[2025-05-14 00:34:28 #17 type.registry] 
New type java.util.ArrayList<domain.Reservation>

------------------------------------------------------------------------------------------------------------------------

[2025-05-14 00:36:01 #1 store] 
Database 'C:\Users\saeze\eclipse-workspace\kirol4ALL\src\main\resources\rides.temp' is opened by 64892@LAPTOP-VVQ3CHDH

[2025-05-14 00:36:01 #2 type.registry] 
New type domain.Room

[2025-05-14 00:36:01 #3 type] 
Type domain.Room is not enhanced.

[2025-05-14 00:36:01 #4 type.registry] 
New type domain.User

[2025-05-14 00:36:01 #5 type.registry] 
New type domain.Member

[2025-05-14 00:36:01 #6 type] 
Type domain.User is not enhanced.

[2025-05-14 00:36:01 #7 type] 
Type domain.Member is not enhanced.

[2025-05-14 00:36:01 #8 type.registry] 
New type domain.Manager

[2025-05-14 00:36:01 #9 type] 
Type domain.Manager is not enhanced.

[2025-05-14 00:36:01 #10 type.registry] 
New type domain.Activity

[2025-05-14 00:36:01 #11 type] 
Type domain.Activity is not enhanced.

[2025-05-14 00:36:01 #12 type.registry] 
New type domain.Session

[2025-05-14 00:36:01 #13 type] 
Type domain.Session is not enhanced.

[2025-05-14 00:36:01 #14 type.registry] 
New type domain.Reservation

[2025-05-14 00:36:01 #15 type] 
Type domain.Reservation is not enhanced.

[2025-05-14 00:36:01 #16 type.registry] 
New type java.util.ArrayList<java.lang.Object>

[2025-05-14 00:36:01 #17 type.registry] 
New type java.util.ArrayList<domain.Reservation>

------------------------------------------------------------------------------------------------------------------------

[2025-05-14 00:39:30 #1 store] 
Database 'C:\Users\saeze\eclipse-workspace\kirol4ALL\src\main\resources\rides.temp' is opened by 63292@LAPTOP-VVQ3CHDH

[2025-05-14 00:39:31 #2 type.registry] 
New type domain.Room

[2025-05-14 00:39:31 #3 type] 
Type domain.Room is not enhanced.

[2025-05-14 00:39:31 #4 type.registry] 
New type domain.User

[2025-05-14 00:39:31 #5 type.registry] 
New type domain.Member

[2025-05-14 00:39:31 #6 type] 
Type domain.User is not enhanced.

[2025-05-14 00:39:31 #7 type] 
Type domain.Member is not enhanced.

[2025-05-14 00:39:31 #8 type.registry] 
New type domain.Manager

[2025-05-14 00:39:31 #9 type] 
Type domain.Manager is not enhanced.

[2025-05-14 00:39:31 #10 type.registry] 
New type domain.Activity

[2025-05-14 00:39:31 #11 type] 
Type domain.Activity is not enhanced.

[2025-05-14 00:39:31 #12 type.registry] 
New type domain.Session

[2025-05-14 00:39:31 #13 type] 
Type domain.Session is not enhanced.

[2025-05-14 00:39:31 #14 type.registry] 
New type domain.Reservation

[2025-05-14 00:39:31 #15 type] 
Type domain.Reservation is not enhanced.

[2025-05-14 00:39:31 #16 type.registry] 
New type java.util.ArrayList<java.lang.Object>

[2025-05-14 00:39:31 #17 type.registry] 
New type java.util.ArrayList<domain.Reservation>

------------------------------------------------------------------------------------------------------------------------

[2025-05-14 00:42:06 #1 store] 
Database 'C:\Users\saeze\eclipse-workspace\kirol4ALL\src\main\resources\rides.temp' is opened by 62084@LAPTOP-VVQ3CHDH

[2025-05-14 00:42:06 #2 type.registry] 
New type domain.Room

[2025-05-14 00:42:06 #3 type] 
Type domain.Room is not enhanced.

[2025-05-14 00:42:06 #4 type.registry] 
New type domain.User

[2025-05-14 00:42:06 #5 type.registry] 
New type domain.Member

[2025-05-14 00:42:06 #6 type] 
Type domain.User is not enhanced.

[2025-05-14 00:42:06 #7 type] 
Type domain.Member is not enhanced.

[2025-05-14 00:42:06 #8 type.registry] 
New type domain.Manager

[2025-05-14 00:42:06 #9 type] 
Type domain.Manager is not enhanced.

[2025-05-14 00:42:06 #10 type.registry] 
New type domain.Activity

[2025-05-14 00:42:06 #11 type] 
Type domain.Activity is not enhanced.

[2025-05-14 00:42:06 #12 type.registry] 
New type domain.Session

[2025-05-14 00:42:06 #13 type] 
Type domain.Session is not enhanced.

[2025-05-14 00:42:06 #14 type.registry] 
New type domain.Reservation

[2025-05-14 00:42:06 #15 type] 
Type domain.Reservation is not enhanced.

[2025-05-14 00:42:06 #16 type.registry] 
New type java.util.ArrayList<java.lang.Object>

[2025-05-14 00:42:06 #17 type.registry] 
New type java.util.ArrayList<domain.Reservation>

------------------------------------------------------------------------------------------------------------------------

[2025-05-14 00:43:41 #1 store] 
Database 'C:\Users\saeze\eclipse-workspace\kirol4ALL\src\main\resources\rides.temp' is opened by 1516@LAPTOP-VVQ3CHDH

[2025-05-14 00:43:41 #2 type.registry] 
New type domain.Room

[2025-05-14 00:43:41 #3 type] 
Type domain.Room is not enhanced.

[2025-05-14 00:43:41 #4 type.registry] 
New type domain.User

[2025-05-14 00:43:41 #5 type.registry] 
New type domain.Member

[2025-05-14 00:43:41 #6 type] 
Type domain.User is not enhanced.

[2025-05-14 00:43:41 #7 type] 
Type domain.Member is not enhanced.

[2025-05-14 00:43:41 #8 type.registry] 
New type domain.Manager

[2025-05-14 00:43:41 #9 type] 
Type domain.Manager is not enhanced.

[2025-05-14 00:43:41 #10 type.registry] 
New type domain.Activity

[2025-05-14 00:43:41 #11 type] 
Type domain.Activity is not enhanced.

[2025-05-14 00:43:41 #12 type.registry] 
New type domain.Session

[2025-05-14 00:43:41 #13 type] 
Type domain.Session is not enhanced.

[2025-05-14 00:43:41 #14 type.registry] 
New type domain.Reservation

[2025-05-14 00:43:41 #15 type] 
Type domain.Reservation is not enhanced.

[2025-05-14 00:43:41 #16 type.registry] 
New type java.util.ArrayList<java.lang.Object>

[2025-05-14 00:43:41 #17 type.registry] 
New type java.util.ArrayList<domain.Reservation>

------------------------------------------------------------------------------------------------------------------------

[2025-05-14 00:47:38 #1 store] 
Database 'C:\Users\saeze\eclipse-workspace\kirol4ALL\src\main\resources\rides.temp' is opened by 59356@LAPTOP-VVQ3CHDH

[2025-05-14 00:47:38 #2 type.registry] 
New type domain.Room

[2025-05-14 00:47:38 #3 type] 
Type domain.Room is not enhanced.

[2025-05-14 00:47:38 #4 type.registry] 
New type domain.User

[2025-05-14 00:47:38 #5 type.registry] 
New type domain.Member

[2025-05-14 00:47:38 #6 type] 
Type domain.User is not enhanced.

[2025-05-14 00:47:38 #7 type] 
Type domain.Member is not enhanced.

[2025-05-14 00:47:38 #8 type.registry] 
New type domain.Manager

[2025-05-14 00:47:38 #9 type] 
Type domain.Manager is not enhanced.

[2025-05-14 00:47:38 #10 type.registry] 
New type domain.Activity

[2025-05-14 00:47:38 #11 type] 
Type domain.Activity is not enhanced.

[2025-05-14 00:47:38 #12 type.registry] 
New type domain.Session

[2025-05-14 00:47:38 #13 type] 
Type domain.Session is not enhanced.

[2025-05-14 00:47:38 #14 type.registry] 
New type domain.Reservation

[2025-05-14 00:47:38 #15 type] 
Type domain.Reservation is not enhanced.

[2025-05-14 00:47:38 #16 type.registry] 
New type java.util.ArrayList<java.lang.Object>

[2025-05-14 00:47:38 #17 type.registry] 
New type java.util.ArrayList<domain.Reservation>

------------------------------------------------------------------------------------------------------------------------

[2025-05-14 00:55:40 #1 store] 
Database 'C:\Users\saeze\eclipse-workspace\kirol4ALL\src\main\resources\rides.temp' is opened by 52320@LAPTOP-VVQ3CHDH

[2025-05-14 00:55:41 #2 type.registry] 
New type domain.Room

[2025-05-14 00:55:41 #3 type] 
Type domain.Room is not enhanced.

[2025-05-14 00:55:41 #4 type.registry] 
New type domain.User

[2025-05-14 00:55:41 #5 type.registry] 
New type domain.Member

[2025-05-14 00:55:41 #6 type] 
Type domain.User is not enhanced.

[2025-05-14 00:55:41 #7 type] 
Type domain.Member is not enhanced.

[2025-05-14 00:55:41 #8 type.registry] 
New type domain.Manager

[2025-05-14 00:55:41 #9 type] 
Type domain.Manager is not enhanced.

[2025-05-14 00:55:41 #10 type.registry] 
New type domain.Activity

[2025-05-14 00:55:41 #11 type] 
Type domain.Activity is not enhanced.

[2025-05-14 00:55:41 #12 type.registry] 
New type domain.Session

[2025-05-14 00:55:41 #13 type] 
Type domain.Session is not enhanced.

[2025-05-14 00:55:41 #14 type.registry] 
New type domain.Reservation

[2025-05-14 00:55:41 #15 type] 
Type domain.Reservation is not enhanced.

[2025-05-14 00:55:41 #16 type.registry] 
New type java.util.ArrayList<java.lang.Object>

[2025-05-14 00:55:41 #17 type.registry] 
New type java.util.ArrayList<domain.Reservation>

------------------------------------------------------------------------------------------------------------------------

[2025-05-14 01:02:08 #1 store] 
Database 'C:\Users\saeze\eclipse-workspace\kirol4ALL\src\main\resources\rides.temp' is opened by 3320@LAPTOP-VVQ3CHDH

[2025-05-14 01:02:08 #2 type.registry] 
New type domain.Room

[2025-05-14 01:02:08 #3 type] 
Type domain.Room is not enhanced.

[2025-05-14 01:02:08 #4 type.registry] 
New type domain.User

[2025-05-14 01:02:08 #5 type.registry] 
New type domain.Member

[2025-05-14 01:02:08 #6 type] 
Type domain.User is not enhanced.

[2025-05-14 01:02:08 #7 type] 
Type domain.Member is not enhanced.

[2025-05-14 01:02:08 #8 type.registry] 
New type domain.Manager

[2025-05-14 01:02:08 #9 type] 
Type domain.Manager is not enhanced.

[2025-05-14 01:02:08 #10 type.registry] 
New type domain.Activity

[2025-05-14 01:02:08 #11 type] 
Type domain.Activity is not enhanced.

[2025-05-14 01:02:08 #12 type.registry] 
New type domain.Session

[2025-05-14 01:02:08 #13 type] 
Type domain.Session is not enhanced.

[2025-05-14 01:02:08 #14 type.registry] 
New type domain.Reservation

[2025-05-14 01:02:08 #15 type] 
Type domain.Reservation is not enhanced.

[2025-05-14 01:02:08 #16 type.registry] 
New type java.util.ArrayList<java.lang.Object>

[2025-05-14 01:02:08 #17 type.registry] 
New type java.util.ArrayList<domain.Reservation>

------------------------------------------------------------------------------------------------------------------------

[2025-05-14 01:03:39 #1 store] 
Database 'C:\Users\saeze\eclipse-workspace\kirol4ALL\src\main\resources\rides.temp' is opened by 49348@LAPTOP-VVQ3CHDH

[2025-05-14 01:03:39 #2 type.registry] 
New type domain.Room

[2025-05-14 01:03:39 #3 type] 
Type domain.Room is not enhanced.

[2025-05-14 01:03:39 #4 type.registry] 
New type domain.User

[2025-05-14 01:03:39 #5 type.registry] 
New type domain.Member

[2025-05-14 01:03:39 #6 type] 
Type domain.User is not enhanced.

[2025-05-14 01:03:39 #7 type] 
Type domain.Member is not enhanced.

[2025-05-14 01:03:39 #8 type.registry] 
New type domain.Manager

[2025-05-14 01:03:39 #9 type] 
Type domain.Manager is not enhanced.

[2025-05-14 01:03:39 #10 type.registry] 
New type domain.Activity

[2025-05-14 01:03:39 #11 type] 
Type domain.Activity is not enhanced.

[2025-05-14 01:03:39 #12 type.registry] 
New type domain.Session

[2025-05-14 01:03:39 #13 type] 
Type domain.Session is not enhanced.

[2025-05-14 01:03:39 #14 type.registry] 
New type domain.Reservation

[2025-05-14 01:03:39 #15 type] 
Type domain.Reservation is not enhanced.

[2025-05-14 01:03:39 #16 type.registry] 
New type java.util.ArrayList<java.lang.Object>

[2025-05-14 01:03:39 #17 type.registry] 
New type java.util.ArrayList<domain.Reservation>

------------------------------------------------------------------------------------------------------------------------

[2025-05-14 01:05:01 #1 store] 
Database 'C:\Users\saeze\eclipse-workspace\kirol4ALL\src\main\resources\rides.temp' is opened by 36352@LAPTOP-VVQ3CHDH

[2025-05-14 01:05:01 #2 type.registry] 
New type domain.Room

[2025-05-14 01:05:01 #3 type] 
Type domain.Room is not enhanced.

[2025-05-14 01:05:01 #4 type.registry] 
New type domain.User

[2025-05-14 01:05:01 #5 type.registry] 
New type domain.Member

[2025-05-14 01:05:01 #6 type] 
Type domain.User is not enhanced.

[2025-05-14 01:05:01 #7 type] 
Type domain.Member is not enhanced.

[2025-05-14 01:05:01 #8 type.registry] 
New type domain.Manager

[2025-05-14 01:05:01 #9 type] 
Type domain.Manager is not enhanced.

[2025-05-14 01:05:01 #10 type.registry] 
New type domain.Activity

[2025-05-14 01:05:01 #11 type] 
Type domain.Activity is not enhanced.

[2025-05-14 01:05:01 #12 type.registry] 
New type domain.Session

[2025-05-14 01:05:01 #13 type] 
Type domain.Session is not enhanced.

[2025-05-14 01:05:01 #14 type.registry] 
New type domain.Reservation

[2025-05-14 01:05:01 #15 type] 
Type domain.Reservation is not enhanced.

[2025-05-14 01:05:01 #16 type.registry] 
New type java.util.ArrayList<java.lang.Object>

[2025-05-14 01:05:01 #17 type.registry] 
New type java.util.ArrayList<domain.Reservation>

------------------------------------------------------------------------------------------------------------------------

[2025-05-14 01:06:26 #1 store] 
Database 'C:\Users\saeze\eclipse-workspace\kirol4ALL\src\main\resources\rides.temp' is opened by 55248@LAPTOP-VVQ3CHDH

[2025-05-14 01:06:27 #2 type.registry] 
New type domain.Room

[2025-05-14 01:06:27 #3 type] 
Type domain.Room is not enhanced.

[2025-05-14 01:06:27 #4 type.registry] 
New type domain.User

[2025-05-14 01:06:27 #5 type.registry] 
New type domain.Member

[2025-05-14 01:06:27 #6 type] 
Type domain.User is not enhanced.

[2025-05-14 01:06:27 #7 type] 
Type domain.Member is not enhanced.

[2025-05-14 01:06:27 #8 type.registry] 
New type domain.Manager

[2025-05-14 01:06:27 #9 type] 
Type domain.Manager is not enhanced.

[2025-05-14 01:06:27 #10 type.registry] 
New type domain.Activity

[2025-05-14 01:06:27 #11 type] 
Type domain.Activity is not enhanced.

[2025-05-14 01:06:27 #12 type.registry] 
New type domain.Session

[2025-05-14 01:06:27 #13 type] 
Type domain.Session is not enhanced.

[2025-05-14 01:06:27 #14 type.registry] 
New type domain.Reservation

[2025-05-14 01:06:27 #15 type] 
Type domain.Reservation is not enhanced.

[2025-05-14 01:06:27 #16 type.registry] 
New type java.util.ArrayList<java.lang.Object>

[2025-05-14 01:06:27 #17 type.registry] 
New type java.util.ArrayList<domain.Reservation>

------------------------------------------------------------------------------------------------------------------------

[2025-05-14 01:09:34 #1 store] 
Database 'C:\Users\saeze\eclipse-workspace\kirol4ALL\src\main\resources\rides.temp' is opened by 62700@LAPTOP-VVQ3CHDH

[2025-05-14 01:09:34 #2 type.registry] 
New type domain.Room

[2025-05-14 01:09:34 #3 type] 
Type domain.Room is not enhanced.

[2025-05-14 01:09:34 #4 type.registry] 
New type domain.User

[2025-05-14 01:09:34 #5 type.registry] 
New type domain.Member

[2025-05-14 01:09:34 #6 type] 
Type domain.User is not enhanced.

[2025-05-14 01:09:34 #7 type] 
Type domain.Member is not enhanced.

[2025-05-14 01:09:34 #8 type.registry] 
New type domain.Manager

[2025-05-14 01:09:34 #9 type] 
Type domain.Manager is not enhanced.

[2025-05-14 01:09:34 #10 type.registry] 
New type domain.Activity

[2025-05-14 01:09:34 #11 type] 
Type domain.Activity is not enhanced.

[2025-05-14 01:09:34 #12 type.registry] 
New type domain.Session

[2025-05-14 01:09:34 #13 type] 
Type domain.Session is not enhanced.

[2025-05-14 01:09:34 #14 type.registry] 
New type domain.Reservation

[2025-05-14 01:09:34 #15 type] 
Type domain.Reservation is not enhanced.

[2025-05-14 01:09:34 #16 type.registry] 
New type java.util.ArrayList<java.lang.Object>

[2025-05-14 01:09:34 #17 type.registry] 
New type java.util.ArrayList<domain.Reservation>

------------------------------------------------------------------------------------------------------------------------

[2025-05-14 01:19:48 #1 store] 
Database 'C:\Users\saeze\eclipse-workspace\kirol4ALL\src\main\resources\rides.temp' is opened by 36352@LAPTOP-VVQ3CHDH

[2025-05-14 01:19:48 #2 type.registry] 
New type domain.Room

[2025-05-14 01:19:48 #3 type] 
Type domain.Room is not enhanced.

[2025-05-14 01:19:48 #4 type.registry] 
New type domain.User

[2025-05-14 01:19:48 #5 type.registry] 
New type domain.Member

[2025-05-14 01:19:48 #6 type] 
Type domain.User is not enhanced.

[2025-05-14 01:19:48 #7 type] 
Type domain.Member is not enhanced.

[2025-05-14 01:19:48 #8 type.registry] 
New type domain.Manager

[2025-05-14 01:19:48 #9 type] 
Type domain.Manager is not enhanced.

[2025-05-14 01:19:48 #10 type.registry] 
New type domain.Activity

[2025-05-14 01:19:48 #11 type] 
Type domain.Activity is not enhanced.

[2025-05-14 01:19:48 #12 type.registry] 
New type domain.Session

[2025-05-14 01:19:48 #13 type] 
Type domain.Session is not enhanced.

[2025-05-14 01:19:48 #14 type.registry] 
New type domain.Reservation

[2025-05-14 01:19:48 #15 type] 
Type domain.Reservation is not enhanced.

[2025-05-14 01:19:48 #16 type.registry] 
New type java.util.ArrayList<java.lang.Object>

[2025-05-14 01:19:48 #17 type.registry] 
New type java.util.ArrayList<domain.Reservation>

------------------------------------------------------------------------------------------------------------------------

[2025-05-14 01:22:10 #1 store] 
Database 'C:\Users\saeze\eclipse-workspace\kirol4ALL\src\main\resources\rides.temp' is opened by 53504@LAPTOP-VVQ3CHDH

[2025-05-14 01:22:10 #2 type.registry] 
New type domain.Room

[2025-05-14 01:22:10 #3 type] 
Type domain.Room is not enhanced.

[2025-05-14 01:22:10 #4 type.registry] 
New type domain.User

[2025-05-14 01:22:10 #5 type.registry] 
New type domain.Member

[2025-05-14 01:22:10 #6 type] 
Type domain.User is not enhanced.

[2025-05-14 01:22:10 #7 type] 
Type domain.Member is not enhanced.

[2025-05-14 01:22:10 #8 type.registry] 
New type domain.Manager

[2025-05-14 01:22:10 #9 type] 
Type domain.Manager is not enhanced.

[2025-05-14 01:22:10 #10 type.registry] 
New type domain.Activity

[2025-05-14 01:22:10 #11 type] 
Type domain.Activity is not enhanced.

[2025-05-14 01:22:10 #12 type.registry] 
New type domain.Session

[2025-05-14 01:22:10 #13 type] 
Type domain.Session is not enhanced.

[2025-05-14 01:22:10 #14 type.registry] 
New type domain.Reservation

[2025-05-14 01:22:10 #15 type] 
Type domain.Reservation is not enhanced.

[2025-05-14 01:22:10 #16 type.registry] 
New type java.util.ArrayList<java.lang.Object>

[2025-05-14 01:22:10 #17 type.registry] 
New type java.util.ArrayList<domain.Reservation>

------------------------------------------------------------------------------------------------------------------------

[2025-05-14 01:25:03 #1 store] 
Database 'C:\Users\saeze\eclipse-workspace\kirol4ALL\src\main\resources\rides.temp' is opened by 41748@LAPTOP-VVQ3CHDH

[2025-05-14 01:25:03 #2 type.registry] 
New type domain.Room

[2025-05-14 01:25:03 #3 type] 
Type domain.Room is not enhanced.

[2025-05-14 01:25:03 #4 type.registry] 
New type domain.User

[2025-05-14 01:25:03 #5 type.registry] 
New type domain.Member

[2025-05-14 01:25:03 #6 type] 
Type domain.User is not enhanced.

[2025-05-14 01:25:03 #7 type] 
Type domain.Member is not enhanced.

[2025-05-14 01:25:03 #8 type.registry] 
New type domain.Manager

[2025-05-14 01:25:03 #9 type] 
Type domain.Manager is not enhanced.

[2025-05-14 01:25:03 #10 type.registry] 
New type domain.Activity

[2025-05-14 01:25:03 #11 type] 
Type domain.Activity is not enhanced.

[2025-05-14 01:25:03 #12 type.registry] 
New type domain.Session

[2025-05-14 01:25:03 #13 type] 
Type domain.Session is not enhanced.

[2025-05-14 01:25:03 #14 type.registry] 
New type domain.Reservation

[2025-05-14 01:25:03 #15 type] 
Type domain.Reservation is not enhanced.

[2025-05-14 01:25:03 #16 type.registry] 
New type java.util.ArrayList<java.lang.Object>

[2025-05-14 01:25:03 #17 type.registry] 
New type java.util.ArrayList<domain.Reservation>

------------------------------------------------------------------------------------------------------------------------

[2025-05-14 01:26:45 #1 store] 
Database 'C:\Users\saeze\eclipse-workspace\kirol4ALL\src\main\resources\rides.temp' is opened by 53944@LAPTOP-VVQ3CHDH

[2025-05-14 01:26:45 #2 type.registry] 
New type domain.Room

[2025-05-14 01:26:45 #3 type] 
Type domain.Room is not enhanced.

[2025-05-14 01:26:45 #4 type.registry] 
New type domain.User

[2025-05-14 01:26:45 #5 type.registry] 
New type domain.Member

[2025-05-14 01:26:45 #6 type] 
Type domain.User is not enhanced.

[2025-05-14 01:26:45 #7 type] 
Type domain.Member is not enhanced.

[2025-05-14 01:26:45 #8 type.registry] 
New type domain.Manager

[2025-05-14 01:26:45 #9 type] 
Type domain.Manager is not enhanced.

[2025-05-14 01:26:45 #10 type.registry] 
New type domain.Activity

[2025-05-14 01:26:45 #11 type] 
Type domain.Activity is not enhanced.

[2025-05-14 01:26:45 #12 type.registry] 
New type domain.Session

[2025-05-14 01:26:45 #13 type] 
Type domain.Session is not enhanced.

[2025-05-14 01:26:45 #14 type.registry] 
New type domain.Reservation

[2025-05-14 01:26:45 #15 type] 
Type domain.Reservation is not enhanced.

[2025-05-14 01:26:45 #16 type.registry] 
New type java.util.ArrayList<java.lang.Object>

[2025-05-14 01:26:45 #17 type.registry] 
New type java.util.ArrayList<domain.Reservation>

------------------------------------------------------------------------------------------------------------------------

[2025-05-14 01:30:45 #1 store] 
Database 'C:\Users\saeze\eclipse-workspace\kirol4ALL\src\main\resources\rides.temp' is opened by 63864@LAPTOP-VVQ3CHDH

[2025-05-14 01:30:45 #2 type.registry] 
New type domain.Room

[2025-05-14 01:30:45 #3 type] 
Type domain.Room is not enhanced.

[2025-05-14 01:30:45 #4 type.registry] 
New type domain.User

[2025-05-14 01:30:45 #5 type.registry] 
New type domain.Member

[2025-05-14 01:30:45 #6 type] 
Type domain.User is not enhanced.

[2025-05-14 01:30:45 #7 type] 
Type domain.Member is not enhanced.

[2025-05-14 01:30:45 #8 type.registry] 
New type domain.Manager

[2025-05-14 01:30:45 #9 type] 
Type domain.Manager is not enhanced.

[2025-05-14 01:30:45 #10 type.registry] 
New type domain.Activity

[2025-05-14 01:30:45 #11 type] 
Type domain.Activity is not enhanced.

[2025-05-14 01:30:45 #12 type.registry] 
New type domain.Session

[2025-05-14 01:30:45 #13 type] 
Type domain.Session is not enhanced.

[2025-05-14 01:30:45 #14 type.registry] 
New type domain.Reservation

[2025-05-14 01:30:45 #15 type] 
Type domain.Reservation is not enhanced.

[2025-05-14 01:30:45 #16 type.registry] 
New type java.util.ArrayList<java.lang.Object>

[2025-05-14 01:30:45 #17 type.registry] 
New type java.util.ArrayList<domain.Reservation>

------------------------------------------------------------------------------------------------------------------------

[2025-05-14 01:34:44 #1 store] 
Database 'C:\Users\saeze\eclipse-workspace\kirol4ALL\src\main\resources\rides.temp' is opened by 63144@LAPTOP-VVQ3CHDH

[2025-05-14 01:34:44 #2 type.registry] 
New type domain.Room

[2025-05-14 01:34:44 #3 type] 
Type domain.Room is not enhanced.

[2025-05-14 01:34:44 #4 type.registry] 
New type domain.User

[2025-05-14 01:34:44 #5 type.registry] 
New type domain.Member

[2025-05-14 01:34:44 #6 type] 
Type domain.User is not enhanced.

[2025-05-14 01:34:44 #7 type] 
Type domain.Member is not enhanced.

[2025-05-14 01:34:44 #8 type.registry] 
New type domain.Manager

[2025-05-14 01:34:44 #9 type] 
Type domain.Manager is not enhanced.

[2025-05-14 01:34:44 #10 type.registry] 
New type domain.Activity

[2025-05-14 01:34:44 #11 type] 
Type domain.Activity is not enhanced.

[2025-05-14 01:34:44 #12 type.registry] 
New type domain.Session

[2025-05-14 01:34:44 #13 type] 
Type domain.Session is not enhanced.

[2025-05-14 01:34:44 #14 type.registry] 
New type domain.Reservation

[2025-05-14 01:34:44 #15 type] 
Type domain.Reservation is not enhanced.

[2025-05-14 01:34:44 #16 type.registry] 
New type java.util.ArrayList<java.lang.Object>

[2025-05-14 01:34:44 #17 type.registry] 
New type java.util.ArrayList<domain.Reservation>

------------------------------------------------------------------------------------------------------------------------

[2025-05-14 01:36:13 #1 store] 
Database 'C:\Users\saeze\eclipse-workspace\kirol4ALL\src\main\resources\rides.temp' is opened by 60216@LAPTOP-VVQ3CHDH

[2025-05-14 01:36:13 #2 type.registry] 
New type domain.Room

[2025-05-14 01:36:13 #3 type] 
Type domain.Room is not enhanced.

[2025-05-14 01:36:13 #4 type.registry] 
New type domain.User

[2025-05-14 01:36:13 #5 type.registry] 
New type domain.Member

[2025-05-14 01:36:13 #6 type] 
Type domain.User is not enhanced.

[2025-05-14 01:36:13 #7 type] 
Type domain.Member is not enhanced.

[2025-05-14 01:36:13 #8 type.registry] 
New type domain.Manager

[2025-05-14 01:36:13 #9 type] 
Type domain.Manager is not enhanced.

[2025-05-14 01:36:13 #10 type.registry] 
New type domain.Activity

[2025-05-14 01:36:13 #11 type] 
Type domain.Activity is not enhanced.

[2025-05-14 01:36:13 #12 type.registry] 
New type domain.Session

[2025-05-14 01:36:13 #13 type] 
Type domain.Session is not enhanced.

[2025-05-14 01:36:13 #14 type.registry] 
New type domain.Reservation

[2025-05-14 01:36:13 #15 type] 
Type domain.Reservation is not enhanced.

[2025-05-14 01:36:13 #16 type.registry] 
New type java.util.ArrayList<java.lang.Object>

[2025-05-14 01:36:13 #17 type.registry] 
New type java.util.ArrayList<domain.Reservation>

------------------------------------------------------------------------------------------------------------------------

[2025-05-14 01:38:40 #1 store] 
Database 'C:\Users\saeze\eclipse-workspace\kirol4ALL\src\main\resources\rides.temp' is opened by 65236@LAPTOP-VVQ3CHDH

[2025-05-14 01:38:40 #2 type.registry] 
New type domain.Room

[2025-05-14 01:38:40 #3 type] 
Type domain.Room is not enhanced.

[2025-05-14 01:38:40 #4 type.registry] 
New type domain.User

[2025-05-14 01:38:40 #5 type.registry] 
New type domain.Member

[2025-05-14 01:38:40 #6 type] 
Type domain.User is not enhanced.

[2025-05-14 01:38:40 #7 type] 
Type domain.Member is not enhanced.

[2025-05-14 01:38:40 #8 type.registry] 
New type domain.Manager

[2025-05-14 01:38:40 #9 type] 
Type domain.Manager is not enhanced.

[2025-05-14 01:38:40 #10 type.registry] 
New type domain.Activity

[2025-05-14 01:38:40 #11 type] 
Type domain.Activity is not enhanced.

[2025-05-14 01:38:40 #12 type.registry] 
New type domain.Session

[2025-05-14 01:38:40 #13 type] 
Type domain.Session is not enhanced.

[2025-05-14 01:38:40 #14 type.registry] 
New type domain.Reservation

[2025-05-14 01:38:40 #15 type] 
Type domain.Reservation is not enhanced.

[2025-05-14 01:38:40 #16 type.registry] 
New type java.util.ArrayList<java.lang.Object>

[2025-05-14 01:38:40 #17 type.registry] 
New type java.util.ArrayList<domain.Reservation>

------------------------------------------------------------------------------------------------------------------------

[2025-05-14 01:43:56 #1 store] 
Database 'C:\Users\saeze\eclipse-workspace\kirol4ALL\src\main\resources\rides.temp' is opened by 64520@LAPTOP-VVQ3CHDH

[2025-05-14 01:43:57 #2 type.registry] 
New type domain.Room

[2025-05-14 01:43:57 #3 type] 
Type domain.Room is not enhanced.

[2025-05-14 01:43:57 #4 type.registry] 
New type domain.User

[2025-05-14 01:43:57 #5 type.registry] 
New type domain.Member

[2025-05-14 01:43:57 #6 type] 
Type domain.User is not enhanced.

[2025-05-14 01:43:57 #7 type] 
Type domain.Member is not enhanced.

[2025-05-14 01:43:57 #8 type.registry] 
New type domain.Manager

[2025-05-14 01:43:57 #9 type] 
Type domain.Manager is not enhanced.

[2025-05-14 01:43:57 #10 type.registry] 
New type domain.Activity

[2025-05-14 01:43:57 #11 type] 
Type domain.Activity is not enhanced.

[2025-05-14 01:43:57 #12 type.registry] 
New type domain.Session

[2025-05-14 01:43:57 #13 type] 
Type domain.Session is not enhanced.

[2025-05-14 01:43:57 #14 type.registry] 
New type domain.Reservation

[2025-05-14 01:43:57 #15 type] 
Type domain.Reservation is not enhanced.

[2025-05-14 01:43:57 #16 type.registry] 
New type java.util.ArrayList<java.lang.Object>

[2025-05-14 01:43:57 #17 type.registry] 
New type java.util.ArrayList<domain.Reservation>

------------------------------------------------------------------------------------------------------------------------

[2025-05-14 01:47:18 #1 store] 
Database 'C:\Users\saeze\eclipse-workspace\kirol4ALL\src\main\resources\rides.temp' is opened by 63424@LAPTOP-VVQ3CHDH

[2025-05-14 01:47:18 #2 type.registry] 
New type domain.Room

[2025-05-14 01:47:18 #3 type] 
Type domain.Room is not enhanced.

[2025-05-14 01:47:19 #4 type.registry] 
New type domain.User

[2025-05-14 01:47:19 #5 type.registry] 
New type domain.Member

[2025-05-14 01:47:19 #6 type] 
Type domain.User is not enhanced.

[2025-05-14 01:47:19 #7 type] 
Type domain.Member is not enhanced.

[2025-05-14 01:47:19 #8 type.registry] 
New type domain.Manager

[2025-05-14 01:47:19 #9 type] 
Type domain.Manager is not enhanced.

[2025-05-14 01:47:19 #10 type.registry] 
New type domain.Activity

[2025-05-14 01:47:19 #11 type] 
Type domain.Activity is not enhanced.

[2025-05-14 01:47:19 #12 type.registry] 
New type domain.Session

[2025-05-14 01:47:19 #13 type] 
Type domain.Session is not enhanced.

[2025-05-14 01:47:19 #14 type.registry] 
New type domain.Reservation

[2025-05-14 01:47:19 #15 type] 
Type domain.Reservation is not enhanced.

[2025-05-14 01:47:19 #16 type.registry] 
New type java.util.ArrayList<java.lang.Object>

[2025-05-14 01:47:19 #17 type.registry] 
New type java.util.ArrayList<domain.Reservation>

------------------------------------------------------------------------------------------------------------------------

[2025-05-14 01:48:24 #1 store] 
Database 'C:\Users\saeze\eclipse-workspace\kirol4ALL\src\main\resources\rides.temp' is opened by 65496@LAPTOP-VVQ3CHDH

[2025-05-14 01:48:24 #2 type.registry] 
New type domain.Room

[2025-05-14 01:48:24 #3 type] 
Type domain.Room is not enhanced.

[2025-05-14 01:48:24 #4 type.registry] 
New type domain.User

[2025-05-14 01:48:24 #5 type.registry] 
New type domain.Member

[2025-05-14 01:48:24 #6 type] 
Type domain.User is not enhanced.

[2025-05-14 01:48:24 #7 type] 
Type domain.Member is not enhanced.

[2025-05-14 01:48:24 #8 type.registry] 
New type domain.Manager

[2025-05-14 01:48:24 #9 type] 
Type domain.Manager is not enhanced.

[2025-05-14 01:48:24 #10 type.registry] 
New type domain.Activity

[2025-05-14 01:48:24 #11 type] 
Type domain.Activity is not enhanced.

[2025-05-14 01:48:24 #12 type.registry] 
New type domain.Session

[2025-05-14 01:48:24 #13 type] 
Type domain.Session is not enhanced.

[2025-05-14 01:48:24 #14 type.registry] 
New type domain.Reservation

[2025-05-14 01:48:24 #15 type] 
Type domain.Reservation is not enhanced.

[2025-05-14 01:48:24 #16 type.registry] 
New type java.util.ArrayList<java.lang.Object>

[2025-05-14 01:48:24 #17 type.registry] 
New type java.util.ArrayList<domain.Reservation>

------------------------------------------------------------------------------------------------------------------------

[2025-05-14 01:50:11 #1 store] 
Database 'C:\Users\saeze\eclipse-workspace\kirol4ALL\src\main\resources\rides.temp' is opened by 42524@LAPTOP-VVQ3CHDH

[2025-05-14 01:50:11 #2 type.registry] 
New type domain.Room

[2025-05-14 01:50:11 #3 type] 
Type domain.Room is not enhanced.

[2025-05-14 01:50:11 #4 type.registry] 
New type domain.User

[2025-05-14 01:50:11 #5 type.registry] 
New type domain.Member

[2025-05-14 01:50:11 #6 type] 
Type domain.User is not enhanced.

[2025-05-14 01:50:11 #7 type] 
Type domain.Member is not enhanced.

[2025-05-14 01:50:11 #8 type.registry] 
New type domain.Manager

[2025-05-14 01:50:11 #9 type] 
Type domain.Manager is not enhanced.

[2025-05-14 01:50:11 #10 type.registry] 
New type domain.Activity

[2025-05-14 01:50:11 #11 type] 
Type domain.Activity is not enhanced.

[2025-05-14 01:50:11 #12 type.registry] 
New type domain.Session

[2025-05-14 01:50:11 #13 type] 
Type domain.Session is not enhanced.

[2025-05-14 01:50:11 #14 type.registry] 
New type domain.Reservation

[2025-05-14 01:50:11 #15 type] 
Type domain.Reservation is not enhanced.

[2025-05-14 01:50:11 #16 type.registry] 
New type java.util.ArrayList<java.lang.Object>

[2025-05-14 01:50:11 #17 type.registry] 
New type java.util.ArrayList<domain.Reservation>

------------------------------------------------------------------------------------------------------------------------

[2025-05-14 01:50:28 #1 store] 
Database 'C:\Users\saeze\eclipse-workspace\kirol4ALL\src\main\resources\rides.temp' is opened by 59944@LAPTOP-VVQ3CHDH

[2025-05-14 01:50:28 #2 type.registry] 
New type domain.Room

[2025-05-14 01:50:28 #3 type] 
Type domain.Room is not enhanced.

[2025-05-14 01:50:28 #4 type.registry] 
New type domain.User

[2025-05-14 01:50:28 #5 type.registry] 
New type domain.Member

[2025-05-14 01:50:28 #6 type] 
Type domain.User is not enhanced.

[2025-05-14 01:50:28 #7 type] 
Type domain.Member is not enhanced.

[2025-05-14 01:50:28 #8 type.registry] 
New type domain.Manager

[2025-05-14 01:50:28 #9 type] 
Type domain.Manager is not enhanced.

[2025-05-14 01:50:28 #10 type.registry] 
New type domain.Activity

[2025-05-14 01:50:28 #11 type] 
Type domain.Activity is not enhanced.

[2025-05-14 01:50:28 #12 type.registry] 
New type domain.Session

[2025-05-14 01:50:28 #13 type] 
Type domain.Session is not enhanced.

[2025-05-14 01:50:28 #14 type.registry] 
New type domain.Reservation

[2025-05-14 01:50:28 #15 type] 
Type domain.Reservation is not enhanced.

[2025-05-14 01:50:28 #16 type.registry] 
New type java.util.ArrayList<java.lang.Object>

[2025-05-14 01:50:28 #17 type.registry] 
New type java.util.ArrayList<domain.Reservation>

------------------------------------------------------------------------------------------------------------------------

[2025-05-14 01:52:47 #1 store] 
Database 'C:\Users\saeze\eclipse-workspace\kirol4ALL\src\main\resources\rides.temp' is opened by 64956@LAPTOP-VVQ3CHDH

[2025-05-14 01:52:47 #2 type.registry] 
New type domain.Room

[2025-05-14 01:52:47 #3 type] 
Type domain.Room is not enhanced.

[2025-05-14 01:52:47 #4 type.registry] 
New type domain.User

[2025-05-14 01:52:47 #5 type.registry] 
New type domain.Member

[2025-05-14 01:52:47 #6 type] 
Type domain.User is not enhanced.

[2025-05-14 01:52:47 #7 type] 
Type domain.Member is not enhanced.

[2025-05-14 01:52:47 #8 type.registry] 
New type domain.Manager

[2025-05-14 01:52:47 #9 type] 
Type domain.Manager is not enhanced.

[2025-05-14 01:52:47 #10 type.registry] 
New type domain.Activity

[2025-05-14 01:52:47 #11 type] 
Type domain.Activity is not enhanced.

[2025-05-14 01:52:47 #12 type.registry] 
New type domain.Session

[2025-05-14 01:52:47 #13 type] 
Type domain.Session is not enhanced.

[2025-05-14 01:52:47 #14 type.registry] 
New type domain.Reservation

[2025-05-14 01:52:47 #15 type] 
Type domain.Reservation is not enhanced.

[2025-05-14 01:52:47 #16 type.registry] 
New type java.util.ArrayList<java.lang.Object>

[2025-05-14 01:52:47 #17 type.registry] 
New type java.util.ArrayList<domain.Reservation>

------------------------------------------------------------------------------------------------------------------------

[2025-05-14 01:57:18 #1 store] 
Database 'C:\Users\saeze\eclipse-workspace\kirol4ALL\src\main\resources\rides.temp' is opened by 49988@LAPTOP-VVQ3CHDH

[2025-05-14 01:57:18 #2 type.registry] 
New type domain.Room

[2025-05-14 01:57:18 #3 type] 
Type domain.Room is not enhanced.

[2025-05-14 01:57:18 #4 type.registry] 
New type domain.User

[2025-05-14 01:57:18 #5 type.registry] 
New type domain.Member

[2025-05-14 01:57:18 #6 type] 
Type domain.User is not enhanced.

[2025-05-14 01:57:18 #7 type] 
Type domain.Member is not enhanced.

[2025-05-14 01:57:18 #8 type.registry] 
New type domain.Manager

[2025-05-14 01:57:18 #9 type] 
Type domain.Manager is not enhanced.

[2025-05-14 01:57:18 #10 type.registry] 
New type domain.Activity

[2025-05-14 01:57:18 #11 type] 
Type domain.Activity is not enhanced.

[2025-05-14 01:57:18 #12 type.registry] 
New type domain.Session

[2025-05-14 01:57:18 #13 type] 
Type domain.Session is not enhanced.

[2025-05-14 01:57:18 #14 type.registry] 
New type domain.Reservation

[2025-05-14 01:57:18 #15 type] 
Type domain.Reservation is not enhanced.

[2025-05-14 01:57:18 #16 type.registry] 
New type java.util.ArrayList<java.lang.Object>

[2025-05-14 01:57:18 #17 type.registry] 
New type java.util.ArrayList<domain.Reservation>

------------------------------------------------------------------------------------------------------------------------

[2025-05-14 02:05:32 #1 store] 
Database 'C:\Users\saeze\eclipse-workspace\kirol4ALL\src\main\resources\rides.temp' is opened by 57620@LAPTOP-VVQ3CHDH

[2025-05-14 02:05:32 #2 type.registry] 
New type domain.Room

[2025-05-14 02:05:32 #3 type] 
Type domain.Room is not enhanced.

[2025-05-14 02:05:32 #4 type.registry] 
New type domain.User

[2025-05-14 02:05:32 #5 type.registry] 
New type domain.Member

[2025-05-14 02:05:32 #6 type] 
Type domain.User is not enhanced.

[2025-05-14 02:05:32 #7 type] 
Type domain.Member is not enhanced.

[2025-05-14 02:05:32 #8 type.registry] 
New type domain.Manager

[2025-05-14 02:05:32 #9 type] 
Type domain.Manager is not enhanced.

[2025-05-14 02:05:32 #10 type.registry] 
New type domain.Activity

[2025-05-14 02:05:32 #11 type] 
Type domain.Activity is not enhanced.

[2025-05-14 02:05:32 #12 type.registry] 
New type domain.Session

[2025-05-14 02:05:32 #13 type] 
Type domain.Session is not enhanced.

[2025-05-14 02:05:32 #14 type.registry] 
New type domain.Reservation

[2025-05-14 02:05:32 #15 type] 
Type domain.Reservation is not enhanced.

[2025-05-14 02:05:32 #16 type.registry] 
New type java.util.ArrayList<java.lang.Object>

[2025-05-14 02:05:32 #17 type.registry] 
New type java.util.ArrayList<domain.Reservation>

------------------------------------------------------------------------------------------------------------------------

[2025-05-14 02:12:05 #1 store] 
Database 'C:\Users\saeze\eclipse-workspace\kirol4ALL\src\main\resources\rides.temp' is opened by 64104@LAPTOP-VVQ3CHDH

[2025-05-14 02:12:05 #2 type.registry] 
New type domain.Room

[2025-05-14 02:12:05 #3 type] 
Type domain.Room is not enhanced.

[2025-05-14 02:12:05 #4 type.registry] 
New type domain.User

[2025-05-14 02:12:05 #5 type.registry] 
New type domain.Member

[2025-05-14 02:12:05 #6 type] 
Type domain.User is not enhanced.

[2025-05-14 02:12:05 #7 type] 
Type domain.Member is not enhanced.

[2025-05-14 02:12:05 #8 type.registry] 
New type domain.Manager

[2025-05-14 02:12:05 #9 type] 
Type domain.Manager is not enhanced.

[2025-05-14 02:12:05 #10 type.registry] 
New type domain.Activity

[2025-05-14 02:12:05 #11 type] 
Type domain.Activity is not enhanced.

[2025-05-14 02:12:05 #12 type.registry] 
New type domain.Session

[2025-05-14 02:12:05 #13 type] 
Type domain.Session is not enhanced.

[2025-05-14 02:12:05 #14 type.registry] 
New type domain.Reservation

[2025-05-14 02:12:06 #15 type] 
Type domain.Reservation is not enhanced.

[2025-05-14 02:12:06 #16 type.registry] 
New type java.util.ArrayList<java.lang.Object>

[2025-05-14 02:12:06 #17 type.registry] 
New type java.util.ArrayList<domain.Reservation>

------------------------------------------------------------------------------------------------------------------------

[2025-05-14 02:13:53 #1 store] 
Database 'C:\Users\saeze\eclipse-workspace\kirol4ALL\src\main\resources\rides.temp' is opened by 55024@LAPTOP-VVQ3CHDH

[2025-05-14 02:13:53 #2 type.registry] 
New type domain.Room

[2025-05-14 02:13:53 #3 type] 
Type domain.Room is not enhanced.

[2025-05-14 02:13:53 #4 type.registry] 
New type domain.User

[2025-05-14 02:13:53 #5 type.registry] 
New type domain.Member

[2025-05-14 02:13:53 #6 type] 
Type domain.User is not enhanced.

[2025-05-14 02:13:53 #7 type] 
Type domain.Member is not enhanced.

[2025-05-14 02:13:53 #8 type.registry] 
New type domain.Manager

[2025-05-14 02:13:53 #9 type] 
Type domain.Manager is not enhanced.

[2025-05-14 02:13:53 #10 type.registry] 
New type domain.Activity

[2025-05-14 02:13:53 #11 type] 
Type domain.Activity is not enhanced.

[2025-05-14 02:13:53 #12 type.registry] 
New type domain.Session

[2025-05-14 02:13:53 #13 type] 
Type domain.Session is not enhanced.

[2025-05-14 02:13:53 #14 type.registry] 
New type domain.Reservation

[2025-05-14 02:13:53 #15 type] 
Type domain.Reservation is not enhanced.

[2025-05-14 02:13:53 #16 type.registry] 
New type java.util.ArrayList<java.lang.Object>

[2025-05-14 02:13:53 #17 type.registry] 
New type java.util.ArrayList<domain.Reservation>

------------------------------------------------------------------------------------------------------------------------

[2025-05-14 02:16:28 #1 store] 
Database 'C:\Users\saeze\eclipse-workspace\kirol4ALL\src\main\resources\rides.temp' is opened by 60816@LAPTOP-VVQ3CHDH

[2025-05-14 02:16:28 #2 type.registry] 
New type domain.Room

[2025-05-14 02:16:28 #3 type] 
Type domain.Room is not enhanced.

[2025-05-14 02:16:28 #4 type.registry] 
New type domain.User

[2025-05-14 02:16:28 #5 type.registry] 
New type domain.Member

[2025-05-14 02:16:28 #6 type] 
Type domain.User is not enhanced.

[2025-05-14 02:16:28 #7 type] 
Type domain.Member is not enhanced.

[2025-05-14 02:16:28 #8 type.registry] 
New type domain.Manager

[2025-05-14 02:16:28 #9 type] 
Type domain.Manager is not enhanced.

[2025-05-14 02:16:28 #10 type.registry] 
New type domain.Activity

[2025-05-14 02:16:28 #11 type] 
Type domain.Activity is not enhanced.

[2025-05-14 02:16:28 #12 type.registry] 
New type domain.Session

[2025-05-14 02:16:28 #13 type] 
Type domain.Session is not enhanced.

[2025-05-14 02:16:28 #14 type.registry] 
New type domain.Reservation

[2025-05-14 02:16:28 #15 type] 
Type domain.Reservation is not enhanced.

[2025-05-14 02:16:28 #16 type.registry] 
New type java.util.ArrayList<java.lang.Object>

[2025-05-14 02:16:28 #17 type.registry] 
New type java.util.ArrayList<domain.Reservation>

------------------------------------------------------------------------------------------------------------------------

[2025-05-14 02:16:41 #1 store] 
Database 'C:\Users\saeze\eclipse-workspace\kirol4ALL\src\main\resources\rides.temp' is opened by 25692@LAPTOP-VVQ3CHDH

[2025-05-14 02:16:41 #2 type.registry] 
New type domain.Room

[2025-05-14 02:16:41 #3 type] 
Type domain.Room is not enhanced.

[2025-05-14 02:16:41 #4 type.registry] 
New type domain.User

[2025-05-14 02:16:42 #5 type.registry] 
New type domain.Member

[2025-05-14 02:16:42 #6 type] 
Type domain.User is not enhanced.

[2025-05-14 02:16:42 #7 type] 
Type domain.Member is not enhanced.

[2025-05-14 02:16:42 #8 type.registry] 
New type domain.Manager

[2025-05-14 02:16:42 #9 type] 
Type domain.Manager is not enhanced.

[2025-05-14 02:16:42 #10 type.registry] 
New type domain.Activity

[2025-05-14 02:16:42 #11 type] 
Type domain.Activity is not enhanced.

[2025-05-14 02:16:42 #12 type.registry] 
New type domain.Session

[2025-05-14 02:16:42 #13 type] 
Type domain.Session is not enhanced.

[2025-05-14 02:16:42 #14 type.registry] 
New type domain.Reservation

[2025-05-14 02:16:42 #15 type] 
Type domain.Reservation is not enhanced.

[2025-05-14 02:16:42 #16 type.registry] 
New type java.util.ArrayList<java.lang.Object>

[2025-05-14 02:16:42 #17 type.registry] 
New type java.util.ArrayList<domain.Reservation>

------------------------------------------------------------------------------------------------------------------------

[2025-05-14 02:20:13 #1 store] 
Database 'C:\Users\saeze\eclipse-workspace\kirol4ALL\src\main\resources\rides.temp' is opened by 25488@LAPTOP-VVQ3CHDH

[2025-05-14 02:20:14 #2 type.registry] 
New type domain.Room

[2025-05-14 02:20:14 #3 type] 
Type domain.Room is not enhanced.

[2025-05-14 02:20:14 #4 type.registry] 
New type domain.User

[2025-05-14 02:20:14 #5 type.registry] 
New type domain.Member

[2025-05-14 02:20:14 #6 type] 
Type domain.User is not enhanced.

[2025-05-14 02:20:14 #7 type] 
Type domain.Member is not enhanced.

[2025-05-14 02:20:14 #8 type.registry] 
New type domain.Manager

[2025-05-14 02:20:14 #9 type] 
Type domain.Manager is not enhanced.

[2025-05-14 02:20:14 #10 type.registry] 
New type domain.Activity

[2025-05-14 02:20:14 #11 type] 
Type domain.Activity is not enhanced.

[2025-05-14 02:20:14 #12 type.registry] 
New type domain.Session

[2025-05-14 02:20:14 #13 type] 
Type domain.Session is not enhanced.

[2025-05-14 02:20:14 #14 type.registry] 
New type domain.Reservation

[2025-05-14 02:20:14 #15 type] 
Type domain.Reservation is not enhanced.

[2025-05-14 02:20:14 #16 type.registry] 
New type java.util.ArrayList<java.lang.Object>

[2025-05-14 02:20:14 #17 type.registry] 
New type java.util.ArrayList<domain.Reservation>

------------------------------------------------------------------------------------------------------------------------

[2025-05-14 02:21:45 #1 store] 
Database 'C:\Users\saeze\eclipse-workspace\kirol4ALL\src\main\resources\rides.temp' is opened by 59520@LAPTOP-VVQ3CHDH

[2025-05-14 02:21:45 #2 type.registry] 
New type domain.Room

[2025-05-14 02:21:45 #3 type] 
Type domain.Room is not enhanced.

[2025-05-14 02:21:45 #4 type.registry] 
New type domain.User

[2025-05-14 02:21:45 #5 type.registry] 
New type domain.Member

[2025-05-14 02:21:45 #6 type] 
Type domain.User is not enhanced.

[2025-05-14 02:21:45 #7 type] 
Type domain.Member is not enhanced.

[2025-05-14 02:21:45 #8 type.registry] 
New type domain.Manager

[2025-05-14 02:21:45 #9 type] 
Type domain.Manager is not enhanced.

[2025-05-14 02:21:45 #10 type.registry] 
New type domain.Activity

[2025-05-14 02:21:45 #11 type] 
Type domain.Activity is not enhanced.

[2025-05-14 02:21:45 #12 type.registry] 
New type domain.Session

[2025-05-14 02:21:45 #13 type] 
Type domain.Session is not enhanced.

[2025-05-14 02:21:45 #14 type.registry] 
New type domain.Reservation

[2025-05-14 02:21:45 #15 type] 
Type domain.Reservation is not enhanced.

[2025-05-14 02:21:45 #16 type.registry] 
New type java.util.ArrayList<java.lang.Object>

[2025-05-14 02:21:45 #17 type.registry] 
New type java.util.ArrayList<domain.Reservation>

------------------------------------------------------------------------------------------------------------------------

[2025-05-14 02:27:49 #1 store] 
Database 'C:\Users\saeze\eclipse-workspace\kirol4ALL\src\main\resources\rides.temp' is opened by 8540@LAPTOP-VVQ3CHDH

[2025-05-14 02:27:49 #2 type.registry] 
New type domain.Room

[2025-05-14 02:27:49 #3 type] 
Type domain.Room is not enhanced.

[2025-05-14 02:27:49 #4 type.registry] 
New type domain.User

[2025-05-14 02:27:49 #5 type.registry] 
New type domain.Member

[2025-05-14 02:27:49 #6 type] 
Type domain.User is not enhanced.

[2025-05-14 02:27:49 #7 type] 
Type domain.Member is not enhanced.

[2025-05-14 02:27:49 #8 type.registry] 
New type domain.Manager

[2025-05-14 02:27:49 #9 type] 
Type domain.Manager is not enhanced.

[2025-05-14 02:27:49 #10 type.registry] 
New type domain.Activity

[2025-05-14 02:27:49 #11 type] 
Type domain.Activity is not enhanced.

[2025-05-14 02:27:49 #12 type.registry] 
New type domain.Session

[2025-05-14 02:27:49 #13 type] 
Type domain.Session is not enhanced.

[2025-05-14 02:27:49 #14 type.registry] 
New type domain.Reservation

[2025-05-14 02:27:49 #15 type] 
Type domain.Reservation is not enhanced.

[2025-05-14 02:27:49 #16 type.registry] 
New type java.util.ArrayList<java.lang.Object>

[2025-05-14 02:27:49 #17 type.registry] 
New type java.util.ArrayList<domain.Reservation>

------------------------------------------------------------------------------------------------------------------------

[2025-05-14 02:33:42 #1 store] 
Database 'C:\Users\saeze\eclipse-workspace\kirol4ALL\src\main\resources\rides.temp' is opened by 64828@LAPTOP-VVQ3CHDH

[2025-05-14 02:33:42 #2 type.registry] 
New type domain.Room

[2025-05-14 02:33:42 #3 type] 
Type domain.Room is not enhanced.

[2025-05-14 02:33:42 #4 type.registry] 
New type domain.User

[2025-05-14 02:33:42 #5 type.registry] 
New type domain.Member

[2025-05-14 02:33:42 #6 type] 
Type domain.User is not enhanced.

[2025-05-14 02:33:42 #7 type] 
Type domain.Member is not enhanced.

[2025-05-14 02:33:42 #8 type.registry] 
New type domain.Manager

[2025-05-14 02:33:42 #9 type] 
Type domain.Manager is not enhanced.

[2025-05-14 02:33:42 #10 type.registry] 
New type domain.Activity

[2025-05-14 02:33:42 #11 type] 
Type domain.Activity is not enhanced.

[2025-05-14 02:33:42 #12 type.registry] 
New type domain.Session

[2025-05-14 02:33:42 #13 type] 
Type domain.Session is not enhanced.

[2025-05-14 02:33:42 #14 type.registry] 
New type domain.Reservation

[2025-05-14 02:33:42 #15 type] 
Type domain.Reservation is not enhanced.

[2025-05-14 02:33:42 #16 type.registry] 
New type java.util.ArrayList<java.lang.Object>

[2025-05-14 02:33:42 #17 type.registry] 
New type java.util.ArrayList<domain.Reservation>

