------------------------------------------------------------------------------------------------------------------------

[2025-05-07 11:26:31 #1 store] 
Database 'C:\Users\saeze\eclipse-workspace\kirol4ALL\src\main\resources\rides.temp' is opened by 9492@LAPTOP-VVQ3CHDH

[2025-05-07 11:26:31 #2 type.registry] 
New type domain.Driver

[2025-05-07 11:26:31 #3 type] 
Type domain.Driver is not enhanced.

[2025-05-07 11:26:31 #4 type.registry] 
New type domain.Ride

[2025-05-07 11:26:31 #5 type] 
Type domain.Ride is not enhanced.

[2025-05-07 11:26:31 #6 type.registry] 
New type java.util.Vector<java.lang.Object>

[2025-05-07 11:26:31 #7 type.registry] 
New type java.util.Vector<domain.Ride>

------------------------------------------------------------------------------------------------------------------------

[2025-05-07 12:23:08 #1 store] 
Database 'C:\Users\saeze\eclipse-workspace\kirol4ALL\src\main\resources\rides.temp' is opened by 19044@LAPTOP-VVQ3CHDH

[2025-05-07 12:23:08 #2 type.registry] 
New type domain.Driver

[2025-05-07 12:23:08 #3 type] 
Type domain.Driver is not enhanced.

[2025-05-07 12:23:08 #4 type.registry] 
New type domain.Ride

[2025-05-07 12:23:08 #5 type] 
Type domain.Ride is not enhanced.

[2025-05-07 12:23:08 #6 type.registry] 
New type java.util.Vector<java.lang.Object>

[2025-05-07 12:23:08 #7 type.registry] 
New type java.util.Vector<domain.Ride>

------------------------------------------------------------------------------------------------------------------------

[2025-05-07 22:26:27 #1 store] 
Database 'C:\Users\saeze\eclipse-workspace\kirol4ALL\src\main\resources\rides.temp' is opened by 20348@LAPTOP-VVQ3CHDH

[2025-05-07 22:26:27 #2 type.registry] 
New type domain.User

[2025-05-07 22:26:27 #3 type.registry] 
New type domain.Member

------------------------------------------------------------------------------------------------------------------------

[2025-05-07 22:32:40 #1 store] 
Database 'C:\Users\saeze\eclipse-workspace\kirol4ALL\src\main\resources\rides.temp' is opened by 20356@LAPTOP-VVQ3CHDH

[2025-05-07 22:32:40 #2 type.registry] 
New type domain.User

[2025-05-07 22:32:40 #3 type.registry] 
New type domain.Member

------------------------------------------------------------------------------------------------------------------------

[2025-05-07 22:35:01 #1 store] 
Database 'C:\Users\saeze\eclipse-workspace\kirol4ALL\src\main\resources\rides.temp' is opened by 972@LAPTOP-VVQ3CHDH

[2025-05-07 22:35:01 #2 type.registry] 
New type domain.User

[2025-05-07 22:35:01 #3 type.registry] 
New type domain.Member

------------------------------------------------------------------------------------------------------------------------

[2025-05-07 22:35:51 #1 store] 
Database 'C:\Users\saeze\eclipse-workspace\kirol4ALL\src\main\resources\rides.temp' is opened by 3792@LAPTOP-VVQ3CHDH

[2025-05-07 22:35:51 #2 type.registry] 
New type domain.User

[2025-05-07 22:35:51 #3 type.registry] 
New type domain.Member

[2025-05-07 22:35:51 #4 type] 
Type domain.User is not enhanced.

------------------------------------------------------------------------------------------------------------------------

[2025-05-07 22:36:25 #1 store] 
Database 'C:\Users\saeze\eclipse-workspace\kirol4ALL\src\main\resources\rides.temp' is opened by 25304@LAPTOP-VVQ3CHDH

[2025-05-07 22:36:25 #2 type.registry] 
New type domain.User

[2025-05-07 22:36:25 #3 type.registry] 
New type domain.Member

[2025-05-07 22:36:25 #4 type] 
Type domain.User is not enhanced.

[2025-05-07 22:36:25 #5 type] 
Type domain.Member is not enhanced.

[2025-05-07 22:36:25 #6 type.registry] 
New type domain.Manager

[2025-05-07 22:36:25 #7 type] 
Type domain.Manager is not enhanced.

[2025-05-07 22:36:25 #8 type.registry] 
New type domain.Driver

[2025-05-07 22:36:25 #9 type] 
Type domain.Driver is not enhanced.

[2025-05-07 22:36:25 #10 type.registry] 
New type domain.Ride

[2025-05-07 22:36:25 #11 type] 
Type domain.Ride is not enhanced.

[2025-05-07 22:36:25 #12 type.registry] 
New type java.util.Vector<java.lang.Object>

[2025-05-07 22:36:25 #13 type.registry] 
New type java.util.Vector<domain.Ride>

------------------------------------------------------------------------------------------------------------------------

[2025-05-07 22:38:26 #1 store] 
Database 'C:\Users\saeze\eclipse-workspace\kirol4ALL\src\main\resources\rides.temp' is opened by 21104@LAPTOP-VVQ3CHDH

[2025-05-07 22:38:26 #2 type.registry] 
New type domain.User

[2025-05-07 22:38:26 #3 type.registry] 
New type domain.Member

[2025-05-07 22:38:26 #4 type] 
Type domain.User is not enhanced.

[2025-05-07 22:38:26 #5 type] 
Type domain.Member is not enhanced.

[2025-05-07 22:38:26 #6 type.registry] 
New type domain.Manager

[2025-05-07 22:38:26 #7 type] 
Type domain.Manager is not enhanced.

[2025-05-07 22:38:26 #8 type.registry] 
New type domain.Driver

[2025-05-07 22:38:26 #9 type] 
Type domain.Driver is not enhanced.

[2025-05-07 22:38:26 #10 type.registry] 
New type domain.Ride

[2025-05-07 22:38:26 #11 type] 
Type domain.Ride is not enhanced.

[2025-05-07 22:38:26 #12 type.registry] 
New type java.util.Vector<java.lang.Object>

[2025-05-07 22:38:26 #13 type.registry] 
New type java.util.Vector<domain.Ride>

------------------------------------------------------------------------------------------------------------------------

[2025-05-07 22:40:44 #1 store] 
Database 'C:\Users\saeze\eclipse-workspace\kirol4ALL\src\main\resources\rides.temp' is opened by 20536@LAPTOP-VVQ3CHDH

[2025-05-07 22:40:45 #2 type.registry] 
New type domain.User

[2025-05-07 22:40:45 #3 type.registry] 
New type domain.Member

[2025-05-07 22:40:45 #4 type] 
Type domain.User is not enhanced.

[2025-05-07 22:40:45 #5 type] 
Type domain.Member is not enhanced.

[2025-05-07 22:40:45 #6 type.registry] 
New type domain.Manager

[2025-05-07 22:40:45 #7 type] 
Type domain.Manager is not enhanced.

[2025-05-07 22:40:45 #8 type.registry] 
New type domain.Driver

[2025-05-07 22:40:45 #9 type] 
Type domain.Driver is not enhanced.

[2025-05-07 22:40:45 #10 type.registry] 
New type domain.Ride

[2025-05-07 22:40:45 #11 type] 
Type domain.Ride is not enhanced.

[2025-05-07 22:40:45 #12 type.registry] 
New type java.util.Vector<java.lang.Object>

[2025-05-07 22:40:45 #13 type.registry] 
New type java.util.Vector<domain.Ride>

------------------------------------------------------------------------------------------------------------------------

[2025-05-07 22:41:58 #1 store] 
Database 'C:\Users\saeze\eclipse-workspace\kirol4ALL\src\main\resources\rides.temp' is opened by 22312@LAPTOP-VVQ3CHDH

[2025-05-07 22:41:58 #2 type.registry] 
New type domain.User

[2025-05-07 22:41:58 #3 type.registry] 
New type domain.Member

[2025-05-07 22:41:58 #4 type] 
Type domain.User is not enhanced.

[2025-05-07 22:41:58 #5 type] 
Type domain.Member is not enhanced.

[2025-05-07 22:41:58 #6 type.registry] 
New type domain.Manager

[2025-05-07 22:41:58 #7 type] 
Type domain.Manager is not enhanced.

[2025-05-07 22:41:58 #8 type.registry] 
New type domain.Driver

[2025-05-07 22:41:58 #9 type] 
Type domain.Driver is not enhanced.

[2025-05-07 22:41:58 #10 type.registry] 
New type domain.Ride

[2025-05-07 22:41:58 #11 type] 
Type domain.Ride is not enhanced.

[2025-05-07 22:41:58 #12 type.registry] 
New type java.util.Vector<java.lang.Object>

[2025-05-07 22:41:58 #13 type.registry] 
New type java.util.Vector<domain.Ride>

------------------------------------------------------------------------------------------------------------------------

[2025-05-07 22:42:36 #1 store] 
Database 'C:\Users\saeze\eclipse-workspace\kirol4ALL\src\main\resources\rides.temp' is opened by 5568@LAPTOP-VVQ3CHDH

[2025-05-07 22:42:36 #2 type.registry] 
New type domain.User

[2025-05-07 22:42:36 #3 type.registry] 
New type domain.Member

[2025-05-07 22:42:36 #4 type] 
Type domain.User is not enhanced.

[2025-05-07 22:42:36 #5 type] 
Type domain.Member is not enhanced.

[2025-05-07 22:42:36 #6 type.registry] 
New type domain.Manager

[2025-05-07 22:42:36 #7 type] 
Type domain.Manager is not enhanced.

[2025-05-07 22:42:36 #8 type.registry] 
New type domain.Driver

[2025-05-07 22:42:36 #9 type] 
Type domain.Driver is not enhanced.

[2025-05-07 22:42:36 #10 type.registry] 
New type domain.Ride

[2025-05-07 22:42:36 #11 type] 
Type domain.Ride is not enhanced.

[2025-05-07 22:42:36 #12 type.registry] 
New type java.util.Vector<java.lang.Object>

[2025-05-07 22:42:36 #13 type.registry] 
New type java.util.Vector<domain.Ride>

------------------------------------------------------------------------------------------------------------------------

[2025-05-07 22:43:15 #1 store] 
Database 'C:\Users\saeze\eclipse-workspace\kirol4ALL\src\main\resources\rides.temp' is opened by 24272@LAPTOP-VVQ3CHDH

[2025-05-07 22:43:15 #2 type.registry] 
New type domain.User

[2025-05-07 22:43:15 #3 type.registry] 
New type domain.Member

[2025-05-07 22:43:15 #4 type] 
Type domain.User is not enhanced.

[2025-05-07 22:43:15 #5 type] 
Type domain.Member is not enhanced.

[2025-05-07 22:43:15 #6 type.registry] 
New type domain.Manager

[2025-05-07 22:43:15 #7 type] 
Type domain.Manager is not enhanced.

[2025-05-07 22:43:15 #8 type.registry] 
New type domain.Driver

[2025-05-07 22:43:15 #9 type] 
Type domain.Driver is not enhanced.

[2025-05-07 22:43:15 #10 type.registry] 
New type domain.Ride

[2025-05-07 22:43:15 #11 type] 
Type domain.Ride is not enhanced.

[2025-05-07 22:43:15 #12 type.registry] 
New type java.util.Vector<java.lang.Object>

[2025-05-07 22:43:15 #13 type.registry] 
New type java.util.Vector<domain.Ride>

------------------------------------------------------------------------------------------------------------------------

[2025-05-07 22:43:48 #1 store] 
Database 'C:\Users\saeze\eclipse-workspace\kirol4ALL\src\main\resources\rides.temp' is opened by 25760@LAPTOP-VVQ3CHDH

[2025-05-07 22:43:48 #2 type.registry] 
New type domain.User

[2025-05-07 22:43:48 #3 type.registry] 
New type domain.Member

[2025-05-07 22:43:48 #4 type] 
Type domain.User is not enhanced.

[2025-05-07 22:43:48 #5 type] 
Type domain.Member is not enhanced.

[2025-05-07 22:43:48 #6 type.registry] 
New type domain.Manager

[2025-05-07 22:43:48 #7 type] 
Type domain.Manager is not enhanced.

[2025-05-07 22:43:48 #8 type.registry] 
New type domain.Driver

[2025-05-07 22:43:48 #9 type] 
Type domain.Driver is not enhanced.

[2025-05-07 22:43:48 #10 type.registry] 
New type domain.Ride

[2025-05-07 22:43:48 #11 type] 
Type domain.Ride is not enhanced.

[2025-05-07 22:43:48 #12 type.registry] 
New type java.util.Vector<java.lang.Object>

[2025-05-07 22:43:48 #13 type.registry] 
New type java.util.Vector<domain.Ride>

------------------------------------------------------------------------------------------------------------------------

[2025-05-07 22:45:35 #1 store] 
Database 'C:\Users\saeze\eclipse-workspace\kirol4ALL\src\main\resources\rides.temp' is opened by 18716@LAPTOP-VVQ3CHDH

[2025-05-07 22:45:35 #2 type.registry] 
New type domain.User

[2025-05-07 22:45:35 #3 type.registry] 
New type domain.Member

[2025-05-07 22:45:35 #4 type] 
Type domain.User is not enhanced.

[2025-05-07 22:45:35 #5 type] 
Type domain.Member is not enhanced.

[2025-05-07 22:45:35 #6 type.registry] 
New type domain.Manager

[2025-05-07 22:45:35 #7 type] 
Type domain.Manager is not enhanced.

[2025-05-07 22:45:36 #8 type.registry] 
New type domain.Driver

[2025-05-07 22:45:36 #9 type] 
Type domain.Driver is not enhanced.

[2025-05-07 22:45:36 #10 type.registry] 
New type domain.Ride

[2025-05-07 22:45:36 #11 type] 
Type domain.Ride is not enhanced.

[2025-05-07 22:45:36 #12 type.registry] 
New type java.util.Vector<java.lang.Object>

[2025-05-07 22:45:36 #13 type.registry] 
New type java.util.Vector<domain.Ride>

------------------------------------------------------------------------------------------------------------------------

[2025-05-07 22:52:13 #1 store] 
Database 'C:\Users\saeze\eclipse-workspace\kirol4ALL\src\main\resources\rides.temp' is opened by 20316@LAPTOP-VVQ3CHDH

[2025-05-07 22:52:14 #2 type.registry] 
New type domain.User

[2025-05-07 22:52:14 #3 type.registry] 
New type domain.Member

[2025-05-07 22:52:14 #4 type] 
Type domain.User is not enhanced.

[2025-05-07 22:52:14 #5 type] 
Type domain.Member is not enhanced.

[2025-05-07 22:52:14 #6 type.registry] 
New type domain.Manager

[2025-05-07 22:52:14 #7 type] 
Type domain.Manager is not enhanced.

------------------------------------------------------------------------------------------------------------------------

[2025-05-07 22:58:29 #1 store] 
Database 'C:\Users\saeze\eclipse-workspace\kirol4ALL\src\main\resources\rides.temp' is opened by 9724@LAPTOP-VVQ3CHDH

[2025-05-07 22:58:30 #2 type.registry] 
New type domain.User

[2025-05-07 22:58:30 #3 type.registry] 
New type domain.Member

[2025-05-07 22:58:30 #4 type] 
Type domain.User is not enhanced.

[2025-05-07 22:58:30 #5 type] 
Type domain.Member is not enhanced.

[2025-05-07 22:58:30 #6 type.registry] 
New type domain.Manager

[2025-05-07 22:58:30 #7 type] 
Type domain.Manager is not enhanced.

------------------------------------------------------------------------------------------------------------------------

[2025-05-07 23:08:16 #1 store] 
Database 'C:\Users\saeze\eclipse-workspace\kirol4ALL\src\main\resources\rides.temp' is opened by 9764@LAPTOP-VVQ3CHDH

[2025-05-07 23:08:16 #2 type.registry] 
New type domain.User

[2025-05-07 23:08:16 #3 type.registry] 
New type domain.Member

[2025-05-07 23:08:16 #4 type] 
Type domain.User is not enhanced.

[2025-05-07 23:08:16 #5 type] 
Type domain.Member is not enhanced.

[2025-05-07 23:08:16 #6 type.registry] 
New type domain.Manager

[2025-05-07 23:08:16 #7 type] 
Type domain.Manager is not enhanced.

------------------------------------------------------------------------------------------------------------------------

[2025-05-07 23:08:59 #1 store] 
Database 'C:\Users\saeze\eclipse-workspace\kirol4ALL\src\main\resources\rides.temp' is opened by 18728@LAPTOP-VVQ3CHDH

[2025-05-07 23:08:59 #2 type.registry] 
New type domain.User

[2025-05-07 23:08:59 #3 type.registry] 
New type domain.Member

[2025-05-07 23:08:59 #4 type] 
Type domain.User is not enhanced.

[2025-05-07 23:08:59 #5 type] 
Type domain.Member is not enhanced.

[2025-05-07 23:08:59 #6 type.registry] 
New type domain.Manager

[2025-05-07 23:08:59 #7 type] 
Type domain.Manager is not enhanced.

------------------------------------------------------------------------------------------------------------------------

[2025-05-07 23:12:57 #1 store] 
Database 'C:\Users\saeze\eclipse-workspace\kirol4ALL\src\main\resources\rides.temp' is opened by 25400@LAPTOP-VVQ3CHDH

[2025-05-07 23:12:57 #2 type.registry] 
New type domain.User

[2025-05-07 23:12:57 #3 type.registry] 
New type domain.Member

[2025-05-07 23:12:57 #4 type] 
Type domain.User is not enhanced.

[2025-05-07 23:12:57 #5 type] 
Type domain.Member is not enhanced.

[2025-05-07 23:12:57 #6 type.registry] 
New type domain.Manager

[2025-05-07 23:12:57 #7 type] 
Type domain.Manager is not enhanced.

------------------------------------------------------------------------------------------------------------------------

[2025-05-07 23:43:45 #1 store] 
Database 'C:\Users\saeze\eclipse-workspace\kirol4ALL\src\main\resources\rides.temp' is opened by 9252@LAPTOP-VVQ3CHDH

[2025-05-07 23:43:45 #2 type.registry] 
New type domain.User

[2025-05-07 23:43:45 #3 type.registry] 
New type domain.Member

[2025-05-07 23:43:45 #4 type] 
Type domain.User is not enhanced.

[2025-05-07 23:43:45 #5 type] 
Type domain.Member is not enhanced.

[2025-05-07 23:43:45 #6 type.registry] 
New type domain.Manager

[2025-05-07 23:43:45 #7 type] 
Type domain.Manager is not enhanced.

------------------------------------------------------------------------------------------------------------------------

[2025-05-07 23:49:45 #1 store] 
Database 'C:\Users\saeze\eclipse-workspace\kirol4ALL\src\main\resources\rides.temp' is opened by 20024@LAPTOP-VVQ3CHDH

[2025-05-07 23:49:45 #2 type.registry] 
New type domain.User

[2025-05-07 23:49:45 #3 type.registry] 
New type domain.Member

[2025-05-07 23:49:45 #4 type] 
Type domain.User is not enhanced.

[2025-05-07 23:49:45 #5 type] 
Type domain.Member is not enhanced.

[2025-05-07 23:49:45 #6 type.registry] 
New type domain.Manager

[2025-05-07 23:49:45 #7 type] 
Type domain.Manager is not enhanced.

