------------------------------------------------------------------------------------------------------------------------

[2025-05-16 00:54:17 #1 store] 
Database 'C:\Users\saeze\eclipse-workspace\kirol4ALL\src\main\resources\rides.temp' is opened by 16000@LAPTOP-VVQ3CHDH

[2025-05-16 00:54:17 #2 type.registry] 
New type domain.Room

[2025-05-16 00:54:17 #3 type] 
Type domain.Room is not enhanced.

[2025-05-16 00:54:17 #4 type.registry] 
New type domain.User

[2025-05-16 00:54:17 #5 type.registry] 
New type domain.Member

[2025-05-16 00:54:17 #6 type] 
Type domain.User is not enhanced.

[2025-05-16 00:54:17 #7 type] 
Type domain.Member is not enhanced.

[2025-05-16 00:54:17 #8 type.registry] 
New type domain.Manager

[2025-05-16 00:54:17 #9 type] 
Type domain.Manager is not enhanced.

[2025-05-16 00:54:17 #10 type.registry] 
New type domain.Activity

[2025-05-16 00:54:17 #11 type] 
Type domain.Activity is not enhanced.

[2025-05-16 00:54:17 #12 type.registry] 
New type domain.Session

[2025-05-16 00:54:17 #13 type] 
Type domain.Session is not enhanced.

[2025-05-16 00:54:17 #14 type.registry] 
New type domain.Reservation

[2025-05-16 00:54:17 #15 type] 
Type domain.Reservation is not enhanced.

[2025-05-16 00:54:17 #16 type.registry] 
New type java.util.ArrayList<java.lang.Object>

[2025-05-16 00:54:17 #17 type.registry] 
New type java.util.ArrayList<domain.Reservation>

------------------------------------------------------------------------------------------------------------------------

[2025-05-16 01:24:37 #1 store] 
Database 'C:\Users\saeze\eclipse-workspace\kirol4ALL\src\main\resources\rides.temp' is opened by 19100@LAPTOP-VVQ3CHDH

[2025-05-16 01:24:38 #2 type.registry] 
New type domain.Room

[2025-05-16 01:24:38 #3 type] 
Type domain.Room is not enhanced.

[2025-05-16 01:24:38 #4 type.registry] 
New type domain.User

[2025-05-16 01:24:38 #5 type.registry] 
New type domain.Member

[2025-05-16 01:24:38 #6 type] 
Type domain.User is not enhanced.

[2025-05-16 01:24:38 #7 type] 
Type domain.Member is not enhanced.

[2025-05-16 01:24:38 #8 type.registry] 
New type domain.Manager

[2025-05-16 01:24:38 #9 type] 
Type domain.Manager is not enhanced.

[2025-05-16 01:24:38 #10 type.registry] 
New type domain.Activity

[2025-05-16 01:24:38 #11 type] 
Type domain.Activity is not enhanced.

[2025-05-16 01:24:38 #12 type.registry] 
New type domain.Session

[2025-05-16 01:24:38 #13 type] 
Type domain.Session is not enhanced.

[2025-05-16 01:24:38 #14 type.registry] 
New type domain.Reservation

[2025-05-16 01:24:38 #15 type] 
Type domain.Reservation is not enhanced.

[2025-05-16 01:24:38 #16 type.registry] 
New type java.util.ArrayList<java.lang.Object>

[2025-05-16 01:24:38 #17 type.registry] 
New type java.util.ArrayList<domain.Reservation>

------------------------------------------------------------------------------------------------------------------------

[2025-05-16 02:07:34 #1 store] 
Database 'C:\Users\saeze\eclipse-workspace\kirol4ALL\src\main\resources\rides.temp' is opened by 5352@LAPTOP-VVQ3CHDH

[2025-05-16 02:07:34 #2 type.registry] 
New type domain.Room

[2025-05-16 02:07:34 #3 type] 
Type domain.Room is not enhanced.

[2025-05-16 02:07:34 #4 type.registry] 
New type domain.User

[2025-05-16 02:07:34 #5 type.registry] 
New type domain.Member

[2025-05-16 02:07:34 #6 type] 
Type domain.User is not enhanced.

[2025-05-16 02:07:34 #7 type] 
Type domain.Member is not enhanced.

[2025-05-16 02:07:34 #8 type.registry] 
New type domain.Manager

[2025-05-16 02:07:34 #9 type] 
Type domain.Manager is not enhanced.

[2025-05-16 02:07:34 #10 type.registry] 
New type domain.Activity

[2025-05-16 02:07:34 #11 type] 
Type domain.Activity is not enhanced.

[2025-05-16 02:07:34 #12 type.registry] 
New type domain.Session

[2025-05-16 02:07:34 #13 type] 
Type domain.Session is not enhanced.

[2025-05-16 02:07:34 #14 type.registry] 
New type domain.Reservation

[2025-05-16 02:07:34 #15 type] 
Type domain.Reservation is not enhanced.

[2025-05-16 02:07:34 #16 type.registry] 
New type java.util.ArrayList<java.lang.Object>

[2025-05-16 02:07:34 #17 type.registry] 
New type java.util.ArrayList<domain.Reservation>

------------------------------------------------------------------------------------------------------------------------

[2025-05-16 02:09:27 #1 store] 
Database 'C:\Users\saeze\eclipse-workspace\kirol4ALL\src\main\resources\rides.temp' is opened by 9008@LAPTOP-VVQ3CHDH

[2025-05-16 02:09:27 #2 type.registry] 
New type domain.Room

[2025-05-16 02:09:27 #3 type] 
Type domain.Room is not enhanced.

[2025-05-16 02:09:27 #4 type.registry] 
New type domain.User

[2025-05-16 02:09:27 #5 type.registry] 
New type domain.Member

[2025-05-16 02:09:27 #6 type] 
Type domain.User is not enhanced.

[2025-05-16 02:09:27 #7 type] 
Type domain.Member is not enhanced.

[2025-05-16 02:09:27 #8 type.registry] 
New type domain.Manager

[2025-05-16 02:09:27 #9 type] 
Type domain.Manager is not enhanced.

[2025-05-16 02:09:27 #10 type.registry] 
New type domain.Activity

[2025-05-16 02:09:27 #11 type] 
Type domain.Activity is not enhanced.

[2025-05-16 02:09:27 #12 type.registry] 
New type domain.Session

[2025-05-16 02:09:27 #13 type] 
Type domain.Session is not enhanced.

[2025-05-16 02:09:27 #14 type.registry] 
New type domain.Reservation

[2025-05-16 02:09:27 #15 type] 
Type domain.Reservation is not enhanced.

[2025-05-16 02:09:27 #16 type.registry] 
New type java.util.ArrayList<java.lang.Object>

[2025-05-16 02:09:27 #17 type.registry] 
New type java.util.ArrayList<domain.Reservation>

------------------------------------------------------------------------------------------------------------------------

[2025-05-16 02:11:12 #1 store] 
Database 'C:\Users\saeze\eclipse-workspace\kirol4ALL\src\main\resources\rides.temp' is opened by 21772@LAPTOP-VVQ3CHDH

[2025-05-16 02:11:12 #2 type.registry] 
New type domain.Room

[2025-05-16 02:11:12 #3 type] 
Type domain.Room is not enhanced.

[2025-05-16 02:11:12 #4 type.registry] 
New type domain.User

[2025-05-16 02:11:12 #5 type.registry] 
New type domain.Member

[2025-05-16 02:11:12 #6 type] 
Type domain.User is not enhanced.

[2025-05-16 02:11:12 #7 type] 
Type domain.Member is not enhanced.

[2025-05-16 02:11:12 #8 type.registry] 
New type domain.Manager

[2025-05-16 02:11:12 #9 type] 
Type domain.Manager is not enhanced.

[2025-05-16 02:11:12 #10 type.registry] 
New type domain.Activity

[2025-05-16 02:11:12 #11 type] 
Type domain.Activity is not enhanced.

[2025-05-16 02:11:12 #12 type.registry] 
New type domain.Session

[2025-05-16 02:11:12 #13 type] 
Type domain.Session is not enhanced.

[2025-05-16 02:11:12 #14 type.registry] 
New type domain.Reservation

[2025-05-16 02:11:12 #15 type] 
Type domain.Reservation is not enhanced.

[2025-05-16 02:11:12 #16 type.registry] 
New type java.util.ArrayList<java.lang.Object>

[2025-05-16 02:11:12 #17 type.registry] 
New type java.util.ArrayList<domain.Reservation>

------------------------------------------------------------------------------------------------------------------------

[2025-05-16 02:16:18 #1 store] 
Database 'C:\Users\saeze\eclipse-workspace\kirol4ALL\src\main\resources\rides.temp' is opened by 17196@LAPTOP-VVQ3CHDH

[2025-05-16 02:16:18 #2 type.registry] 
New type domain.Room

[2025-05-16 02:16:18 #3 type] 
Type domain.Room is not enhanced.

[2025-05-16 02:16:18 #4 type.registry] 
New type domain.User

[2025-05-16 02:16:18 #5 type.registry] 
New type domain.Member

[2025-05-16 02:16:18 #6 type] 
Type domain.User is not enhanced.

[2025-05-16 02:16:18 #7 type] 
Type domain.Member is not enhanced.

[2025-05-16 02:16:18 #8 type.registry] 
New type domain.Manager

[2025-05-16 02:16:18 #9 type] 
Type domain.Manager is not enhanced.

[2025-05-16 02:16:18 #10 type.registry] 
New type domain.Activity

[2025-05-16 02:16:18 #11 type] 
Type domain.Activity is not enhanced.

[2025-05-16 02:16:18 #12 type.registry] 
New type domain.Session

[2025-05-16 02:16:18 #13 type] 
Type domain.Session is not enhanced.

[2025-05-16 02:16:18 #14 type.registry] 
New type domain.Reservation

[2025-05-16 02:16:18 #15 type] 
Type domain.Reservation is not enhanced.

[2025-05-16 02:16:18 #16 type.registry] 
New type java.util.ArrayList<java.lang.Object>

[2025-05-16 02:16:18 #17 type.registry] 
New type java.util.ArrayList<domain.Reservation>

------------------------------------------------------------------------------------------------------------------------

[2025-05-16 02:20:38 #1 store] 
Database 'C:\Users\saeze\eclipse-workspace\kirol4ALL\src\main\resources\rides.temp' is opened by 4372@LAPTOP-VVQ3CHDH

[2025-05-16 02:20:39 #2 type.registry] 
New type domain.Room

[2025-05-16 02:20:39 #3 type] 
Type domain.Room is not enhanced.

[2025-05-16 02:20:39 #4 type.registry] 
New type domain.User

[2025-05-16 02:20:39 #5 type.registry] 
New type domain.Member

[2025-05-16 02:20:39 #6 type] 
Type domain.User is not enhanced.

[2025-05-16 02:20:39 #7 type] 
Type domain.Member is not enhanced.

[2025-05-16 02:20:39 #8 type.registry] 
New type domain.Manager

[2025-05-16 02:20:39 #9 type] 
Type domain.Manager is not enhanced.

[2025-05-16 02:20:39 #10 type.registry] 
New type domain.Activity

[2025-05-16 02:20:39 #11 type] 
Type domain.Activity is not enhanced.

[2025-05-16 02:20:39 #12 type.registry] 
New type domain.Session

[2025-05-16 02:20:39 #13 type] 
Type domain.Session is not enhanced.

[2025-05-16 02:20:39 #14 type.registry] 
New type domain.Reservation

[2025-05-16 02:20:39 #15 type] 
Type domain.Reservation is not enhanced.

[2025-05-16 02:20:39 #16 type.registry] 
New type java.util.ArrayList<java.lang.Object>

[2025-05-16 02:20:39 #17 type.registry] 
New type java.util.ArrayList<domain.Reservation>

------------------------------------------------------------------------------------------------------------------------

[2025-05-16 02:25:50 #1 store] 
Database 'C:\Users\saeze\eclipse-workspace\kirol4ALL\src\main\resources\rides.temp' is opened by 22140@LAPTOP-VVQ3CHDH

[2025-05-16 02:25:50 #2 type.registry] 
New type domain.Room

[2025-05-16 02:25:50 #3 type] 
Type domain.Room is not enhanced.

[2025-05-16 02:25:50 #4 type.registry] 
New type domain.User

[2025-05-16 02:25:50 #5 type.registry] 
New type domain.Member

[2025-05-16 02:25:50 #6 type] 
Type domain.User is not enhanced.

[2025-05-16 02:25:50 #7 type] 
Type domain.Member is not enhanced.

[2025-05-16 02:25:50 #8 type.registry] 
New type domain.Manager

[2025-05-16 02:25:50 #9 type] 
Type domain.Manager is not enhanced.

[2025-05-16 02:25:50 #10 type.registry] 
New type domain.Activity

[2025-05-16 02:25:50 #11 type] 
Type domain.Activity is not enhanced.

[2025-05-16 02:25:50 #12 type.registry] 
New type domain.Session

[2025-05-16 02:25:50 #13 type] 
Type domain.Session is not enhanced.

[2025-05-16 02:25:50 #14 type.registry] 
New type domain.Reservation

[2025-05-16 02:25:50 #15 type] 
Type domain.Reservation is not enhanced.

[2025-05-16 02:25:50 #16 type.registry] 
New type java.util.ArrayList<java.lang.Object>

[2025-05-16 02:25:50 #17 type.registry] 
New type java.util.ArrayList<domain.Reservation>

------------------------------------------------------------------------------------------------------------------------

[2025-05-16 02:32:30 #1 store] 
Database 'C:\Users\saeze\eclipse-workspace\kirol4ALL\src\main\resources\rides.temp' is opened by 14732@LAPTOP-VVQ3CHDH

[2025-05-16 02:32:30 #2 type.registry] 
New type domain.Room

[2025-05-16 02:32:30 #3 type] 
Type domain.Room is not enhanced.

[2025-05-16 02:32:30 #4 type.registry] 
New type domain.User

[2025-05-16 02:32:30 #5 type.registry] 
New type domain.Member

[2025-05-16 02:32:30 #6 type] 
Type domain.User is not enhanced.

[2025-05-16 02:32:30 #7 type] 
Type domain.Member is not enhanced.

[2025-05-16 02:32:30 #8 type.registry] 
New type domain.Manager

[2025-05-16 02:32:30 #9 type] 
Type domain.Manager is not enhanced.

[2025-05-16 02:32:30 #10 type.registry] 
New type domain.Activity

[2025-05-16 02:32:30 #11 type] 
Type domain.Activity is not enhanced.

[2025-05-16 02:32:30 #12 type.registry] 
New type domain.Session

[2025-05-16 02:32:30 #13 type] 
Type domain.Session is not enhanced.

[2025-05-16 02:32:30 #14 type.registry] 
New type domain.Reservation

[2025-05-16 02:32:30 #15 type] 
Type domain.Reservation is not enhanced.

[2025-05-16 02:32:30 #16 type.registry] 
New type java.util.ArrayList<java.lang.Object>

[2025-05-16 02:32:30 #17 type.registry] 
New type java.util.ArrayList<domain.Reservation>

------------------------------------------------------------------------------------------------------------------------

[2025-05-16 02:34:33 #1 store] 
Database 'C:\Users\saeze\eclipse-workspace\kirol4ALL\src\main\resources\rides.temp' is opened by 20688@LAPTOP-VVQ3CHDH

[2025-05-16 02:34:33 #2 type.registry] 
New type domain.Room

[2025-05-16 02:34:33 #3 type] 
Type domain.Room is not enhanced.

[2025-05-16 02:34:33 #4 type.registry] 
New type domain.User

[2025-05-16 02:34:33 #5 type.registry] 
New type domain.Member

[2025-05-16 02:34:33 #6 type] 
Type domain.User is not enhanced.

[2025-05-16 02:34:33 #7 type] 
Type domain.Member is not enhanced.

[2025-05-16 02:34:33 #8 type.registry] 
New type domain.Manager

[2025-05-16 02:34:33 #9 type] 
Type domain.Manager is not enhanced.

[2025-05-16 02:34:33 #10 type.registry] 
New type domain.Activity

[2025-05-16 02:34:33 #11 type] 
Type domain.Activity is not enhanced.

[2025-05-16 02:34:33 #12 type.registry] 
New type domain.Session

[2025-05-16 02:34:33 #13 type] 
Type domain.Session is not enhanced.

[2025-05-16 02:34:33 #14 type.registry] 
New type domain.Reservation

[2025-05-16 02:34:33 #15 type] 
Type domain.Reservation is not enhanced.

[2025-05-16 02:34:33 #16 type.registry] 
New type java.util.ArrayList<java.lang.Object>

[2025-05-16 02:34:33 #17 type.registry] 
New type java.util.ArrayList<domain.Reservation>

------------------------------------------------------------------------------------------------------------------------

[2025-05-16 02:37:28 #1 store] 
Database 'C:\Users\saeze\eclipse-workspace\kirol4ALL\src\main\resources\rides.temp' is opened by 14740@LAPTOP-VVQ3CHDH

[2025-05-16 02:37:28 #2 type.registry] 
New type domain.Room

[2025-05-16 02:37:28 #3 type] 
Type domain.Room is not enhanced.

[2025-05-16 02:37:28 #4 type.registry] 
New type domain.User

[2025-05-16 02:37:28 #5 type.registry] 
New type domain.Member

[2025-05-16 02:37:28 #6 type] 
Type domain.User is not enhanced.

[2025-05-16 02:37:28 #7 type] 
Type domain.Member is not enhanced.

[2025-05-16 02:37:28 #8 type.registry] 
New type domain.Manager

[2025-05-16 02:37:28 #9 type] 
Type domain.Manager is not enhanced.

[2025-05-16 02:37:28 #10 type.registry] 
New type domain.Activity

[2025-05-16 02:37:28 #11 type] 
Type domain.Activity is not enhanced.

[2025-05-16 02:37:28 #12 type.registry] 
New type domain.Session

[2025-05-16 02:37:28 #13 type] 
Type domain.Session is not enhanced.

[2025-05-16 02:37:28 #14 type.registry] 
New type domain.Reservation

[2025-05-16 02:37:28 #15 type] 
Type domain.Reservation is not enhanced.

[2025-05-16 02:37:28 #16 type.registry] 
New type java.util.ArrayList<java.lang.Object>

[2025-05-16 02:37:28 #17 type.registry] 
New type java.util.ArrayList<domain.Reservation>

------------------------------------------------------------------------------------------------------------------------

[2025-05-16 02:59:22 #1 store] 
Database 'C:\Users\saeze\eclipse-workspace\kirol4ALL\src\main\resources\rides.temp' is opened by 12248@LAPTOP-VVQ3CHDH

[2025-05-16 02:59:22 #2 type.registry] 
New type domain.Room

[2025-05-16 02:59:22 #3 type] 
Type domain.Room is not enhanced.

[2025-05-16 02:59:22 #4 type.registry] 
New type domain.User

[2025-05-16 02:59:22 #5 type.registry] 
New type domain.Member

[2025-05-16 02:59:22 #6 type] 
Type domain.User is not enhanced.

[2025-05-16 02:59:22 #7 type] 
Type domain.Member is not enhanced.

[2025-05-16 02:59:22 #8 type.registry] 
New type domain.Manager

[2025-05-16 02:59:22 #9 type] 
Type domain.Manager is not enhanced.

[2025-05-16 02:59:22 #10 type.registry] 
New type domain.Activity

[2025-05-16 02:59:22 #11 type] 
Type domain.Activity is not enhanced.

[2025-05-16 02:59:22 #12 type.registry] 
New type domain.Session

[2025-05-16 02:59:22 #13 type] 
Type domain.Session is not enhanced.

[2025-05-16 02:59:22 #14 type.registry] 
New type domain.Reservation

[2025-05-16 02:59:22 #15 type] 
Type domain.Reservation is not enhanced.

[2025-05-16 02:59:22 #16 type.registry] 
New type java.util.ArrayList<java.lang.Object>

[2025-05-16 02:59:22 #17 type.registry] 
New type java.util.ArrayList<domain.Reservation>

------------------------------------------------------------------------------------------------------------------------

[2025-05-16 03:07:53 #1 store] 
Database 'C:\Users\saeze\eclipse-workspace\kirol4ALL\src\main\resources\rides.temp' is opened by 13608@LAPTOP-VVQ3CHDH

[2025-05-16 03:07:53 #2 type.registry] 
New type domain.Room

[2025-05-16 03:07:53 #3 type] 
Type domain.Room is not enhanced.

[2025-05-16 03:07:53 #4 type.registry] 
New type domain.User

[2025-05-16 03:07:53 #5 type.registry] 
New type domain.Member

[2025-05-16 03:07:53 #6 type] 
Type domain.User is not enhanced.

[2025-05-16 03:07:53 #7 type] 
Type domain.Member is not enhanced.

[2025-05-16 03:07:53 #8 type.registry] 
New type domain.Manager

[2025-05-16 03:07:53 #9 type] 
Type domain.Manager is not enhanced.

[2025-05-16 03:07:53 #10 type.registry] 
New type domain.Activity

[2025-05-16 03:07:53 #11 type] 
Type domain.Activity is not enhanced.

[2025-05-16 03:07:53 #12 type.registry] 
New type domain.Session

[2025-05-16 03:07:53 #13 type] 
Type domain.Session is not enhanced.

[2025-05-16 03:07:53 #14 type.registry] 
New type domain.Reservation

[2025-05-16 03:07:53 #15 type] 
Type domain.Reservation is not enhanced.

[2025-05-16 03:07:53 #16 type.registry] 
New type java.util.ArrayList<java.lang.Object>

[2025-05-16 03:07:53 #17 type.registry] 
New type java.util.ArrayList<domain.Reservation>

------------------------------------------------------------------------------------------------------------------------

[2025-05-16 03:15:43 #1 store] 
Database 'C:\Users\saeze\eclipse-workspace\kirol4ALL\src\main\resources\rides.temp' is opened by 16524@LAPTOP-VVQ3CHDH

[2025-05-16 03:15:43 #2 type.registry] 
New type domain.Room

[2025-05-16 03:15:43 #3 type] 
Type domain.Room is not enhanced.

[2025-05-16 03:15:43 #4 type.registry] 
New type domain.User

[2025-05-16 03:15:43 #5 type.registry] 
New type domain.Member

[2025-05-16 03:15:43 #6 type] 
Type domain.User is not enhanced.

[2025-05-16 03:15:43 #7 type] 
Type domain.Member is not enhanced.

[2025-05-16 03:15:43 #8 type.registry] 
New type domain.Manager

[2025-05-16 03:15:43 #9 type] 
Type domain.Manager is not enhanced.

[2025-05-16 03:15:43 #10 type.registry] 
New type domain.Activity

[2025-05-16 03:15:43 #11 type] 
Type domain.Activity is not enhanced.

[2025-05-16 03:15:43 #12 type.registry] 
New type domain.Session

[2025-05-16 03:15:43 #13 type] 
Type domain.Session is not enhanced.

[2025-05-16 03:15:43 #14 type.registry] 
New type domain.Reservation

[2025-05-16 03:15:43 #15 type] 
Type domain.Reservation is not enhanced.

[2025-05-16 03:15:43 #16 type.registry] 
New type java.util.ArrayList<java.lang.Object>

[2025-05-16 03:15:43 #17 type.registry] 
New type java.util.ArrayList<domain.Reservation>

------------------------------------------------------------------------------------------------------------------------

[2025-05-16 03:18:09 #1 store] 
Database 'C:\Users\saeze\eclipse-workspace\kirol4ALL\src\main\resources\rides.temp' is opened by 22412@LAPTOP-VVQ3CHDH

[2025-05-16 03:18:09 #2 type.registry] 
New type domain.Room

[2025-05-16 03:18:09 #3 type] 
Type domain.Room is not enhanced.

[2025-05-16 03:18:09 #4 type.registry] 
New type domain.User

[2025-05-16 03:18:09 #5 type.registry] 
New type domain.Member

[2025-05-16 03:18:09 #6 type] 
Type domain.User is not enhanced.

[2025-05-16 03:18:09 #7 type] 
Type domain.Member is not enhanced.

[2025-05-16 03:18:09 #8 type.registry] 
New type domain.Manager

[2025-05-16 03:18:09 #9 type] 
Type domain.Manager is not enhanced.

[2025-05-16 03:18:09 #10 type.registry] 
New type domain.Activity

[2025-05-16 03:18:09 #11 type] 
Type domain.Activity is not enhanced.

[2025-05-16 03:18:09 #12 type.registry] 
New type domain.Session

[2025-05-16 03:18:09 #13 type] 
Type domain.Session is not enhanced.

[2025-05-16 03:18:09 #14 type.registry] 
New type domain.Reservation

[2025-05-16 03:18:09 #15 type] 
Type domain.Reservation is not enhanced.

[2025-05-16 03:18:09 #16 type.registry] 
New type java.util.ArrayList<java.lang.Object>

[2025-05-16 03:18:09 #17 type.registry] 
New type java.util.ArrayList<domain.Reservation>

------------------------------------------------------------------------------------------------------------------------

[2025-05-16 03:19:02 #1 store] 
Database 'C:\Users\saeze\eclipse-workspace\kirol4ALL\src\main\resources\rides.temp' is opened by 19428@LAPTOP-VVQ3CHDH

[2025-05-16 03:19:02 #2 type.registry] 
New type domain.Room

[2025-05-16 03:19:02 #3 type] 
Type domain.Room is not enhanced.

[2025-05-16 03:19:02 #4 type.registry] 
New type domain.User

[2025-05-16 03:19:02 #5 type.registry] 
New type domain.Member

[2025-05-16 03:19:02 #6 type] 
Type domain.User is not enhanced.

[2025-05-16 03:19:02 #7 type] 
Type domain.Member is not enhanced.

[2025-05-16 03:19:02 #8 type.registry] 
New type domain.Manager

[2025-05-16 03:19:02 #9 type] 
Type domain.Manager is not enhanced.

[2025-05-16 03:19:02 #10 type.registry] 
New type domain.Activity

[2025-05-16 03:19:02 #11 type] 
Type domain.Activity is not enhanced.

[2025-05-16 03:19:02 #12 type.registry] 
New type domain.Session

[2025-05-16 03:19:02 #13 type] 
Type domain.Session is not enhanced.

[2025-05-16 03:19:02 #14 type.registry] 
New type domain.Reservation

[2025-05-16 03:19:02 #15 type] 
Type domain.Reservation is not enhanced.

[2025-05-16 03:19:02 #16 type.registry] 
New type java.util.ArrayList<java.lang.Object>

[2025-05-16 03:19:02 #17 type.registry] 
New type java.util.ArrayList<domain.Reservation>

------------------------------------------------------------------------------------------------------------------------

[2025-05-16 03:20:02 #1 store] 
Database 'C:\Users\saeze\eclipse-workspace\kirol4ALL\src\main\resources\rides.temp' is opened by 17508@LAPTOP-VVQ3CHDH

[2025-05-16 03:20:02 #2 type.registry] 
New type domain.Room

[2025-05-16 03:20:02 #3 type] 
Type domain.Room is not enhanced.

[2025-05-16 03:20:02 #4 type.registry] 
New type domain.User

[2025-05-16 03:20:02 #5 type.registry] 
New type domain.Member

[2025-05-16 03:20:02 #6 type] 
Type domain.User is not enhanced.

[2025-05-16 03:20:02 #7 type] 
Type domain.Member is not enhanced.

[2025-05-16 03:20:02 #8 type.registry] 
New type domain.Manager

[2025-05-16 03:20:02 #9 type] 
Type domain.Manager is not enhanced.

[2025-05-16 03:20:02 #10 type.registry] 
New type domain.Activity

[2025-05-16 03:20:02 #11 type] 
Type domain.Activity is not enhanced.

[2025-05-16 03:20:02 #12 type.registry] 
New type domain.Session

[2025-05-16 03:20:02 #13 type] 
Type domain.Session is not enhanced.

[2025-05-16 03:20:02 #14 type.registry] 
New type domain.Reservation

[2025-05-16 03:20:02 #15 type] 
Type domain.Reservation is not enhanced.

[2025-05-16 03:20:02 #16 type.registry] 
New type java.util.ArrayList<java.lang.Object>

[2025-05-16 03:20:02 #17 type.registry] 
New type java.util.ArrayList<domain.Reservation>

------------------------------------------------------------------------------------------------------------------------

[2025-05-16 03:20:57 #1 store] 
Database 'C:\Users\saeze\eclipse-workspace\kirol4ALL\src\main\resources\rides.temp' is opened by 21020@LAPTOP-VVQ3CHDH

[2025-05-16 03:20:57 #2 type.registry] 
New type domain.Room

[2025-05-16 03:20:57 #3 type] 
Type domain.Room is not enhanced.

[2025-05-16 03:20:57 #4 type.registry] 
New type domain.User

[2025-05-16 03:20:57 #5 type.registry] 
New type domain.Member

[2025-05-16 03:20:57 #6 type] 
Type domain.User is not enhanced.

[2025-05-16 03:20:57 #7 type] 
Type domain.Member is not enhanced.

[2025-05-16 03:20:57 #8 type.registry] 
New type domain.Manager

[2025-05-16 03:20:57 #9 type] 
Type domain.Manager is not enhanced.

[2025-05-16 03:20:57 #10 type.registry] 
New type domain.Activity

[2025-05-16 03:20:57 #11 type] 
Type domain.Activity is not enhanced.

[2025-05-16 03:20:57 #12 type.registry] 
New type domain.Session

[2025-05-16 03:20:57 #13 type] 
Type domain.Session is not enhanced.

[2025-05-16 03:20:57 #14 type.registry] 
New type domain.Reservation

[2025-05-16 03:20:57 #15 type] 
Type domain.Reservation is not enhanced.

[2025-05-16 03:20:57 #16 type.registry] 
New type java.util.ArrayList<java.lang.Object>

[2025-05-16 03:20:57 #17 type.registry] 
New type java.util.ArrayList<domain.Reservation>

------------------------------------------------------------------------------------------------------------------------

[2025-05-16 03:28:06 #1 store] 
Database 'C:\Users\saeze\eclipse-workspace\kirol4ALL\src\main\resources\rides.temp' is opened by 13220@LAPTOP-VVQ3CHDH

[2025-05-16 03:28:06 #2 type.registry] 
New type domain.Room

[2025-05-16 03:28:06 #3 type] 
Type domain.Room is not enhanced.

[2025-05-16 03:28:06 #4 type.registry] 
New type domain.User

[2025-05-16 03:28:06 #5 type.registry] 
New type domain.Member

[2025-05-16 03:28:06 #6 type] 
Type domain.User is not enhanced.

[2025-05-16 03:28:06 #7 type] 
Type domain.Member is not enhanced.

[2025-05-16 03:28:06 #8 type.registry] 
New type domain.Manager

[2025-05-16 03:28:06 #9 type] 
Type domain.Manager is not enhanced.

[2025-05-16 03:28:06 #10 type.registry] 
New type domain.Activity

[2025-05-16 03:28:06 #11 type] 
Type domain.Activity is not enhanced.

[2025-05-16 03:28:06 #12 type.registry] 
New type domain.Session

[2025-05-16 03:28:06 #13 type] 
Type domain.Session is not enhanced.

[2025-05-16 03:28:06 #14 type.registry] 
New type domain.Reservation

[2025-05-16 03:28:06 #15 type] 
Type domain.Reservation is not enhanced.

[2025-05-16 03:28:06 #16 type.registry] 
New type java.util.ArrayList<java.lang.Object>

[2025-05-16 03:28:06 #17 type.registry] 
New type java.util.ArrayList<domain.Reservation>

------------------------------------------------------------------------------------------------------------------------

[2025-05-16 03:28:45 #1 store] 
Database 'C:\Users\saeze\eclipse-workspace\kirol4ALL\src\main\resources\rides.temp' is opened by 13172@LAPTOP-VVQ3CHDH

[2025-05-16 03:28:45 #2 type.registry] 
New type domain.Room

[2025-05-16 03:28:45 #3 type] 
Type domain.Room is not enhanced.

[2025-05-16 03:28:45 #4 type.registry] 
New type domain.User

[2025-05-16 03:28:45 #5 type.registry] 
New type domain.Member

[2025-05-16 03:28:45 #6 type] 
Type domain.User is not enhanced.

[2025-05-16 03:28:45 #7 type] 
Type domain.Member is not enhanced.

[2025-05-16 03:28:45 #8 type.registry] 
New type domain.Manager

[2025-05-16 03:28:45 #9 type] 
Type domain.Manager is not enhanced.

[2025-05-16 03:28:45 #10 type.registry] 
New type domain.Activity

[2025-05-16 03:28:45 #11 type] 
Type domain.Activity is not enhanced.

[2025-05-16 03:28:45 #12 type.registry] 
New type domain.Session

[2025-05-16 03:28:45 #13 type] 
Type domain.Session is not enhanced.

[2025-05-16 03:28:45 #14 type.registry] 
New type domain.Reservation

[2025-05-16 03:28:45 #15 type] 
Type domain.Reservation is not enhanced.

[2025-05-16 03:28:45 #16 type.registry] 
New type java.util.ArrayList<java.lang.Object>

[2025-05-16 03:28:45 #17 type.registry] 
New type java.util.ArrayList<domain.Reservation>

------------------------------------------------------------------------------------------------------------------------

[2025-05-16 03:33:45 #1 store] 
Database 'C:\Users\saeze\eclipse-workspace\kirol4ALL\src\main\resources\rides.temp' is opened by 22212@LAPTOP-VVQ3CHDH

[2025-05-16 03:33:45 #2 type.registry] 
New type domain.Room

[2025-05-16 03:33:45 #3 type] 
Type domain.Room is not enhanced.

[2025-05-16 03:33:45 #4 type.registry] 
New type domain.User

[2025-05-16 03:33:45 #5 type.registry] 
New type domain.Member

[2025-05-16 03:33:45 #6 type] 
Type domain.User is not enhanced.

[2025-05-16 03:33:45 #7 type] 
Type domain.Member is not enhanced.

[2025-05-16 03:33:45 #8 type.registry] 
New type domain.Manager

[2025-05-16 03:33:45 #9 type] 
Type domain.Manager is not enhanced.

[2025-05-16 03:33:45 #10 type.registry] 
New type domain.Activity

[2025-05-16 03:33:45 #11 type] 
Type domain.Activity is not enhanced.

[2025-05-16 03:33:45 #12 type.registry] 
New type domain.Session

[2025-05-16 03:33:45 #13 type] 
Type domain.Session is not enhanced.

[2025-05-16 03:33:45 #14 type.registry] 
New type domain.Reservation

[2025-05-16 03:33:45 #15 type] 
Type domain.Reservation is not enhanced.

[2025-05-16 03:33:45 #16 type.registry] 
New type java.util.ArrayList<java.lang.Object>

[2025-05-16 03:33:45 #17 type.registry] 
New type java.util.ArrayList<domain.Reservation>

------------------------------------------------------------------------------------------------------------------------

[2025-05-16 04:18:11 #1 store] 
Database 'C:\Users\saeze\eclipse-workspace\kirol4ALL\src\main\resources\rides.temp' is opened by 21484@LAPTOP-VVQ3CHDH

[2025-05-16 04:18:12 #2 type.registry] 
New type domain.Room

[2025-05-16 04:18:12 #3 type] 
Type domain.Room is not enhanced.

[2025-05-16 04:18:12 #4 type.registry] 
New type domain.User

[2025-05-16 04:18:12 #5 type.registry] 
New type domain.Member

[2025-05-16 04:18:12 #6 type] 
Type domain.User is not enhanced.

[2025-05-16 04:18:12 #7 type] 
Type domain.Member is not enhanced.

[2025-05-16 04:18:12 #8 type.registry] 
New type domain.Manager

[2025-05-16 04:18:12 #9 type] 
Type domain.Manager is not enhanced.

[2025-05-16 04:18:12 #10 type.registry] 
New type domain.Activity

[2025-05-16 04:18:12 #11 type] 
Type domain.Activity is not enhanced.

[2025-05-16 04:18:12 #12 type.registry] 
New type domain.Session

[2025-05-16 04:18:12 #13 type] 
Type domain.Session is not enhanced.

[2025-05-16 04:18:12 #14 type.registry] 
New type domain.Reservation

[2025-05-16 04:18:12 #15 type] 
Type domain.Reservation is not enhanced.

[2025-05-16 04:18:12 #16 type.registry] 
New type java.util.ArrayList<java.lang.Object>

[2025-05-16 04:18:12 #17 type.registry] 
New type java.util.ArrayList<domain.Reservation>

[2025-05-16 04:18:30 #18 type.registry] 
New type domain.Bill

[2025-05-16 04:18:30 #19 type] 
Type domain.Bill is not enhanced.

[2025-05-16 04:18:30 #20 type.registry] 
New type java.lang.String[]

------------------------------------------------------------------------------------------------------------------------

[2025-05-16 04:19:12 #1 store] 
Database 'C:\Users\saeze\eclipse-workspace\kirol4ALL\src\main\resources\rides.temp' is opened by 25292@LAPTOP-VVQ3CHDH

[2025-05-16 04:19:13 #2 type.registry] 
New type domain.Room

[2025-05-16 04:19:13 #3 type] 
Type domain.Room is not enhanced.

[2025-05-16 04:19:13 #4 type.registry] 
New type domain.User

[2025-05-16 04:19:13 #5 type.registry] 
New type domain.Member

[2025-05-16 04:19:13 #6 type] 
Type domain.User is not enhanced.

[2025-05-16 04:19:13 #7 type] 
Type domain.Member is not enhanced.

[2025-05-16 04:19:13 #8 type.registry] 
New type domain.Manager

[2025-05-16 04:19:13 #9 type] 
Type domain.Manager is not enhanced.

[2025-05-16 04:19:13 #10 type.registry] 
New type domain.Activity

[2025-05-16 04:19:13 #11 type] 
Type domain.Activity is not enhanced.

[2025-05-16 04:19:13 #12 type.registry] 
New type domain.Session

[2025-05-16 04:19:13 #13 type] 
Type domain.Session is not enhanced.

[2025-05-16 04:19:13 #14 type.registry] 
New type domain.Reservation

[2025-05-16 04:19:13 #15 type] 
Type domain.Reservation is not enhanced.

[2025-05-16 04:19:13 #16 type.registry] 
New type java.util.ArrayList<java.lang.Object>

[2025-05-16 04:19:13 #17 type.registry] 
New type java.util.ArrayList<domain.Reservation>

------------------------------------------------------------------------------------------------------------------------

[2025-05-16 04:20:10 #1 store] 
Database 'C:\Users\saeze\eclipse-workspace\kirol4ALL\src\main\resources\rides.temp' is opened by 7532@LAPTOP-VVQ3CHDH

[2025-05-16 04:20:11 #2 type.registry] 
New type domain.Room

[2025-05-16 04:20:11 #3 type] 
Type domain.Room is not enhanced.

[2025-05-16 04:20:11 #4 type.registry] 
New type domain.User

[2025-05-16 04:20:11 #5 type.registry] 
New type domain.Member

[2025-05-16 04:20:11 #6 type] 
Type domain.User is not enhanced.

[2025-05-16 04:20:11 #7 type] 
Type domain.Member is not enhanced.

[2025-05-16 04:20:11 #8 type.registry] 
New type domain.Manager

[2025-05-16 04:20:11 #9 type] 
Type domain.Manager is not enhanced.

[2025-05-16 04:20:11 #10 type.registry] 
New type domain.Activity

[2025-05-16 04:20:11 #11 type] 
Type domain.Activity is not enhanced.

[2025-05-16 04:20:11 #12 type.registry] 
New type domain.Session

[2025-05-16 04:20:11 #13 type] 
Type domain.Session is not enhanced.

[2025-05-16 04:20:11 #14 type.registry] 
New type domain.Reservation

[2025-05-16 04:20:11 #15 type] 
Type domain.Reservation is not enhanced.

[2025-05-16 04:20:11 #16 type.registry] 
New type java.util.ArrayList<java.lang.Object>

[2025-05-16 04:20:11 #17 type.registry] 
New type java.util.ArrayList<domain.Reservation>

------------------------------------------------------------------------------------------------------------------------

[2025-05-16 04:21:56 #1 store] 
Database 'C:\Users\saeze\eclipse-workspace\kirol4ALL\src\main\resources\rides.temp' is opened by 12248@LAPTOP-VVQ3CHDH

[2025-05-16 04:21:56 #2 type.registry] 
New type domain.Room

[2025-05-16 04:21:56 #3 type] 
Type domain.Room is not enhanced.

[2025-05-16 04:21:56 #4 type.registry] 
New type domain.User

[2025-05-16 04:21:56 #5 type.registry] 
New type domain.Member

[2025-05-16 04:21:56 #6 type] 
Type domain.User is not enhanced.

[2025-05-16 04:21:56 #7 type] 
Type domain.Member is not enhanced.

[2025-05-16 04:21:56 #8 type.registry] 
New type domain.Manager

[2025-05-16 04:21:56 #9 type] 
Type domain.Manager is not enhanced.

[2025-05-16 04:21:56 #10 type.registry] 
New type domain.Activity

[2025-05-16 04:21:56 #11 type] 
Type domain.Activity is not enhanced.

[2025-05-16 04:21:56 #12 type.registry] 
New type domain.Session

[2025-05-16 04:21:56 #13 type] 
Type domain.Session is not enhanced.

[2025-05-16 04:21:56 #14 type.registry] 
New type domain.Reservation

[2025-05-16 04:21:56 #15 type] 
Type domain.Reservation is not enhanced.

[2025-05-16 04:21:56 #16 type.registry] 
New type java.util.ArrayList<java.lang.Object>

[2025-05-16 04:21:56 #17 type.registry] 
New type java.util.ArrayList<domain.Reservation>

[2025-05-16 04:22:12 #18 type.registry] 
New type domain.Bill

[2025-05-16 04:22:12 #19 type] 
Type domain.Bill is not enhanced.

[2025-05-16 04:22:12 #20 type.registry] 
New type java.lang.String[]

------------------------------------------------------------------------------------------------------------------------

[2025-05-16 04:22:57 #1 store] 
Database 'C:\Users\saeze\eclipse-workspace\kirol4ALL\src\main\resources\rides.temp' is opened by 23196@LAPTOP-VVQ3CHDH

[2025-05-16 04:22:57 #2 type.registry] 
New type domain.Room

[2025-05-16 04:22:57 #3 type] 
Type domain.Room is not enhanced.

[2025-05-16 04:22:57 #4 type.registry] 
New type domain.User

[2025-05-16 04:22:57 #5 type.registry] 
New type domain.Member

[2025-05-16 04:22:57 #6 type] 
Type domain.User is not enhanced.

[2025-05-16 04:22:57 #7 type] 
Type domain.Member is not enhanced.

[2025-05-16 04:22:57 #8 type.registry] 
New type domain.Manager

[2025-05-16 04:22:57 #9 type] 
Type domain.Manager is not enhanced.

[2025-05-16 04:22:57 #10 type.registry] 
New type domain.Activity

[2025-05-16 04:22:57 #11 type] 
Type domain.Activity is not enhanced.

[2025-05-16 04:22:57 #12 type.registry] 
New type domain.Session

[2025-05-16 04:22:57 #13 type] 
Type domain.Session is not enhanced.

[2025-05-16 04:22:57 #14 type.registry] 
New type domain.Reservation

[2025-05-16 04:22:57 #15 type] 
Type domain.Reservation is not enhanced.

[2025-05-16 04:22:57 #16 type.registry] 
New type java.util.ArrayList<java.lang.Object>

[2025-05-16 04:22:57 #17 type.registry] 
New type java.util.ArrayList<domain.Reservation>

[2025-05-16 04:23:14 #18 type.registry] 
New type domain.Bill

[2025-05-16 04:23:14 #19 type] 
Type domain.Bill is not enhanced.

[2025-05-16 04:23:14 #20 type.registry] 
New type java.lang.String[]

------------------------------------------------------------------------------------------------------------------------

[2025-05-16 04:28:25 #1 store] 
Database 'C:\Users\saeze\eclipse-workspace\kirol4ALL\src\main\resources\rides.temp' is opened by 18696@LAPTOP-VVQ3CHDH

[2025-05-16 04:28:26 #2 type.registry] 
New type domain.Room

[2025-05-16 04:28:26 #3 type] 
Type domain.Room is not enhanced.

[2025-05-16 04:28:26 #4 type.registry] 
New type domain.User

[2025-05-16 04:28:26 #5 type.registry] 
New type domain.Member

[2025-05-16 04:28:26 #6 type] 
Type domain.User is not enhanced.

[2025-05-16 04:28:26 #7 type] 
Type domain.Member is not enhanced.

[2025-05-16 04:28:26 #8 type.registry] 
New type domain.Manager

[2025-05-16 04:28:26 #9 type] 
Type domain.Manager is not enhanced.

[2025-05-16 04:28:26 #10 type.registry] 
New type domain.Activity

[2025-05-16 04:28:26 #11 type] 
Type domain.Activity is not enhanced.

[2025-05-16 04:28:26 #12 type.registry] 
New type domain.Session

[2025-05-16 04:28:26 #13 type] 
Type domain.Session is not enhanced.

[2025-05-16 04:28:26 #14 type.registry] 
New type domain.Reservation

[2025-05-16 04:28:26 #15 type] 
Type domain.Reservation is not enhanced.

[2025-05-16 04:28:26 #16 type.registry] 
New type java.util.ArrayList<java.lang.Object>

[2025-05-16 04:28:26 #17 type.registry] 
New type java.util.ArrayList<domain.Reservation>

[2025-05-16 04:28:39 #18 type.registry] 
New type domain.Bill

[2025-05-16 04:28:39 #19 type] 
Type domain.Bill is not enhanced.

[2025-05-16 04:28:39 #20 type.registry] 
New type java.lang.String[]

------------------------------------------------------------------------------------------------------------------------

[2025-05-16 12:06:31 #1 store] 
Database 'C:\Users\saeze\eclipse-workspace\kirol4ALL\src\main\resources\rides.temp' is opened by 16712@LAPTOP-VVQ3CHDH

[2025-05-16 12:06:31 #2 type.registry] 
New type domain.Room

[2025-05-16 12:06:31 #3 type] 
Type domain.Room is not enhanced.

[2025-05-16 12:06:31 #4 type.registry] 
New type domain.User

[2025-05-16 12:06:31 #5 type.registry] 
New type domain.Member

[2025-05-16 12:06:31 #6 type] 
Type domain.User is not enhanced.

[2025-05-16 12:06:31 #7 type] 
Type domain.Member is not enhanced.

[2025-05-16 12:06:31 #8 type.registry] 
New type domain.Manager

[2025-05-16 12:06:31 #9 type] 
Type domain.Manager is not enhanced.

[2025-05-16 12:06:31 #10 type.registry] 
New type domain.Activity

[2025-05-16 12:06:31 #11 type] 
Type domain.Activity is not enhanced.

[2025-05-16 12:06:31 #12 type.registry] 
New type domain.Session

[2025-05-16 12:06:31 #13 type] 
Type domain.Session is not enhanced.

[2025-05-16 12:06:31 #14 type.registry] 
New type domain.Reservation

[2025-05-16 12:06:31 #15 type] 
Type domain.Reservation is not enhanced.

[2025-05-16 12:06:31 #16 type.registry] 
New type java.util.ArrayList<java.lang.Object>

[2025-05-16 12:06:31 #17 type.registry] 
New type java.util.ArrayList<domain.Reservation>

[2025-05-16 12:06:51 #18 type.registry] 
New type domain.Bill

[2025-05-16 12:06:51 #19 type] 
Type domain.Bill is not enhanced.

[2025-05-16 12:06:51 #20 type.registry] 
New type java.lang.String[]

------------------------------------------------------------------------------------------------------------------------

[2025-05-16 12:12:57 #1 store] 
Database 'C:\Users\saeze\eclipse-workspace\kirol4ALL\src\main\resources\rides.temp' is opened by 20692@LAPTOP-VVQ3CHDH

[2025-05-16 12:12:57 #2 type.registry] 
New type domain.Room

[2025-05-16 12:12:57 #3 type] 
Type domain.Room is not enhanced.

[2025-05-16 12:12:57 #4 type.registry] 
New type domain.User

[2025-05-16 12:12:57 #5 type.registry] 
New type domain.Member

[2025-05-16 12:12:57 #6 type] 
Type domain.User is not enhanced.

[2025-05-16 12:12:57 #7 type] 
Type domain.Member is not enhanced.

[2025-05-16 12:12:57 #8 type.registry] 
New type domain.Manager

[2025-05-16 12:12:57 #9 type] 
Type domain.Manager is not enhanced.

[2025-05-16 12:12:57 #10 type.registry] 
New type domain.Activity

[2025-05-16 12:12:57 #11 type] 
Type domain.Activity is not enhanced.

[2025-05-16 12:12:57 #12 type.registry] 
New type domain.Session

[2025-05-16 12:12:57 #13 type] 
Type domain.Session is not enhanced.

[2025-05-16 12:12:57 #14 type.registry] 
New type domain.Reservation

[2025-05-16 12:12:57 #15 type] 
Type domain.Reservation is not enhanced.

[2025-05-16 12:12:57 #16 type.registry] 
New type java.util.ArrayList<java.lang.Object>

[2025-05-16 12:12:57 #17 type.registry] 
New type java.util.ArrayList<domain.Reservation>

[2025-05-16 12:13:15 #18 type.registry] 
New type domain.Bill

[2025-05-16 12:13:15 #19 type] 
Type domain.Bill is not enhanced.

[2025-05-16 12:13:15 #20 type.registry] 
New type java.lang.String[]

------------------------------------------------------------------------------------------------------------------------

[2025-05-16 12:14:31 #1 store] 
Database 'C:\Users\saeze\eclipse-workspace\kirol4ALL\src\main\resources\rides.temp' is opened by 26280@LAPTOP-VVQ3CHDH

[2025-05-16 12:14:31 #2 type.registry] 
New type domain.Room

[2025-05-16 12:14:31 #3 type] 
Type domain.Room is not enhanced.

[2025-05-16 12:14:31 #4 type.registry] 
New type domain.User

[2025-05-16 12:14:31 #5 type.registry] 
New type domain.Member

[2025-05-16 12:14:31 #6 type] 
Type domain.User is not enhanced.

[2025-05-16 12:14:31 #7 type] 
Type domain.Member is not enhanced.

[2025-05-16 12:14:31 #8 type.registry] 
New type domain.Manager

[2025-05-16 12:14:31 #9 type] 
Type domain.Manager is not enhanced.

[2025-05-16 12:14:31 #10 type.registry] 
New type domain.Activity

[2025-05-16 12:14:31 #11 type] 
Type domain.Activity is not enhanced.

[2025-05-16 12:14:31 #12 type.registry] 
New type domain.Session

[2025-05-16 12:14:31 #13 type] 
Type domain.Session is not enhanced.

[2025-05-16 12:14:31 #14 type.registry] 
New type domain.Reservation

[2025-05-16 12:14:31 #15 type] 
Type domain.Reservation is not enhanced.

[2025-05-16 12:14:31 #16 type.registry] 
New type java.util.ArrayList<java.lang.Object>

[2025-05-16 12:14:31 #17 type.registry] 
New type java.util.ArrayList<domain.Reservation>

[2025-05-16 12:14:46 #18 type.registry] 
New type domain.Bill

[2025-05-16 12:14:46 #19 type] 
Type domain.Bill is not enhanced.

[2025-05-16 12:14:46 #20 type.registry] 
New type java.lang.String[]

------------------------------------------------------------------------------------------------------------------------

[2025-05-16 13:29:43 #1 store] 
Database 'C:\Users\saeze\eclipse-workspace\kirol4ALL\src\main\resources\rides.temp' is opened by 23392@LAPTOP-VVQ3CHDH

[2025-05-16 13:29:43 #2 type.registry] 
New type domain.Room

[2025-05-16 13:29:43 #3 type] 
Type domain.Room is not enhanced.

[2025-05-16 13:29:43 #4 type.registry] 
New type domain.User

[2025-05-16 13:29:43 #5 type.registry] 
New type domain.Member

[2025-05-16 13:29:43 #6 type] 
Type domain.User is not enhanced.

[2025-05-16 13:29:43 #7 type] 
Type domain.Member is not enhanced.

[2025-05-16 13:29:43 #8 type.registry] 
New type domain.Manager

[2025-05-16 13:29:43 #9 type] 
Type domain.Manager is not enhanced.

[2025-05-16 13:29:43 #10 type.registry] 
New type domain.Activity

[2025-05-16 13:29:43 #11 type] 
Type domain.Activity is not enhanced.

[2025-05-16 13:29:43 #12 type.registry] 
New type domain.Session

[2025-05-16 13:29:43 #13 type] 
Type domain.Session is not enhanced.

[2025-05-16 13:29:43 #14 type.registry] 
New type domain.Reservation

[2025-05-16 13:29:43 #15 type] 
Type domain.Reservation is not enhanced.

[2025-05-16 13:29:43 #16 type.registry] 
New type java.util.ArrayList<java.lang.Object>

[2025-05-16 13:29:43 #17 type.registry] 
New type java.util.ArrayList<domain.Reservation>

[2025-05-16 13:30:05 #18 type.registry] 
New type domain.Bill

[2025-05-16 13:30:05 #19 type] 
Type domain.Bill is not enhanced.

[2025-05-16 13:30:05 #20 type.registry] 
New type java.lang.String[]

------------------------------------------------------------------------------------------------------------------------

[2025-05-16 13:38:25 #1 store] 
Database 'C:\Users\saeze\eclipse-workspace\kirol4ALL\src\main\resources\rides.temp' is opened by 27188@LAPTOP-VVQ3CHDH

[2025-05-16 13:38:26 #2 type.registry] 
New type domain.Room

[2025-05-16 13:38:26 #3 type] 
Type domain.Room is not enhanced.

[2025-05-16 13:38:26 #4 type.registry] 
New type domain.User

[2025-05-16 13:38:26 #5 type.registry] 
New type domain.Member

[2025-05-16 13:38:26 #6 type] 
Type domain.User is not enhanced.

[2025-05-16 13:38:26 #7 type] 
Type domain.Member is not enhanced.

[2025-05-16 13:38:26 #8 type.registry] 
New type domain.Manager

[2025-05-16 13:38:26 #9 type] 
Type domain.Manager is not enhanced.

[2025-05-16 13:38:26 #10 type.registry] 
New type domain.Activity

[2025-05-16 13:38:26 #11 type] 
Type domain.Activity is not enhanced.

[2025-05-16 13:38:26 #12 type.registry] 
New type domain.Session

[2025-05-16 13:38:26 #13 type] 
Type domain.Session is not enhanced.

[2025-05-16 13:38:26 #14 type.registry] 
New type domain.Reservation

[2025-05-16 13:38:26 #15 type] 
Type domain.Reservation is not enhanced.

[2025-05-16 13:38:26 #16 type.registry] 
New type java.util.ArrayList<java.lang.Object>

[2025-05-16 13:38:26 #17 type.registry] 
New type java.util.ArrayList<domain.Reservation>

[2025-05-16 13:38:51 #18 type.registry] 
New type domain.Bill

[2025-05-16 13:38:51 #19 type] 
Type domain.Bill is not enhanced.

[2025-05-16 13:38:51 #20 type.registry] 
New type java.lang.String[]

------------------------------------------------------------------------------------------------------------------------

[2025-05-16 13:41:10 #1 store] 
Database 'C:\Users\saeze\eclipse-workspace\kirol4ALL\src\main\resources\rides.temp' is opened by 18048@LAPTOP-VVQ3CHDH

[2025-05-16 13:41:10 #2 type.registry] 
New type domain.Room

[2025-05-16 13:41:10 #3 type] 
Type domain.Room is not enhanced.

[2025-05-16 13:41:10 #4 type.registry] 
New type domain.User

[2025-05-16 13:41:10 #5 type.registry] 
New type domain.Member

[2025-05-16 13:41:10 #6 type] 
Type domain.User is not enhanced.

[2025-05-16 13:41:10 #7 type] 
Type domain.Member is not enhanced.

[2025-05-16 13:41:10 #8 type.registry] 
New type domain.Manager

[2025-05-16 13:41:10 #9 type] 
Type domain.Manager is not enhanced.

[2025-05-16 13:41:10 #10 type.registry] 
New type domain.Activity

[2025-05-16 13:41:10 #11 type] 
Type domain.Activity is not enhanced.

[2025-05-16 13:41:10 #12 type.registry] 
New type domain.Session

[2025-05-16 13:41:10 #13 type] 
Type domain.Session is not enhanced.

[2025-05-16 13:41:10 #14 type.registry] 
New type domain.Reservation

[2025-05-16 13:41:10 #15 type] 
Type domain.Reservation is not enhanced.

[2025-05-16 13:41:10 #16 type.registry] 
New type java.util.ArrayList<java.lang.Object>

[2025-05-16 13:41:10 #17 type.registry] 
New type java.util.ArrayList<domain.Reservation>

[2025-05-16 13:41:35 #18 type.registry] 
New type domain.Bill

[2025-05-16 13:41:35 #19 type] 
Type domain.Bill is not enhanced.

[2025-05-16 13:41:35 #20 type.registry] 
New type java.lang.String[]

------------------------------------------------------------------------------------------------------------------------

[2025-05-16 13:52:32 #1 store] 
Database 'C:\Users\saeze\eclipse-workspace\kirol4ALL\src\main\resources\rides.temp' is opened by 24508@LAPTOP-VVQ3CHDH

[2025-05-16 13:52:32 #2 type.registry] 
New type domain.Room

[2025-05-16 13:52:32 #3 type] 
Type domain.Room is not enhanced.

[2025-05-16 13:52:32 #4 type.registry] 
New type domain.User

[2025-05-16 13:52:32 #5 type.registry] 
New type domain.Member

[2025-05-16 13:52:32 #6 type] 
Type domain.User is not enhanced.

[2025-05-16 13:52:32 #7 type] 
Type domain.Member is not enhanced.

[2025-05-16 13:52:32 #8 type.registry] 
New type domain.Manager

[2025-05-16 13:52:32 #9 type] 
Type domain.Manager is not enhanced.

[2025-05-16 13:52:32 #10 type.registry] 
New type domain.Activity

[2025-05-16 13:52:32 #11 type] 
Type domain.Activity is not enhanced.

[2025-05-16 13:52:32 #12 type.registry] 
New type domain.Session

[2025-05-16 13:52:32 #13 type] 
Type domain.Session is not enhanced.

[2025-05-16 13:52:32 #14 type.registry] 
New type domain.Reservation

[2025-05-16 13:52:32 #15 type] 
Type domain.Reservation is not enhanced.

[2025-05-16 13:52:32 #16 type.registry] 
New type java.util.ArrayList<java.lang.Object>

[2025-05-16 13:52:32 #17 type.registry] 
New type java.util.ArrayList<domain.Reservation>

[2025-05-16 13:52:47 #18 type.registry] 
New type domain.Bill

[2025-05-16 13:52:47 #19 type] 
Type domain.Bill is not enhanced.

[2025-05-16 13:52:47 #20 type.registry] 
New type java.lang.String[]

------------------------------------------------------------------------------------------------------------------------

[2025-05-16 14:54:39 #1 store] 
Database 'C:\Users\saeze\eclipse-workspace\kirol4ALL\src\main\resources\rides.temp' is opened by 15384@LAPTOP-VVQ3CHDH

[2025-05-16 14:54:39 #2 type.registry] 
New type domain.Room

[2025-05-16 14:54:39 #3 type] 
Type domain.Room is not enhanced.

[2025-05-16 14:54:39 #4 type.registry] 
New type domain.User

[2025-05-16 14:54:39 #5 type.registry] 
New type domain.Member

[2025-05-16 14:54:39 #6 type] 
Type domain.User is not enhanced.

[2025-05-16 14:54:39 #7 type] 
Type domain.Member is not enhanced.

[2025-05-16 14:54:39 #8 type.registry] 
New type domain.Manager

[2025-05-16 14:54:39 #9 type] 
Type domain.Manager is not enhanced.

[2025-05-16 14:54:39 #10 type.registry] 
New type domain.Activity

[2025-05-16 14:54:39 #11 type] 
Type domain.Activity is not enhanced.

[2025-05-16 14:54:40 #12 type.registry] 
New type domain.Session

[2025-05-16 14:54:40 #13 type] 
Type domain.Session is not enhanced.

[2025-05-16 14:54:40 #14 type.registry] 
New type domain.Reservation

[2025-05-16 14:54:40 #15 type] 
Type domain.Reservation is not enhanced.

[2025-05-16 14:54:40 #16 type.registry] 
New type java.util.ArrayList<java.lang.Object>

[2025-05-16 14:54:40 #17 type.registry] 
New type java.util.ArrayList<domain.Reservation>

[2025-05-16 14:55:11 #18 type.registry] 
New type domain.Bill

[2025-05-16 14:55:11 #19 type] 
Type domain.Bill is not enhanced.

[2025-05-16 14:55:11 #20 type.registry] 
New type java.lang.String[]

------------------------------------------------------------------------------------------------------------------------

[2025-05-16 17:35:43 #1 store] 
Database 'C:\Users\saeze\eclipse-workspace\kirol4ALL\src\main\resources\rides.temp' is opened by 29440@LAPTOP-VVQ3CHDH

[2025-05-16 17:35:44 #2 type.registry] 
New type domain.Room

[2025-05-16 17:35:44 #3 type] 
Type domain.Room is not enhanced.

[2025-05-16 17:35:44 #4 type.registry] 
New type domain.User

[2025-05-16 17:35:44 #5 type.registry] 
New type domain.Member

[2025-05-16 17:35:44 #6 type] 
Type domain.User is not enhanced.

[2025-05-16 17:35:44 #7 type] 
Type domain.Member is not enhanced.

[2025-05-16 17:35:44 #8 type.registry] 
New type domain.Manager

[2025-05-16 17:35:44 #9 type] 
Type domain.Manager is not enhanced.

[2025-05-16 17:35:44 #10 type.registry] 
New type domain.Activity

[2025-05-16 17:35:44 #11 type] 
Type domain.Activity is not enhanced.

[2025-05-16 17:35:44 #12 type.registry] 
New type domain.Session

[2025-05-16 17:35:44 #13 type] 
Type domain.Session is not enhanced.

[2025-05-16 17:35:44 #14 type.registry] 
New type domain.Reservation

[2025-05-16 17:35:44 #15 type] 
Type domain.Reservation is not enhanced.

[2025-05-16 17:35:44 #16 type.registry] 
New type java.util.ArrayList<java.lang.Object>

[2025-05-16 17:35:44 #17 type.registry] 
New type java.util.ArrayList<domain.Reservation>

[2025-05-16 17:36:17 #18 type.registry] 
New type domain.Bill

[2025-05-16 17:36:17 #19 type] 
Type domain.Bill is not enhanced.

[2025-05-16 17:36:17 #20 type.registry] 
New type java.lang.String[]

------------------------------------------------------------------------------------------------------------------------

[2025-05-16 18:42:07 #1 store] 
Database 'C:\Users\saeze\eclipse-workspace\kirol4ALL\src\main\resources\rides.temp' is opened by 29048@LAPTOP-VVQ3CHDH

[2025-05-16 18:42:07 #2 type.registry] 
New type domain.Room

[2025-05-16 18:42:07 #3 type] 
Type domain.Room is not enhanced.

[2025-05-16 18:42:07 #4 type.registry] 
New type domain.User

[2025-05-16 18:42:07 #5 type.registry] 
New type domain.Member

[2025-05-16 18:42:07 #6 type] 
Type domain.User is not enhanced.

[2025-05-16 18:42:07 #7 type] 
Type domain.Member is not enhanced.

[2025-05-16 18:42:07 #8 type.registry] 
New type domain.Manager

[2025-05-16 18:42:07 #9 type] 
Type domain.Manager is not enhanced.

[2025-05-16 18:42:07 #10 type.registry] 
New type domain.Activity

[2025-05-16 18:42:07 #11 type] 
Type domain.Activity is not enhanced.

[2025-05-16 18:42:07 #12 type.registry] 
New type domain.Session

[2025-05-16 18:42:07 #13 type] 
Type domain.Session is not enhanced.

[2025-05-16 18:42:07 #14 type.registry] 
New type domain.Reservation

[2025-05-16 18:42:07 #15 type] 
Type domain.Reservation is not enhanced.

[2025-05-16 18:42:07 #16 type.registry] 
New type java.util.ArrayList<java.lang.Object>

[2025-05-16 18:42:07 #17 type.registry] 
New type java.util.ArrayList<domain.Reservation>

------------------------------------------------------------------------------------------------------------------------

[2025-05-16 18:52:08 #1 store] 
Database 'C:\Users\saeze\eclipse-workspace\kirol4ALL\src\main\resources\rides.temp' is opened by 31316@LAPTOP-VVQ3CHDH

[2025-05-16 18:52:08 #2 type.registry] 
New type domain.Room

[2025-05-16 18:52:08 #3 type] 
Type domain.Room is not enhanced.

[2025-05-16 18:52:08 #4 type.registry] 
New type domain.User

[2025-05-16 18:52:08 #5 type.registry] 
New type domain.Member

[2025-05-16 18:52:08 #6 type] 
Type domain.User is not enhanced.

[2025-05-16 18:52:08 #7 type] 
Type domain.Member is not enhanced.

[2025-05-16 18:52:08 #8 type.registry] 
New type domain.Manager

[2025-05-16 18:52:08 #9 type] 
Type domain.Manager is not enhanced.

[2025-05-16 18:52:08 #10 type.registry] 
New type domain.Activity

[2025-05-16 18:52:08 #11 type] 
Type domain.Activity is not enhanced.

[2025-05-16 18:52:08 #12 type.registry] 
New type domain.Session

[2025-05-16 18:52:08 #13 type] 
Type domain.Session is not enhanced.

[2025-05-16 18:52:08 #14 type.registry] 
New type domain.Reservation

[2025-05-16 18:52:08 #15 type] 
Type domain.Reservation is not enhanced.

[2025-05-16 18:52:08 #16 type.registry] 
New type java.util.ArrayList<java.lang.Object>

[2025-05-16 18:52:08 #17 type.registry] 
New type java.util.ArrayList<domain.Reservation>

[2025-05-16 19:01:10 #18 type.registry] 
New type domain.Bill

[2025-05-16 19:01:10 #19 type] 
Type domain.Bill is not enhanced.

[2025-05-16 19:01:10 #20 type.registry] 
New type java.lang.String[]

------------------------------------------------------------------------------------------------------------------------

[2025-05-16 19:15:27 #1 store] 
Database 'C:\Users\saeze\eclipse-workspace\kirol4ALL\src\main\resources\rides.temp' is opened by 31664@LAPTOP-VVQ3CHDH

[2025-05-16 19:15:27 #2 type.registry] 
New type domain.Room

[2025-05-16 19:15:27 #3 type] 
Type domain.Room is not enhanced.

[2025-05-16 19:15:27 #4 type.registry] 
New type domain.User

[2025-05-16 19:15:27 #5 type.registry] 
New type domain.Member

[2025-05-16 19:15:27 #6 type] 
Type domain.User is not enhanced.

[2025-05-16 19:15:27 #7 type] 
Type domain.Member is not enhanced.

[2025-05-16 19:15:27 #8 type.registry] 
New type domain.Manager

[2025-05-16 19:15:27 #9 type] 
Type domain.Manager is not enhanced.

[2025-05-16 19:15:27 #10 type.registry] 
New type domain.Activity

[2025-05-16 19:15:27 #11 type] 
Type domain.Activity is not enhanced.

[2025-05-16 19:15:27 #12 type.registry] 
New type domain.Session

[2025-05-16 19:15:27 #13 type] 
Type domain.Session is not enhanced.

[2025-05-16 19:15:27 #14 type.registry] 
New type domain.Reservation

[2025-05-16 19:15:27 #15 type] 
Type domain.Reservation is not enhanced.

[2025-05-16 19:15:27 #16 type.registry] 
New type java.util.ArrayList<java.lang.Object>

[2025-05-16 19:15:27 #17 type.registry] 
New type java.util.ArrayList<domain.Reservation>

[2025-05-16 19:15:48 #18 type.registry] 
New type domain.Bill

[2025-05-16 19:15:48 #19 type] 
Type domain.Bill is not enhanced.

[2025-05-16 19:15:48 #20 type.registry] 
New type java.lang.String[]

------------------------------------------------------------------------------------------------------------------------

[2025-05-16 19:16:04 #1 store] 
Database 'C:\Users\saeze\eclipse-workspace\kirol4ALL\src\main\resources\rides.temp' is opened by 30248@LAPTOP-VVQ3CHDH

[2025-05-16 19:16:04 #2 type.registry] 
New type domain.Room

[2025-05-16 19:16:04 #3 type] 
Type domain.Room is not enhanced.

[2025-05-16 19:16:04 #4 type.registry] 
New type domain.User

[2025-05-16 19:16:04 #5 type.registry] 
New type domain.Member

[2025-05-16 19:16:04 #6 type] 
Type domain.User is not enhanced.

[2025-05-16 19:16:04 #7 type] 
Type domain.Member is not enhanced.

[2025-05-16 19:16:04 #8 type.registry] 
New type domain.Manager

[2025-05-16 19:16:04 #9 type] 
Type domain.Manager is not enhanced.

[2025-05-16 19:16:04 #10 type.registry] 
New type domain.Activity

[2025-05-16 19:16:04 #11 type] 
Type domain.Activity is not enhanced.

[2025-05-16 19:16:04 #12 type.registry] 
New type domain.Session

[2025-05-16 19:16:04 #13 type] 
Type domain.Session is not enhanced.

[2025-05-16 19:16:04 #14 type.registry] 
New type domain.Reservation

[2025-05-16 19:16:04 #15 type] 
Type domain.Reservation is not enhanced.

[2025-05-16 19:16:04 #16 type.registry] 
New type java.util.ArrayList<java.lang.Object>

[2025-05-16 19:16:04 #17 type.registry] 
New type java.util.ArrayList<domain.Reservation>

[2025-05-16 19:16:18 #18 type.registry] 
New type domain.Bill

[2025-05-16 19:16:18 #19 type] 
Type domain.Bill is not enhanced.

[2025-05-16 19:16:18 #20 type.registry] 
New type java.lang.String[]

------------------------------------------------------------------------------------------------------------------------

[2025-05-16 19:18:16 #1 store] 
Database 'C:\Users\saeze\eclipse-workspace\kirol4ALL\src\main\resources\rides.temp' is opened by 21748@LAPTOP-VVQ3CHDH

[2025-05-16 19:18:16 #2 type.registry] 
New type domain.Room

[2025-05-16 19:18:16 #3 type] 
Type domain.Room is not enhanced.

[2025-05-16 19:18:16 #4 type.registry] 
New type domain.User

[2025-05-16 19:18:16 #5 type.registry] 
New type domain.Member

[2025-05-16 19:18:16 #6 type] 
Type domain.User is not enhanced.

[2025-05-16 19:18:16 #7 type] 
Type domain.Member is not enhanced.

[2025-05-16 19:18:16 #8 type.registry] 
New type domain.Manager

[2025-05-16 19:18:16 #9 type] 
Type domain.Manager is not enhanced.

[2025-05-16 19:18:16 #10 type.registry] 
New type domain.Activity

[2025-05-16 19:18:16 #11 type] 
Type domain.Activity is not enhanced.

[2025-05-16 19:18:16 #12 type.registry] 
New type domain.Session

[2025-05-16 19:18:16 #13 type] 
Type domain.Session is not enhanced.

[2025-05-16 19:18:16 #14 type.registry] 
New type domain.Reservation

[2025-05-16 19:18:16 #15 type] 
Type domain.Reservation is not enhanced.

[2025-05-16 19:18:16 #16 type.registry] 
New type java.util.ArrayList<java.lang.Object>

[2025-05-16 19:18:16 #17 type.registry] 
New type java.util.ArrayList<domain.Reservation>

[2025-05-16 19:18:28 #18 type.registry] 
New type domain.Bill

[2025-05-16 19:18:28 #19 type] 
Type domain.Bill is not enhanced.

[2025-05-16 19:18:28 #20 type.registry] 
New type java.lang.String[]

------------------------------------------------------------------------------------------------------------------------

[2025-05-16 19:20:00 #1 store] 
Database 'C:\Users\saeze\eclipse-workspace\kirol4ALL\src\main\resources\rides.temp' is opened by 12400@LAPTOP-VVQ3CHDH

[2025-05-16 19:20:00 #2 type.registry] 
New type domain.Room

[2025-05-16 19:20:00 #3 type] 
Type domain.Room is not enhanced.

[2025-05-16 19:20:00 #4 type.registry] 
New type domain.User

[2025-05-16 19:20:00 #5 type.registry] 
New type domain.Member

[2025-05-16 19:20:00 #6 type] 
Type domain.User is not enhanced.

[2025-05-16 19:20:00 #7 type] 
Type domain.Member is not enhanced.

[2025-05-16 19:20:00 #8 type.registry] 
New type domain.Manager

[2025-05-16 19:20:00 #9 type] 
Type domain.Manager is not enhanced.

[2025-05-16 19:20:00 #10 type.registry] 
New type domain.Activity

[2025-05-16 19:20:00 #11 type] 
Type domain.Activity is not enhanced.

[2025-05-16 19:20:00 #12 type.registry] 
New type domain.Session

[2025-05-16 19:20:00 #13 type] 
Type domain.Session is not enhanced.

[2025-05-16 19:20:00 #14 type.registry] 
New type domain.Reservation

[2025-05-16 19:20:00 #15 type] 
Type domain.Reservation is not enhanced.

[2025-05-16 19:20:00 #16 type.registry] 
New type java.util.ArrayList<java.lang.Object>

[2025-05-16 19:20:00 #17 type.registry] 
New type java.util.ArrayList<domain.Reservation>

[2025-05-16 19:20:15 #18 type.registry] 
New type domain.Bill

[2025-05-16 19:20:15 #19 type] 
Type domain.Bill is not enhanced.

[2025-05-16 19:20:15 #20 type.registry] 
New type java.lang.String[]

------------------------------------------------------------------------------------------------------------------------

[2025-05-16 19:21:51 #1 store] 
Database 'C:\Users\saeze\eclipse-workspace\kirol4ALL\src\main\resources\rides.temp' is opened by 31192@LAPTOP-VVQ3CHDH

[2025-05-16 19:21:51 #2 type.registry] 
New type domain.Room

[2025-05-16 19:21:51 #3 type] 
Type domain.Room is not enhanced.

[2025-05-16 19:21:51 #4 type.registry] 
New type domain.User

[2025-05-16 19:21:51 #5 type.registry] 
New type domain.Member

[2025-05-16 19:21:51 #6 type] 
Type domain.User is not enhanced.

[2025-05-16 19:21:51 #7 type] 
Type domain.Member is not enhanced.

[2025-05-16 19:21:51 #8 type.registry] 
New type domain.Manager

[2025-05-16 19:21:51 #9 type] 
Type domain.Manager is not enhanced.

[2025-05-16 19:21:51 #10 type.registry] 
New type domain.Activity

[2025-05-16 19:21:51 #11 type] 
Type domain.Activity is not enhanced.

[2025-05-16 19:21:51 #12 type.registry] 
New type domain.Session

[2025-05-16 19:21:51 #13 type] 
Type domain.Session is not enhanced.

[2025-05-16 19:21:51 #14 type.registry] 
New type domain.Reservation

[2025-05-16 19:21:51 #15 type] 
Type domain.Reservation is not enhanced.

[2025-05-16 19:21:51 #16 type.registry] 
New type java.util.ArrayList<java.lang.Object>

[2025-05-16 19:21:51 #17 type.registry] 
New type java.util.ArrayList<domain.Reservation>

[2025-05-16 19:22:06 #18 type.registry] 
New type domain.Bill

[2025-05-16 19:22:06 #19 type] 
Type domain.Bill is not enhanced.

[2025-05-16 19:22:06 #20 type.registry] 
New type java.lang.String[]

------------------------------------------------------------------------------------------------------------------------

[2025-05-16 19:22:34 #1 store] 
Database 'C:\Users\saeze\eclipse-workspace\kirol4ALL\src\main\resources\rides.temp' is opened by 29116@LAPTOP-VVQ3CHDH

[2025-05-16 19:22:34 #2 type.registry] 
New type domain.Room

[2025-05-16 19:22:34 #3 type] 
Type domain.Room is not enhanced.

[2025-05-16 19:22:34 #4 type.registry] 
New type domain.User

[2025-05-16 19:22:34 #5 type.registry] 
New type domain.Member

[2025-05-16 19:22:34 #6 type] 
Type domain.User is not enhanced.

[2025-05-16 19:22:34 #7 type] 
Type domain.Member is not enhanced.

[2025-05-16 19:22:34 #8 type.registry] 
New type domain.Manager

[2025-05-16 19:22:34 #9 type] 
Type domain.Manager is not enhanced.

[2025-05-16 19:22:34 #10 type.registry] 
New type domain.Activity

[2025-05-16 19:22:34 #11 type] 
Type domain.Activity is not enhanced.

[2025-05-16 19:22:34 #12 type.registry] 
New type domain.Session

[2025-05-16 19:22:34 #13 type] 
Type domain.Session is not enhanced.

[2025-05-16 19:22:34 #14 type.registry] 
New type domain.Reservation

[2025-05-16 19:22:34 #15 type] 
Type domain.Reservation is not enhanced.

[2025-05-16 19:22:34 #16 type.registry] 
New type java.util.ArrayList<java.lang.Object>

[2025-05-16 19:22:34 #17 type.registry] 
New type java.util.ArrayList<domain.Reservation>

[2025-05-16 19:22:49 #18 type.registry] 
New type domain.Bill

[2025-05-16 19:22:49 #19 type] 
Type domain.Bill is not enhanced.

[2025-05-16 19:22:49 #20 type.registry] 
New type java.lang.String[]

------------------------------------------------------------------------------------------------------------------------

[2025-05-16 19:29:37 #1 store] 
Database 'C:\Users\saeze\eclipse-workspace\kirol4ALL\src\main\resources\rides.temp' is opened by 29860@LAPTOP-VVQ3CHDH

[2025-05-16 19:29:37 #2 type.registry] 
New type domain.Room

[2025-05-16 19:29:37 #3 type] 
Type domain.Room is not enhanced.

[2025-05-16 19:29:37 #4 type.registry] 
New type domain.User

[2025-05-16 19:29:37 #5 type.registry] 
New type domain.Member

[2025-05-16 19:29:37 #6 type] 
Type domain.User is not enhanced.

[2025-05-16 19:29:37 #7 type] 
Type domain.Member is not enhanced.

[2025-05-16 19:29:37 #8 type.registry] 
New type domain.Manager

[2025-05-16 19:29:37 #9 type] 
Type domain.Manager is not enhanced.

[2025-05-16 19:29:37 #10 type.registry] 
New type domain.Activity

[2025-05-16 19:29:37 #11 type] 
Type domain.Activity is not enhanced.

[2025-05-16 19:29:37 #12 type.registry] 
New type domain.Session

[2025-05-16 19:29:37 #13 type] 
Type domain.Session is not enhanced.

[2025-05-16 19:29:37 #14 type.registry] 
New type domain.Reservation

[2025-05-16 19:29:37 #15 type] 
Type domain.Reservation is not enhanced.

[2025-05-16 19:29:37 #16 type.registry] 
New type java.util.ArrayList<java.lang.Object>

[2025-05-16 19:29:37 #17 type.registry] 
New type java.util.ArrayList<domain.Reservation>

------------------------------------------------------------------------------------------------------------------------

[2025-05-16 19:33:40 #1 store] 
Database 'C:\Users\saeze\eclipse-workspace\kirol4ALL\src\main\resources\rides.temp' is opened by 30896@LAPTOP-VVQ3CHDH

[2025-05-16 19:33:40 #2 type.registry] 
New type domain.Room

[2025-05-16 19:33:40 #3 type] 
Type domain.Room is not enhanced.

[2025-05-16 19:33:40 #4 type.registry] 
New type domain.User

[2025-05-16 19:33:40 #5 type.registry] 
New type domain.Member

[2025-05-16 19:33:40 #6 type] 
Type domain.User is not enhanced.

[2025-05-16 19:33:40 #7 type] 
Type domain.Member is not enhanced.

[2025-05-16 19:33:40 #8 type.registry] 
New type domain.Manager

[2025-05-16 19:33:40 #9 type] 
Type domain.Manager is not enhanced.

[2025-05-16 19:33:40 #10 type.registry] 
New type domain.Activity

[2025-05-16 19:33:40 #11 type] 
Type domain.Activity is not enhanced.

[2025-05-16 19:33:40 #12 type.registry] 
New type domain.Session

[2025-05-16 19:33:40 #13 type] 
Type domain.Session is not enhanced.

[2025-05-16 19:33:40 #14 type.registry] 
New type domain.Reservation

[2025-05-16 19:33:40 #15 type] 
Type domain.Reservation is not enhanced.

[2025-05-16 19:33:40 #16 type.registry] 
New type java.util.ArrayList<java.lang.Object>

[2025-05-16 19:33:40 #17 type.registry] 
New type java.util.ArrayList<domain.Reservation>

------------------------------------------------------------------------------------------------------------------------

[2025-05-16 19:42:15 #1 store] 
Database 'C:\Users\saeze\eclipse-workspace\kirol4ALL\src\main\resources\rides.temp' is opened by 7928@LAPTOP-VVQ3CHDH

[2025-05-16 19:42:15 #2 type.registry] 
New type domain.Room

[2025-05-16 19:42:15 #3 type] 
Type domain.Room is not enhanced.

[2025-05-16 19:42:16 #4 type.registry] 
New type domain.User

[2025-05-16 19:42:16 #5 type.registry] 
New type domain.Member

[2025-05-16 19:42:16 #6 type] 
Type domain.User is not enhanced.

[2025-05-16 19:42:16 #7 type] 
Type domain.Member is not enhanced.

[2025-05-16 19:42:16 #8 type.registry] 
New type domain.Manager

[2025-05-16 19:42:16 #9 type] 
Type domain.Manager is not enhanced.

[2025-05-16 19:42:16 #10 type.registry] 
New type domain.Activity

[2025-05-16 19:42:16 #11 type] 
Type domain.Activity is not enhanced.

[2025-05-16 19:42:16 #12 type.registry] 
New type domain.Session

[2025-05-16 19:42:16 #13 type] 
Type domain.Session is not enhanced.

[2025-05-16 19:42:16 #14 type.registry] 
New type domain.Reservation

[2025-05-16 19:42:16 #15 type] 
Type domain.Reservation is not enhanced.

[2025-05-16 19:42:16 #16 type.registry] 
New type java.util.ArrayList<java.lang.Object>

[2025-05-16 19:42:16 #17 type.registry] 
New type java.util.ArrayList<domain.Reservation>

------------------------------------------------------------------------------------------------------------------------

[2025-05-16 19:42:49 #1 store] 
Database 'C:\Users\saeze\eclipse-workspace\kirol4ALL\src\main\resources\rides.temp' is opened by 26372@LAPTOP-VVQ3CHDH

[2025-05-16 19:42:49 #2 type.registry] 
New type domain.Room

[2025-05-16 19:42:49 #3 type] 
Type domain.Room is not enhanced.

[2025-05-16 19:42:49 #4 type.registry] 
New type domain.User

[2025-05-16 19:42:49 #5 type.registry] 
New type domain.Member

[2025-05-16 19:42:49 #6 type] 
Type domain.User is not enhanced.

[2025-05-16 19:42:49 #7 type] 
Type domain.Member is not enhanced.

[2025-05-16 19:42:50 #8 type.registry] 
New type domain.Manager

[2025-05-16 19:42:50 #9 type] 
Type domain.Manager is not enhanced.

[2025-05-16 19:42:50 #10 type.registry] 
New type domain.Activity

[2025-05-16 19:42:50 #11 type] 
Type domain.Activity is not enhanced.

[2025-05-16 19:42:50 #12 type.registry] 
New type domain.Session

[2025-05-16 19:42:50 #13 type] 
Type domain.Session is not enhanced.

[2025-05-16 19:42:50 #14 type.registry] 
New type domain.Reservation

[2025-05-16 19:42:50 #15 type] 
Type domain.Reservation is not enhanced.

[2025-05-16 19:42:50 #16 type.registry] 
New type java.util.ArrayList<java.lang.Object>

[2025-05-16 19:42:50 #17 type.registry] 
New type java.util.ArrayList<domain.Reservation>

[2025-05-16 19:48:56 #18 type.registry] 
New type domain.Bill

[2025-05-16 19:48:56 #19 type] 
Type domain.Bill is not enhanced.

[2025-05-16 19:48:56 #20 type.registry] 
New type java.lang.String[]

------------------------------------------------------------------------------------------------------------------------

[2025-05-16 19:51:08 #1 store] 
Database 'C:\Users\saeze\eclipse-workspace\kirol4ALL\src\main\resources\rides.temp' is opened by 29636@LAPTOP-VVQ3CHDH

[2025-05-16 19:51:08 #2 type.registry] 
New type domain.Room

[2025-05-16 19:51:08 #3 type] 
Type domain.Room is not enhanced.

[2025-05-16 19:51:08 #4 type.registry] 
New type domain.User

[2025-05-16 19:51:08 #5 type.registry] 
New type domain.Member

[2025-05-16 19:51:08 #6 type] 
Type domain.User is not enhanced.

[2025-05-16 19:51:08 #7 type] 
Type domain.Member is not enhanced.

[2025-05-16 19:51:08 #8 type.registry] 
New type domain.Manager

[2025-05-16 19:51:08 #9 type] 
Type domain.Manager is not enhanced.

[2025-05-16 19:51:08 #10 type.registry] 
New type domain.Activity

[2025-05-16 19:51:08 #11 type] 
Type domain.Activity is not enhanced.

[2025-05-16 19:51:08 #12 type.registry] 
New type domain.Session

[2025-05-16 19:51:08 #13 type] 
Type domain.Session is not enhanced.

[2025-05-16 19:51:08 #14 type.registry] 
New type domain.Reservation

[2025-05-16 19:51:08 #15 type] 
Type domain.Reservation is not enhanced.

[2025-05-16 19:51:08 #16 type.registry] 
New type java.util.ArrayList<java.lang.Object>

[2025-05-16 19:51:08 #17 type.registry] 
New type java.util.ArrayList<domain.Reservation>

[2025-05-16 19:51:40 #18 type.registry] 
New type domain.Bill

[2025-05-16 19:51:40 #19 type] 
Type domain.Bill is not enhanced.

[2025-05-16 19:51:40 #20 type.registry] 
New type java.lang.String[]

------------------------------------------------------------------------------------------------------------------------

[2025-05-16 20:07:32 #1 store] 
Database 'C:\Users\saeze\eclipse-workspace\kirol4ALL\src\main\resources\rides.temp' is opened by 30432@LAPTOP-VVQ3CHDH

[2025-05-16 20:07:32 #2 type.registry] 
New type domain.Room

[2025-05-16 20:07:32 #3 type] 
Type domain.Room is not enhanced.

[2025-05-16 20:07:32 #4 type.registry] 
New type domain.User

[2025-05-16 20:07:32 #5 type.registry] 
New type domain.Member

[2025-05-16 20:07:32 #6 type] 
Type domain.User is not enhanced.

[2025-05-16 20:07:32 #7 type] 
Type domain.Member is not enhanced.

[2025-05-16 20:07:32 #8 type.registry] 
New type domain.Manager

[2025-05-16 20:07:32 #9 type] 
Type domain.Manager is not enhanced.

[2025-05-16 20:07:32 #10 type.registry] 
New type domain.Activity

[2025-05-16 20:07:32 #11 type] 
Type domain.Activity is not enhanced.

[2025-05-16 20:07:32 #12 type.registry] 
New type domain.Session

[2025-05-16 20:07:32 #13 type] 
Type domain.Session is not enhanced.

[2025-05-16 20:07:32 #14 type.registry] 
New type domain.Reservation

[2025-05-16 20:07:32 #15 type] 
Type domain.Reservation is not enhanced.

[2025-05-16 20:07:32 #16 type.registry] 
New type java.util.ArrayList<java.lang.Object>

[2025-05-16 20:07:32 #17 type.registry] 
New type java.util.ArrayList<domain.Reservation>

[2025-05-16 20:08:16 #18 type.registry] 
New type domain.Bill

[2025-05-16 20:08:16 #19 type] 
Type domain.Bill is not enhanced.

[2025-05-16 20:08:16 #20 type.registry] 
New type java.lang.String[]

------------------------------------------------------------------------------------------------------------------------

[2025-05-16 20:12:42 #1 store] 
Database 'C:\Users\saeze\eclipse-workspace\kirol4ALL\src\main\resources\rides.temp' is opened by 30496@LAPTOP-VVQ3CHDH

[2025-05-16 20:12:42 #2 type.registry] 
New type domain.Room

[2025-05-16 20:12:42 #3 type] 
Type domain.Room is not enhanced.

[2025-05-16 20:12:42 #4 type.registry] 
New type domain.User

[2025-05-16 20:12:42 #5 type.registry] 
New type domain.Member

[2025-05-16 20:12:42 #6 type] 
Type domain.User is not enhanced.

[2025-05-16 20:12:42 #7 type] 
Type domain.Member is not enhanced.

[2025-05-16 20:12:42 #8 type.registry] 
New type domain.Manager

[2025-05-16 20:12:42 #9 type] 
Type domain.Manager is not enhanced.

[2025-05-16 20:12:42 #10 type.registry] 
New type domain.Activity

[2025-05-16 20:12:42 #11 type] 
Type domain.Activity is not enhanced.

[2025-05-16 20:12:42 #12 type.registry] 
New type domain.Session

[2025-05-16 20:12:42 #13 type] 
Type domain.Session is not enhanced.

[2025-05-16 20:12:42 #14 type.registry] 
New type domain.Reservation

[2025-05-16 20:12:42 #15 type] 
Type domain.Reservation is not enhanced.

[2025-05-16 20:12:42 #16 type.registry] 
New type java.util.ArrayList<java.lang.Object>

[2025-05-16 20:12:42 #17 type.registry] 
New type java.util.ArrayList<domain.Reservation>

[2025-05-16 20:13:27 #18 type.registry] 
New type domain.Bill

[2025-05-16 20:13:27 #19 type] 
Type domain.Bill is not enhanced.

[2025-05-16 20:13:27 #20 type.registry] 
New type java.lang.String[]

------------------------------------------------------------------------------------------------------------------------

[2025-05-16 20:16:28 #1 store] 
Database 'C:\Users\saeze\eclipse-workspace\kirol4ALL\src\main\resources\rides.temp' is opened by 28068@LAPTOP-VVQ3CHDH

[2025-05-16 20:16:28 #2 type.registry] 
New type domain.Room

[2025-05-16 20:16:28 #3 type] 
Type domain.Room is not enhanced.

[2025-05-16 20:16:28 #4 type.registry] 
New type domain.User

[2025-05-16 20:16:28 #5 type.registry] 
New type domain.Member

[2025-05-16 20:16:28 #6 type] 
Type domain.User is not enhanced.

[2025-05-16 20:16:28 #7 type] 
Type domain.Member is not enhanced.

[2025-05-16 20:16:28 #8 type.registry] 
New type domain.Manager

[2025-05-16 20:16:28 #9 type] 
Type domain.Manager is not enhanced.

[2025-05-16 20:16:28 #10 type.registry] 
New type domain.Activity

[2025-05-16 20:16:28 #11 type] 
Type domain.Activity is not enhanced.

[2025-05-16 20:16:28 #12 type.registry] 
New type domain.Session

[2025-05-16 20:16:28 #13 type] 
Type domain.Session is not enhanced.

[2025-05-16 20:16:28 #14 type.registry] 
New type domain.Reservation

[2025-05-16 20:16:28 #15 type] 
Type domain.Reservation is not enhanced.

[2025-05-16 20:16:28 #16 type.registry] 
New type java.util.ArrayList<java.lang.Object>

[2025-05-16 20:16:28 #17 type.registry] 
New type java.util.ArrayList<domain.Reservation>

[2025-05-16 20:16:53 #18 type.registry] 
New type domain.Bill

[2025-05-16 20:16:53 #19 type] 
Type domain.Bill is not enhanced.

[2025-05-16 20:16:53 #20 type.registry] 
New type java.lang.String[]

------------------------------------------------------------------------------------------------------------------------

[2025-05-16 20:21:17 #1 store] 
Database 'C:\Users\saeze\eclipse-workspace\kirol4ALL\src\main\resources\rides.temp' is opened by 29944@LAPTOP-VVQ3CHDH

[2025-05-16 20:21:18 #2 type.registry] 
New type domain.Room

[2025-05-16 20:21:18 #3 type] 
Type domain.Room is not enhanced.

[2025-05-16 20:21:18 #4 type.registry] 
New type domain.User

[2025-05-16 20:21:18 #5 type.registry] 
New type domain.Member

[2025-05-16 20:21:18 #6 type] 
Type domain.User is not enhanced.

[2025-05-16 20:21:18 #7 type] 
Type domain.Member is not enhanced.

[2025-05-16 20:21:18 #8 type.registry] 
New type domain.Manager

[2025-05-16 20:21:18 #9 type] 
Type domain.Manager is not enhanced.

[2025-05-16 20:21:18 #10 type.registry] 
New type domain.Activity

[2025-05-16 20:21:18 #11 type] 
Type domain.Activity is not enhanced.

[2025-05-16 20:21:18 #12 type.registry] 
New type domain.Session

[2025-05-16 20:21:18 #13 type] 
Type domain.Session is not enhanced.

[2025-05-16 20:21:18 #14 type.registry] 
New type domain.Reservation

[2025-05-16 20:21:18 #15 type] 
Type domain.Reservation is not enhanced.

[2025-05-16 20:21:18 #16 type.registry] 
New type java.util.ArrayList<java.lang.Object>

[2025-05-16 20:21:18 #17 type.registry] 
New type java.util.ArrayList<domain.Reservation>

[2025-05-16 20:21:41 #18 type.registry] 
New type domain.Bill

[2025-05-16 20:21:41 #19 type] 
Type domain.Bill is not enhanced.

[2025-05-16 20:21:41 #20 type.registry] 
New type java.lang.String[]

------------------------------------------------------------------------------------------------------------------------

[2025-05-16 20:27:03 #1 store] 
Database 'C:\Users\saeze\eclipse-workspace\kirol4ALL\src\main\resources\rides.temp' is opened by 22536@LAPTOP-VVQ3CHDH

[2025-05-16 20:27:03 #2 type.registry] 
New type domain.Room

[2025-05-16 20:27:03 #3 type] 
Type domain.Room is not enhanced.

[2025-05-16 20:27:04 #4 type.registry] 
New type domain.User

[2025-05-16 20:27:04 #5 type.registry] 
New type domain.Member

[2025-05-16 20:27:04 #6 type] 
Type domain.User is not enhanced.

[2025-05-16 20:27:04 #7 type] 
Type domain.Member is not enhanced.

[2025-05-16 20:27:04 #8 type.registry] 
New type domain.Manager

[2025-05-16 20:27:04 #9 type] 
Type domain.Manager is not enhanced.

[2025-05-16 20:27:04 #10 type.registry] 
New type domain.Activity

[2025-05-16 20:27:04 #11 type] 
Type domain.Activity is not enhanced.

[2025-05-16 20:27:04 #12 type.registry] 
New type domain.Session

[2025-05-16 20:27:04 #13 type] 
Type domain.Session is not enhanced.

[2025-05-16 20:27:04 #14 type.registry] 
New type domain.Reservation

[2025-05-16 20:27:04 #15 type] 
Type domain.Reservation is not enhanced.

[2025-05-16 20:27:04 #16 type.registry] 
New type java.util.ArrayList<java.lang.Object>

[2025-05-16 20:27:04 #17 type.registry] 
New type java.util.ArrayList<domain.Reservation>

[2025-05-16 20:27:33 #18 type.registry] 
New type domain.Bill

[2025-05-16 20:27:33 #19 type] 
Type domain.Bill is not enhanced.

[2025-05-16 20:27:33 #20 type.registry] 
New type java.lang.String[]

------------------------------------------------------------------------------------------------------------------------

[2025-05-16 20:32:00 #1 store] 
Database 'C:\Users\saeze\eclipse-workspace\kirol4ALL\src\main\resources\rides.temp' is opened by 26288@LAPTOP-VVQ3CHDH

[2025-05-16 20:32:01 #2 type.registry] 
New type domain.Room

[2025-05-16 20:32:01 #3 type] 
Type domain.Room is not enhanced.

[2025-05-16 20:32:01 #4 type.registry] 
New type domain.User

[2025-05-16 20:32:01 #5 type.registry] 
New type domain.Member

[2025-05-16 20:32:01 #6 type] 
Type domain.User is not enhanced.

[2025-05-16 20:32:01 #7 type] 
Type domain.Member is not enhanced.

[2025-05-16 20:32:01 #8 type.registry] 
New type domain.Manager

[2025-05-16 20:32:01 #9 type] 
Type domain.Manager is not enhanced.

[2025-05-16 20:32:01 #10 type.registry] 
New type domain.Activity

[2025-05-16 20:32:01 #11 type] 
Type domain.Activity is not enhanced.

[2025-05-16 20:32:01 #12 type.registry] 
New type domain.Session

[2025-05-16 20:32:01 #13 type] 
Type domain.Session is not enhanced.

[2025-05-16 20:32:01 #14 type.registry] 
New type domain.Reservation

[2025-05-16 20:32:01 #15 type] 
Type domain.Reservation is not enhanced.

[2025-05-16 20:32:01 #16 type.registry] 
New type java.util.ArrayList<java.lang.Object>

[2025-05-16 20:32:01 #17 type.registry] 
New type java.util.ArrayList<domain.Reservation>

[2025-05-16 20:32:11 #18 type.registry] 
New type domain.Bill

[2025-05-16 20:32:11 #19 type] 
Type domain.Bill is not enhanced.

[2025-05-16 20:32:11 #20 type.registry] 
New type java.lang.String[]

------------------------------------------------------------------------------------------------------------------------

[2025-05-16 20:32:41 #1 store] 
Database 'C:\Users\saeze\eclipse-workspace\kirol4ALL\src\main\resources\rides.temp' is opened by 22212@LAPTOP-VVQ3CHDH

[2025-05-16 20:32:41 #2 type.registry] 
New type domain.Room

[2025-05-16 20:32:41 #3 type] 
Type domain.Room is not enhanced.

[2025-05-16 20:32:41 #4 type.registry] 
New type domain.User

[2025-05-16 20:32:41 #5 type.registry] 
New type domain.Member

[2025-05-16 20:32:41 #6 type] 
Type domain.User is not enhanced.

[2025-05-16 20:32:41 #7 type] 
Type domain.Member is not enhanced.

[2025-05-16 20:32:41 #8 type.registry] 
New type domain.Manager

[2025-05-16 20:32:41 #9 type] 
Type domain.Manager is not enhanced.

[2025-05-16 20:32:41 #10 type.registry] 
New type domain.Activity

[2025-05-16 20:32:41 #11 type] 
Type domain.Activity is not enhanced.

[2025-05-16 20:32:42 #12 type.registry] 
New type domain.Session

[2025-05-16 20:32:42 #13 type] 
Type domain.Session is not enhanced.

[2025-05-16 20:32:42 #14 type.registry] 
New type domain.Reservation

[2025-05-16 20:32:42 #15 type] 
Type domain.Reservation is not enhanced.

[2025-05-16 20:32:42 #16 type.registry] 
New type java.util.ArrayList<java.lang.Object>

[2025-05-16 20:32:42 #17 type.registry] 
New type java.util.ArrayList<domain.Reservation>

[2025-05-16 20:32:53 #18 type.registry] 
New type domain.Bill

[2025-05-16 20:32:53 #19 type] 
Type domain.Bill is not enhanced.

[2025-05-16 20:32:53 #20 type.registry] 
New type java.lang.String[]

------------------------------------------------------------------------------------------------------------------------

[2025-05-16 20:33:14 #1 store] 
Database 'C:\Users\saeze\eclipse-workspace\kirol4ALL\src\main\resources\rides.temp' is opened by 28556@LAPTOP-VVQ3CHDH

[2025-05-16 20:33:14 #2 type.registry] 
New type domain.Room

[2025-05-16 20:33:14 #3 type] 
Type domain.Room is not enhanced.

[2025-05-16 20:33:14 #4 type.registry] 
New type domain.User

[2025-05-16 20:33:14 #5 type.registry] 
New type domain.Member

[2025-05-16 20:33:14 #6 type] 
Type domain.User is not enhanced.

[2025-05-16 20:33:14 #7 type] 
Type domain.Member is not enhanced.

[2025-05-16 20:33:14 #8 type.registry] 
New type domain.Manager

[2025-05-16 20:33:14 #9 type] 
Type domain.Manager is not enhanced.

[2025-05-16 20:33:14 #10 type.registry] 
New type domain.Activity

[2025-05-16 20:33:14 #11 type] 
Type domain.Activity is not enhanced.

[2025-05-16 20:33:14 #12 type.registry] 
New type domain.Session

[2025-05-16 20:33:14 #13 type] 
Type domain.Session is not enhanced.

[2025-05-16 20:33:14 #14 type.registry] 
New type domain.Reservation

[2025-05-16 20:33:14 #15 type] 
Type domain.Reservation is not enhanced.

[2025-05-16 20:33:14 #16 type.registry] 
New type java.util.ArrayList<java.lang.Object>

[2025-05-16 20:33:14 #17 type.registry] 
New type java.util.ArrayList<domain.Reservation>

[2025-05-16 20:33:24 #18 type.registry] 
New type domain.Bill

[2025-05-16 20:33:24 #19 type] 
Type domain.Bill is not enhanced.

[2025-05-16 20:33:24 #20 type.registry] 
New type java.lang.String[]

------------------------------------------------------------------------------------------------------------------------

[2025-05-16 20:35:39 #1 store] 
Database 'C:\Users\saeze\eclipse-workspace\kirol4ALL\src\main\resources\rides.temp' is opened by 27140@LAPTOP-VVQ3CHDH

[2025-05-16 20:35:39 #2 type.registry] 
New type domain.Room

[2025-05-16 20:35:39 #3 type] 
Type domain.Room is not enhanced.

[2025-05-16 20:35:39 #4 type.registry] 
New type domain.User

[2025-05-16 20:35:39 #5 type.registry] 
New type domain.Member

[2025-05-16 20:35:39 #6 type] 
Type domain.User is not enhanced.

[2025-05-16 20:35:39 #7 type] 
Type domain.Member is not enhanced.

[2025-05-16 20:35:39 #8 type.registry] 
New type domain.Manager

[2025-05-16 20:35:39 #9 type] 
Type domain.Manager is not enhanced.

[2025-05-16 20:35:39 #10 type.registry] 
New type domain.Activity

[2025-05-16 20:35:39 #11 type] 
Type domain.Activity is not enhanced.

[2025-05-16 20:35:39 #12 type.registry] 
New type domain.Session

[2025-05-16 20:35:39 #13 type] 
Type domain.Session is not enhanced.

[2025-05-16 20:35:39 #14 type.registry] 
New type domain.Reservation

[2025-05-16 20:35:39 #15 type] 
Type domain.Reservation is not enhanced.

[2025-05-16 20:35:39 #16 type.registry] 
New type java.util.ArrayList<java.lang.Object>

[2025-05-16 20:35:39 #17 type.registry] 
New type java.util.ArrayList<domain.Reservation>

[2025-05-16 20:35:52 #18 type.registry] 
New type domain.Bill

[2025-05-16 20:35:52 #19 type] 
Type domain.Bill is not enhanced.

[2025-05-16 20:35:52 #20 type.registry] 
New type java.lang.String[]

------------------------------------------------------------------------------------------------------------------------

[2025-05-16 20:36:59 #1 store] 
Database 'C:\Users\saeze\eclipse-workspace\kirol4ALL\src\main\resources\rides.temp' is opened by 18476@LAPTOP-VVQ3CHDH

[2025-05-16 20:36:59 #2 type.registry] 
New type domain.Room

[2025-05-16 20:36:59 #3 type] 
Type domain.Room is not enhanced.

[2025-05-16 20:36:59 #4 type.registry] 
New type domain.User

[2025-05-16 20:36:59 #5 type.registry] 
New type domain.Member

[2025-05-16 20:36:59 #6 type] 
Type domain.User is not enhanced.

[2025-05-16 20:36:59 #7 type] 
Type domain.Member is not enhanced.

[2025-05-16 20:36:59 #8 type.registry] 
New type domain.Manager

[2025-05-16 20:36:59 #9 type] 
Type domain.Manager is not enhanced.

[2025-05-16 20:36:59 #10 type.registry] 
New type domain.Activity

[2025-05-16 20:36:59 #11 type] 
Type domain.Activity is not enhanced.

[2025-05-16 20:36:59 #12 type.registry] 
New type domain.Session

[2025-05-16 20:36:59 #13 type] 
Type domain.Session is not enhanced.

[2025-05-16 20:36:59 #14 type.registry] 
New type domain.Reservation

[2025-05-16 20:36:59 #15 type] 
Type domain.Reservation is not enhanced.

[2025-05-16 20:36:59 #16 type.registry] 
New type java.util.ArrayList<java.lang.Object>

[2025-05-16 20:36:59 #17 type.registry] 
New type java.util.ArrayList<domain.Reservation>

[2025-05-16 20:37:11 #18 type.registry] 
New type domain.Bill

[2025-05-16 20:37:11 #19 type] 
Type domain.Bill is not enhanced.

[2025-05-16 20:37:11 #20 type.registry] 
New type java.lang.String[]

------------------------------------------------------------------------------------------------------------------------

[2025-05-16 20:38:30 #1 store] 
Database 'C:\Users\saeze\eclipse-workspace\kirol4ALL\src\main\resources\rides.temp' is opened by 5704@LAPTOP-VVQ3CHDH

[2025-05-16 20:38:30 #2 type.registry] 
New type domain.Room

[2025-05-16 20:38:30 #3 type] 
Type domain.Room is not enhanced.

[2025-05-16 20:38:30 #4 type.registry] 
New type domain.User

[2025-05-16 20:38:30 #5 type.registry] 
New type domain.Member

[2025-05-16 20:38:30 #6 type] 
Type domain.User is not enhanced.

[2025-05-16 20:38:30 #7 type] 
Type domain.Member is not enhanced.

[2025-05-16 20:38:30 #8 type.registry] 
New type domain.Manager

[2025-05-16 20:38:30 #9 type] 
Type domain.Manager is not enhanced.

[2025-05-16 20:38:30 #10 type.registry] 
New type domain.Activity

[2025-05-16 20:38:30 #11 type] 
Type domain.Activity is not enhanced.

[2025-05-16 20:38:30 #12 type.registry] 
New type domain.Session

[2025-05-16 20:38:30 #13 type] 
Type domain.Session is not enhanced.

[2025-05-16 20:38:30 #14 type.registry] 
New type domain.Reservation

[2025-05-16 20:38:30 #15 type] 
Type domain.Reservation is not enhanced.

[2025-05-16 20:38:30 #16 type.registry] 
New type java.util.ArrayList<java.lang.Object>

[2025-05-16 20:38:30 #17 type.registry] 
New type java.util.ArrayList<domain.Reservation>

------------------------------------------------------------------------------------------------------------------------

[2025-05-16 23:17:44 #1 store] 
Database 'C:\Users\saeze\git\Kirol4ALLrepo\kirol4ALL\src\main\resources\rides.temp' is opened by 33552@LAPTOP-VVQ3CHDH

[2025-05-16 23:17:44 #2 type.registry] 
New type domain.Room

[2025-05-16 23:17:44 #3 type] 
Type domain.Room is not enhanced.

[2025-05-16 23:17:44 #4 type.registry] 
New type domain.User

[2025-05-16 23:17:44 #5 type.registry] 
New type domain.Member

[2025-05-16 23:17:44 #6 type] 
Type domain.User is not enhanced.

[2025-05-16 23:17:44 #7 type] 
Type domain.Member is not enhanced.

[2025-05-16 23:17:44 #8 type.registry] 
New type domain.Manager

[2025-05-16 23:17:44 #9 type] 
Type domain.Manager is not enhanced.

[2025-05-16 23:17:44 #10 type.registry] 
New type domain.Activity

[2025-05-16 23:17:44 #11 type] 
Type domain.Activity is not enhanced.

[2025-05-16 23:17:44 #12 type.registry] 
New type domain.Session

[2025-05-16 23:17:44 #13 type] 
Type domain.Session is not enhanced.

[2025-05-16 23:17:44 #14 type.registry] 
New type domain.Reservation

[2025-05-16 23:17:44 #15 type] 
Type domain.Reservation is not enhanced.

[2025-05-16 23:17:44 #16 type.registry] 
New type java.util.ArrayList<java.lang.Object>

[2025-05-16 23:17:44 #17 type.registry] 
New type java.util.ArrayList<domain.Reservation>

