------------------------------------------------------------------------------------------------------------------------

[2025-05-19 03:35:51 #1 store] 
Database 'C:\Users\saeze\git\Kirol4ALLrepo\kirol4ALL\src\main\resources\rides.temp' is opened by 19308@LAPTOP-VVQ3CHDH

[2025-05-19 03:35:51 #2 type.registry] 
New type domain.Room

[2025-05-19 03:35:51 #3 type] 
Type domain.Room is not enhanced.

[2025-05-19 03:35:51 #4 type.registry] 
New type domain.User

[2025-05-19 03:35:51 #5 type.registry] 
New type domain.Member

[2025-05-19 03:35:51 #6 type] 
Type domain.User is not enhanced.

[2025-05-19 03:35:51 #7 type] 
Type domain.Member is not enhanced.

[2025-05-19 03:35:51 #8 type.registry] 
New type domain.Manager

[2025-05-19 03:35:51 #9 type] 
Type domain.Manager is not enhanced.

[2025-05-19 03:35:51 #10 type.registry] 
New type domain.Activity

[2025-05-19 03:35:51 #11 type] 
Type domain.Activity is not enhanced.

[2025-05-19 03:35:51 #12 type.registry] 
New type domain.Session

[2025-05-19 03:35:51 #13 type] 
Type domain.Session is not enhanced.

[2025-05-19 03:35:51 #14 type.registry] 
New type domain.Reservation

[2025-05-19 03:35:51 #15 type] 
Type domain.Reservation is not enhanced.

[2025-05-19 03:35:51 #16 type.registry] 
New type java.util.ArrayList<java.lang.Object>

[2025-05-19 03:35:51 #17 type.registry] 
New type java.util.ArrayList<domain.Reservation>

[2025-05-19 03:36:17 #18 type.registry] 
New type domain.Bill

[2025-05-19 03:36:17 #19 type] 
Type domain.Bill is not enhanced.

[2025-05-19 03:36:17 #20 type.registry] 
New type java.lang.String[]

